<?xml version="1.0" encoding="UTF-8"?>
<testsuite xmlns:xsi="http://www.w3.org/2001/XMLSchema-instance" xsi:noNamespaceSchemaLocation="https://maven.apache.org/surefire/maven-surefire-plugin/xsd/surefire-test-report.xsd" name="com.cash_flow_app.apicashflow.service.IncomeExpenseServiceTest" time="0.015" tests="8" errors="8" skipped="0" failures="0">
  <properties>
    <property name="java.specification.version" value="20"/>
    <property name="sun.jnu.encoding" value="UTF-8"/>
    <property name="java.class.path" value="/Users/andres_nino/Documents/Trabajo/Aprendizaje/spring boot/cash-flow-app/api-cash-flow/target/test-classes:/Users/andres_nino/Documents/Trabajo/Aprendizaje/spring boot/cash-flow-app/api-cash-flow/target/classes:/Users/andres_nino/.m2/repository/org/flywaydb/flyway-core/9.16.0/flyway-core-9.16.0.jar:/Users/andres_nino/.m2/repository/com/fasterxml/jackson/dataformat/jackson-dataformat-toml/2.14.2/jackson-dataformat-toml-2.14.2.jar:/Users/andres_nino/.m2/repository/org/springframework/boot/spring-boot-starter-data-jpa/3.0.6/spring-boot-starter-data-jpa-3.0.6.jar:/Users/andres_nino/.m2/repository/org/springframework/boot/spring-boot-starter-aop/3.0.6/spring-boot-starter-aop-3.0.6.jar:/Users/andres_nino/.m2/repository/org/aspectj/aspectjweaver/1.9.19/aspectjweaver-1.9.19.jar:/Users/andres_nino/.m2/repository/org/springframework/boot/spring-boot-starter-jdbc/3.0.6/spring-boot-starter-jdbc-3.0.6.jar:/Users/andres_nino/.m2/repository/com/zaxxer/HikariCP/5.0.1/HikariCP-5.0.1.jar:/Users/andres_nino/.m2/repository/org/springframework/spring-jdbc/6.0.8/spring-jdbc-6.0.8.jar:/Users/andres_nino/.m2/repository/org/hibernate/orm/hibernate-core/6.1.7.Final/hibernate-core-6.1.7.Final.jar:/Users/andres_nino/.m2/repository/jakarta/persistence/jakarta.persistence-api/3.1.0/jakarta.persistence-api-3.1.0.jar:/Users/andres_nino/.m2/repository/jakarta/transaction/jakarta.transaction-api/2.0.1/jakarta.transaction-api-2.0.1.jar:/Users/andres_nino/.m2/repository/org/jboss/logging/jboss-logging/3.5.0.Final/jboss-logging-3.5.0.Final.jar:/Users/andres_nino/.m2/repository/org/hibernate/common/hibernate-commons-annotations/6.0.6.Final/hibernate-commons-annotations-6.0.6.Final.jar:/Users/andres_nino/.m2/repository/org/jboss/jandex/2.4.2.Final/jandex-2.4.2.Final.jar:/Users/andres_nino/.m2/repository/com/fasterxml/classmate/1.5.1/classmate-1.5.1.jar:/Users/andres_nino/.m2/repository/net/bytebuddy/byte-buddy/1.12.23/byte-buddy-1.12.23.jar:/Users/andres_nino/.m2/repository/org/glassfish/jaxb/jaxb-runtime/4.0.2/jaxb-runtime-4.0.2.jar:/Users/andres_nino/.m2/repository/org/glassfish/jaxb/jaxb-core/4.0.2/jaxb-core-4.0.2.jar:/Users/andres_nino/.m2/repository/org/eclipse/angus/angus-activation/2.0.0/angus-activation-2.0.0.jar:/Users/andres_nino/.m2/repository/org/glassfish/jaxb/txw2/4.0.2/txw2-4.0.2.jar:/Users/andres_nino/.m2/repository/com/sun/istack/istack-commons-runtime/4.1.1/istack-commons-runtime-4.1.1.jar:/Users/andres_nino/.m2/repository/jakarta/inject/jakarta.inject-api/2.0.0/jakarta.inject-api-2.0.0.jar:/Users/andres_nino/.m2/repository/org/antlr/antlr4-runtime/4.10.1/antlr4-runtime-4.10.1.jar:/Users/andres_nino/.m2/repository/org/springframework/data/spring-data-jpa/3.0.5/spring-data-jpa-3.0.5.jar:/Users/andres_nino/.m2/repository/org/springframework/data/spring-data-commons/3.0.5/spring-data-commons-3.0.5.jar:/Users/andres_nino/.m2/repository/org/springframework/spring-orm/6.0.8/spring-orm-6.0.8.jar:/Users/andres_nino/.m2/repository/org/springframework/spring-context/6.0.8/spring-context-6.0.8.jar:/Users/andres_nino/.m2/repository/org/springframework/spring-tx/6.0.8/spring-tx-6.0.8.jar:/Users/andres_nino/.m2/repository/org/springframework/spring-beans/6.0.8/spring-beans-6.0.8.jar:/Users/andres_nino/.m2/repository/jakarta/annotation/jakarta.annotation-api/2.1.1/jakarta.annotation-api-2.1.1.jar:/Users/andres_nino/.m2/repository/org/slf4j/slf4j-api/2.0.7/slf4j-api-2.0.7.jar:/Users/andres_nino/.m2/repository/org/springframework/spring-aspects/6.0.8/spring-aspects-6.0.8.jar:/Users/andres_nino/.m2/repository/org/springframework/boot/spring-boot-starter-security/3.0.6/spring-boot-starter-security-3.0.6.jar:/Users/andres_nino/.m2/repository/org/springframework/boot/spring-boot-starter/3.0.6/spring-boot-starter-3.0.6.jar:/Users/andres_nino/.m2/repository/org/springframework/boot/spring-boot/3.0.6/spring-boot-3.0.6.jar:/Users/andres_nino/.m2/repository/org/springframework/boot/spring-boot-autoconfigure/3.0.6/spring-boot-autoconfigure-3.0.6.jar:/Users/andres_nino/.m2/repository/org/springframework/boot/spring-boot-starter-logging/3.0.6/spring-boot-starter-logging-3.0.6.jar:/Users/andres_nino/.m2/repository/ch/qos/logback/logback-classic/1.4.7/logback-classic-1.4.7.jar:/Users/andres_nino/.m2/repository/ch/qos/logback/logback-core/1.4.7/logback-core-1.4.7.jar:/Users/andres_nino/.m2/repository/org/apache/logging/log4j/log4j-to-slf4j/2.19.0/log4j-to-slf4j-2.19.0.jar:/Users/andres_nino/.m2/repository/org/apache/logging/log4j/log4j-api/2.19.0/log4j-api-2.19.0.jar:/Users/andres_nino/.m2/repository/org/slf4j/jul-to-slf4j/2.0.7/jul-to-slf4j-2.0.7.jar:/Users/andres_nino/.m2/repository/org/yaml/snakeyaml/1.33/snakeyaml-1.33.jar:/Users/andres_nino/.m2/repository/org/springframework/spring-aop/6.0.8/spring-aop-6.0.8.jar:/Users/andres_nino/.m2/repository/org/springframework/security/spring-security-config/6.0.3/spring-security-config-6.0.3.jar:/Users/andres_nino/.m2/repository/org/springframework/security/spring-security-web/6.0.3/spring-security-web-6.0.3.jar:/Users/andres_nino/.m2/repository/org/springframework/spring-expression/6.0.8/spring-expression-6.0.8.jar:/Users/andres_nino/.m2/repository/org/springframework/boot/spring-boot-starter-web/3.1.0/spring-boot-starter-web-3.1.0.jar:/Users/andres_nino/.m2/repository/org/springframework/boot/spring-boot-starter-json/3.0.6/spring-boot-starter-json-3.0.6.jar:/Users/andres_nino/.m2/repository/com/fasterxml/jackson/datatype/jackson-datatype-jdk8/2.14.2/jackson-datatype-jdk8-2.14.2.jar:/Users/andres_nino/.m2/repository/com/fasterxml/jackson/module/jackson-module-parameter-names/2.14.2/jackson-module-parameter-names-2.14.2.jar:/Users/andres_nino/.m2/repository/org/springframework/boot/spring-boot-starter-tomcat/3.0.6/spring-boot-starter-tomcat-3.0.6.jar:/Users/andres_nino/.m2/repository/org/apache/tomcat/embed/tomcat-embed-core/10.1.8/tomcat-embed-core-10.1.8.jar:/Users/andres_nino/.m2/repository/org/apache/tomcat/embed/tomcat-embed-el/10.1.8/tomcat-embed-el-10.1.8.jar:/Users/andres_nino/.m2/repository/org/apache/tomcat/embed/tomcat-embed-websocket/10.1.8/tomcat-embed-websocket-10.1.8.jar:/Users/andres_nino/.m2/repository/org/springframework/spring-web/6.0.8/spring-web-6.0.8.jar:/Users/andres_nino/.m2/repository/org/springframework/spring-webmvc/6.0.8/spring-webmvc-6.0.8.jar:/Users/andres_nino/.m2/repository/org/postgresql/postgresql/42.5.4/postgresql-42.5.4.jar:/Users/andres_nino/.m2/repository/org/checkerframework/checker-qual/3.5.0/checker-qual-3.5.0.jar:/Users/andres_nino/.m2/repository/org/projectlombok/lombok/1.18.26/lombok-1.18.26.jar:/Users/andres_nino/.m2/repository/org/springframework/boot/spring-boot-starter-test/3.1.0/spring-boot-starter-test-3.1.0.jar:/Users/andres_nino/.m2/repository/org/springframework/boot/spring-boot-test/3.0.6/spring-boot-test-3.0.6.jar:/Users/andres_nino/.m2/repository/org/springframework/boot/spring-boot-test-autoconfigure/3.0.6/spring-boot-test-autoconfigure-3.0.6.jar:/Users/andres_nino/.m2/repository/com/jayway/jsonpath/json-path/2.7.0/json-path-2.7.0.jar:/Users/andres_nino/.m2/repository/jakarta/xml/bind/jakarta.xml.bind-api/4.0.0/jakarta.xml.bind-api-4.0.0.jar:/Users/andres_nino/.m2/repository/jakarta/activation/jakarta.activation-api/2.1.1/jakarta.activation-api-2.1.1.jar:/Users/andres_nino/.m2/repository/net/minidev/json-smart/2.4.10/json-smart-2.4.10.jar:/Users/andres_nino/.m2/repository/net/minidev/accessors-smart/2.4.9/accessors-smart-2.4.9.jar:/Users/andres_nino/.m2/repository/org/ow2/asm/asm/9.3/asm-9.3.jar:/Users/andres_nino/.m2/repository/org/assertj/assertj-core/3.23.1/assertj-core-3.23.1.jar:/Users/andres_nino/.m2/repository/org/hamcrest/hamcrest/2.2/hamcrest-2.2.jar:/Users/andres_nino/.m2/repository/org/junit/jupiter/junit-jupiter/5.9.2/junit-jupiter-5.9.2.jar:/Users/andres_nino/.m2/repository/org/junit/jupiter/junit-jupiter-api/5.9.2/junit-jupiter-api-5.9.2.jar:/Users/andres_nino/.m2/repository/org/opentest4j/opentest4j/1.2.0/opentest4j-1.2.0.jar:/Users/andres_nino/.m2/repository/org/junit/platform/junit-platform-commons/1.9.2/junit-platform-commons-1.9.2.jar:/Users/andres_nino/.m2/repository/org/apiguardian/apiguardian-api/1.1.2/apiguardian-api-1.1.2.jar:/Users/andres_nino/.m2/repository/org/junit/jupiter/junit-jupiter-params/5.9.2/junit-jupiter-params-5.9.2.jar:/Users/andres_nino/.m2/repository/org/junit/jupiter/junit-jupiter-engine/5.9.2/junit-jupiter-engine-5.9.2.jar:/Users/andres_nino/.m2/repository/org/junit/platform/junit-platform-engine/1.9.2/junit-platform-engine-1.9.2.jar:/Users/andres_nino/.m2/repository/org/mockito/mockito-core/4.8.1/mockito-core-4.8.1.jar:/Users/andres_nino/.m2/repository/net/bytebuddy/byte-buddy-agent/1.12.23/byte-buddy-agent-1.12.23.jar:/Users/andres_nino/.m2/repository/org/objenesis/objenesis/3.2/objenesis-3.2.jar:/Users/andres_nino/.m2/repository/org/mockito/mockito-junit-jupiter/4.8.1/mockito-junit-jupiter-4.8.1.jar:/Users/andres_nino/.m2/repository/org/skyscreamer/jsonassert/1.5.1/jsonassert-1.5.1.jar:/Users/andres_nino/.m2/repository/com/vaadin/external/google/android-json/0.0.20131108.vaadin1/android-json-0.0.20131108.vaadin1.jar:/Users/andres_nino/.m2/repository/org/springframework/spring-core/6.0.8/spring-core-6.0.8.jar:/Users/andres_nino/.m2/repository/org/springframework/spring-jcl/6.0.8/spring-jcl-6.0.8.jar:/Users/andres_nino/.m2/repository/org/springframework/spring-test/6.0.8/spring-test-6.0.8.jar:/Users/andres_nino/.m2/repository/org/xmlunit/xmlunit-core/2.9.1/xmlunit-core-2.9.1.jar:/Users/andres_nino/.m2/repository/org/springframework/security/spring-security-test/6.0.3/spring-security-test-6.0.3.jar:/Users/andres_nino/.m2/repository/org/springframework/security/spring-security-core/6.0.3/spring-security-core-6.0.3.jar:/Users/andres_nino/.m2/repository/org/springframework/security/spring-security-crypto/6.0.3/spring-security-crypto-6.0.3.jar:/Users/andres_nino/.m2/repository/org/springframework/boot/spring-boot-starter-actuator/3.1.0/spring-boot-starter-actuator-3.1.0.jar:/Users/andres_nino/.m2/repository/org/springframework/boot/spring-boot-actuator-autoconfigure/3.0.6/spring-boot-actuator-autoconfigure-3.0.6.jar:/Users/andres_nino/.m2/repository/org/springframework/boot/spring-boot-actuator/3.0.6/spring-boot-actuator-3.0.6.jar:/Users/andres_nino/.m2/repository/io/micrometer/micrometer-observation/1.10.6/micrometer-observation-1.10.6.jar:/Users/andres_nino/.m2/repository/io/micrometer/micrometer-commons/1.10.6/micrometer-commons-1.10.6.jar:/Users/andres_nino/.m2/repository/io/micrometer/micrometer-core/1.10.6/micrometer-core-1.10.6.jar:/Users/andres_nino/.m2/repository/org/hdrhistogram/HdrHistogram/2.1.12/HdrHistogram-2.1.12.jar:/Users/andres_nino/.m2/repository/org/latencyutils/LatencyUtils/2.0.3/LatencyUtils-2.0.3.jar:/Users/andres_nino/.m2/repository/com/fasterxml/jackson/datatype/jackson-datatype-jsr310/2.15.2/jackson-datatype-jsr310-2.15.2.jar:/Users/andres_nino/.m2/repository/com/fasterxml/jackson/core/jackson-annotations/2.14.2/jackson-annotations-2.14.2.jar:/Users/andres_nino/.m2/repository/com/fasterxml/jackson/core/jackson-core/2.14.2/jackson-core-2.14.2.jar:/Users/andres_nino/.m2/repository/com/fasterxml/jackson/core/jackson-databind/2.14.2/jackson-databind-2.14.2.jar:/Users/andres_nino/.m2/repository/com/opencsv/opencsv/5.8/opencsv-5.8.jar:/Users/andres_nino/.m2/repository/org/apache/commons/commons-lang3/3.12.0/commons-lang3-3.12.0.jar:/Users/andres_nino/.m2/repository/org/apache/commons/commons-text/1.10.0/commons-text-1.10.0.jar:/Users/andres_nino/.m2/repository/commons-beanutils/commons-beanutils/1.9.4/commons-beanutils-1.9.4.jar:/Users/andres_nino/.m2/repository/commons-logging/commons-logging/1.2/commons-logging-1.2.jar:/Users/andres_nino/.m2/repository/commons-collections/commons-collections/3.2.2/commons-collections-3.2.2.jar:/Users/andres_nino/.m2/repository/org/apache/commons/commons-collections4/4.4/commons-collections4-4.4.jar:/Users/andres_nino/.m2/repository/io/jsonwebtoken/jjwt-api/0.11.5/jjwt-api-0.11.5.jar:/Users/andres_nino/.m2/repository/io/jsonwebtoken/jjwt-impl/0.11.5/jjwt-impl-0.11.5.jar:/Users/andres_nino/.m2/repository/io/jsonwebtoken/jjwt-jackson/0.11.5/jjwt-jackson-0.11.5.jar:"/>
    <property name="java.vm.vendor" value="Oracle Corporation"/>
    <property name="sun.arch.data.model" value="64"/>
    <property name="java.vendor.url" value="https://java.oracle.com/"/>
    <property name="os.name" value="Mac OS X"/>
    <property name="java.vm.specification.version" value="20"/>
    <property name="sun.java.launcher" value="SUN_STANDARD"/>
    <property name="user.country" value="CO"/>
    <property name="sun.boot.library.path" value="/Users/andres_nino/Library/Java/JavaVirtualMachines/openjdk-20.0.1/Contents/Home/lib"/>
    <property name="sun.java.command" value="/Users/andres_nino/Documents/Trabajo/Aprendizaje/spring boot/cash-flow-app/api-cash-flow/target/surefire/surefirebooter524870317036203424.jar /Users/andres_nino/Documents/Trabajo/Aprendizaje/spring boot/cash-flow-app/api-cash-flow/target/surefire 2023-11-28T22-11-51_105-jvmRun1 surefire15087833163684218868tmp surefire_09596658762071821841tmp"/>
    <property name="http.nonProxyHosts" value="local|*.local|169.254/16|*.169.254/16"/>
    <property name="jdk.debug" value="release"/>
    <property name="surefire.test.class.path" value="/Users/andres_nino/Documents/Trabajo/Aprendizaje/spring boot/cash-flow-app/api-cash-flow/target/test-classes:/Users/andres_nino/Documents/Trabajo/Aprendizaje/spring boot/cash-flow-app/api-cash-flow/target/classes:/Users/andres_nino/.m2/repository/org/flywaydb/flyway-core/9.16.0/flyway-core-9.16.0.jar:/Users/andres_nino/.m2/repository/com/fasterxml/jackson/dataformat/jackson-dataformat-toml/2.14.2/jackson-dataformat-toml-2.14.2.jar:/Users/andres_nino/.m2/repository/org/springframework/boot/spring-boot-starter-data-jpa/3.0.6/spring-boot-starter-data-jpa-3.0.6.jar:/Users/andres_nino/.m2/repository/org/springframework/boot/spring-boot-starter-aop/3.0.6/spring-boot-starter-aop-3.0.6.jar:/Users/andres_nino/.m2/repository/org/aspectj/aspectjweaver/1.9.19/aspectjweaver-1.9.19.jar:/Users/andres_nino/.m2/repository/org/springframework/boot/spring-boot-starter-jdbc/3.0.6/spring-boot-starter-jdbc-3.0.6.jar:/Users/andres_nino/.m2/repository/com/zaxxer/HikariCP/5.0.1/HikariCP-5.0.1.jar:/Users/andres_nino/.m2/repository/org/springframework/spring-jdbc/6.0.8/spring-jdbc-6.0.8.jar:/Users/andres_nino/.m2/repository/org/hibernate/orm/hibernate-core/6.1.7.Final/hibernate-core-6.1.7.Final.jar:/Users/andres_nino/.m2/repository/jakarta/persistence/jakarta.persistence-api/3.1.0/jakarta.persistence-api-3.1.0.jar:/Users/andres_nino/.m2/repository/jakarta/transaction/jakarta.transaction-api/2.0.1/jakarta.transaction-api-2.0.1.jar:/Users/andres_nino/.m2/repository/org/jboss/logging/jboss-logging/3.5.0.Final/jboss-logging-3.5.0.Final.jar:/Users/andres_nino/.m2/repository/org/hibernate/common/hibernate-commons-annotations/6.0.6.Final/hibernate-commons-annotations-6.0.6.Final.jar:/Users/andres_nino/.m2/repository/org/jboss/jandex/2.4.2.Final/jandex-2.4.2.Final.jar:/Users/andres_nino/.m2/repository/com/fasterxml/classmate/1.5.1/classmate-1.5.1.jar:/Users/andres_nino/.m2/repository/net/bytebuddy/byte-buddy/1.12.23/byte-buddy-1.12.23.jar:/Users/andres_nino/.m2/repository/org/glassfish/jaxb/jaxb-runtime/4.0.2/jaxb-runtime-4.0.2.jar:/Users/andres_nino/.m2/repository/org/glassfish/jaxb/jaxb-core/4.0.2/jaxb-core-4.0.2.jar:/Users/andres_nino/.m2/repository/org/eclipse/angus/angus-activation/2.0.0/angus-activation-2.0.0.jar:/Users/andres_nino/.m2/repository/org/glassfish/jaxb/txw2/4.0.2/txw2-4.0.2.jar:/Users/andres_nino/.m2/repository/com/sun/istack/istack-commons-runtime/4.1.1/istack-commons-runtime-4.1.1.jar:/Users/andres_nino/.m2/repository/jakarta/inject/jakarta.inject-api/2.0.0/jakarta.inject-api-2.0.0.jar:/Users/andres_nino/.m2/repository/org/antlr/antlr4-runtime/4.10.1/antlr4-runtime-4.10.1.jar:/Users/andres_nino/.m2/repository/org/springframework/data/spring-data-jpa/3.0.5/spring-data-jpa-3.0.5.jar:/Users/andres_nino/.m2/repository/org/springframework/data/spring-data-commons/3.0.5/spring-data-commons-3.0.5.jar:/Users/andres_nino/.m2/repository/org/springframework/spring-orm/6.0.8/spring-orm-6.0.8.jar:/Users/andres_nino/.m2/repository/org/springframework/spring-context/6.0.8/spring-context-6.0.8.jar:/Users/andres_nino/.m2/repository/org/springframework/spring-tx/6.0.8/spring-tx-6.0.8.jar:/Users/andres_nino/.m2/repository/org/springframework/spring-beans/6.0.8/spring-beans-6.0.8.jar:/Users/andres_nino/.m2/repository/jakarta/annotation/jakarta.annotation-api/2.1.1/jakarta.annotation-api-2.1.1.jar:/Users/andres_nino/.m2/repository/org/slf4j/slf4j-api/2.0.7/slf4j-api-2.0.7.jar:/Users/andres_nino/.m2/repository/org/springframework/spring-aspects/6.0.8/spring-aspects-6.0.8.jar:/Users/andres_nino/.m2/repository/org/springframework/boot/spring-boot-starter-security/3.0.6/spring-boot-starter-security-3.0.6.jar:/Users/andres_nino/.m2/repository/org/springframework/boot/spring-boot-starter/3.0.6/spring-boot-starter-3.0.6.jar:/Users/andres_nino/.m2/repository/org/springframework/boot/spring-boot/3.0.6/spring-boot-3.0.6.jar:/Users/andres_nino/.m2/repository/org/springframework/boot/spring-boot-autoconfigure/3.0.6/spring-boot-autoconfigure-3.0.6.jar:/Users/andres_nino/.m2/repository/org/springframework/boot/spring-boot-starter-logging/3.0.6/spring-boot-starter-logging-3.0.6.jar:/Users/andres_nino/.m2/repository/ch/qos/logback/logback-classic/1.4.7/logback-classic-1.4.7.jar:/Users/andres_nino/.m2/repository/ch/qos/logback/logback-core/1.4.7/logback-core-1.4.7.jar:/Users/andres_nino/.m2/repository/org/apache/logging/log4j/log4j-to-slf4j/2.19.0/log4j-to-slf4j-2.19.0.jar:/Users/andres_nino/.m2/repository/org/apache/logging/log4j/log4j-api/2.19.0/log4j-api-2.19.0.jar:/Users/andres_nino/.m2/repository/org/slf4j/jul-to-slf4j/2.0.7/jul-to-slf4j-2.0.7.jar:/Users/andres_nino/.m2/repository/org/yaml/snakeyaml/1.33/snakeyaml-1.33.jar:/Users/andres_nino/.m2/repository/org/springframework/spring-aop/6.0.8/spring-aop-6.0.8.jar:/Users/andres_nino/.m2/repository/org/springframework/security/spring-security-config/6.0.3/spring-security-config-6.0.3.jar:/Users/andres_nino/.m2/repository/org/springframework/security/spring-security-web/6.0.3/spring-security-web-6.0.3.jar:/Users/andres_nino/.m2/repository/org/springframework/spring-expression/6.0.8/spring-expression-6.0.8.jar:/Users/andres_nino/.m2/repository/org/springframework/boot/spring-boot-starter-web/3.1.0/spring-boot-starter-web-3.1.0.jar:/Users/andres_nino/.m2/repository/org/springframework/boot/spring-boot-starter-json/3.0.6/spring-boot-starter-json-3.0.6.jar:/Users/andres_nino/.m2/repository/com/fasterxml/jackson/datatype/jackson-datatype-jdk8/2.14.2/jackson-datatype-jdk8-2.14.2.jar:/Users/andres_nino/.m2/repository/com/fasterxml/jackson/module/jackson-module-parameter-names/2.14.2/jackson-module-parameter-names-2.14.2.jar:/Users/andres_nino/.m2/repository/org/springframework/boot/spring-boot-starter-tomcat/3.0.6/spring-boot-starter-tomcat-3.0.6.jar:/Users/andres_nino/.m2/repository/org/apache/tomcat/embed/tomcat-embed-core/10.1.8/tomcat-embed-core-10.1.8.jar:/Users/andres_nino/.m2/repository/org/apache/tomcat/embed/tomcat-embed-el/10.1.8/tomcat-embed-el-10.1.8.jar:/Users/andres_nino/.m2/repository/org/apache/tomcat/embed/tomcat-embed-websocket/10.1.8/tomcat-embed-websocket-10.1.8.jar:/Users/andres_nino/.m2/repository/org/springframework/spring-web/6.0.8/spring-web-6.0.8.jar:/Users/andres_nino/.m2/repository/org/springframework/spring-webmvc/6.0.8/spring-webmvc-6.0.8.jar:/Users/andres_nino/.m2/repository/org/postgresql/postgresql/42.5.4/postgresql-42.5.4.jar:/Users/andres_nino/.m2/repository/org/checkerframework/checker-qual/3.5.0/checker-qual-3.5.0.jar:/Users/andres_nino/.m2/repository/org/projectlombok/lombok/1.18.26/lombok-1.18.26.jar:/Users/andres_nino/.m2/repository/org/springframework/boot/spring-boot-starter-test/3.1.0/spring-boot-starter-test-3.1.0.jar:/Users/andres_nino/.m2/repository/org/springframework/boot/spring-boot-test/3.0.6/spring-boot-test-3.0.6.jar:/Users/andres_nino/.m2/repository/org/springframework/boot/spring-boot-test-autoconfigure/3.0.6/spring-boot-test-autoconfigure-3.0.6.jar:/Users/andres_nino/.m2/repository/com/jayway/jsonpath/json-path/2.7.0/json-path-2.7.0.jar:/Users/andres_nino/.m2/repository/jakarta/xml/bind/jakarta.xml.bind-api/4.0.0/jakarta.xml.bind-api-4.0.0.jar:/Users/andres_nino/.m2/repository/jakarta/activation/jakarta.activation-api/2.1.1/jakarta.activation-api-2.1.1.jar:/Users/andres_nino/.m2/repository/net/minidev/json-smart/2.4.10/json-smart-2.4.10.jar:/Users/andres_nino/.m2/repository/net/minidev/accessors-smart/2.4.9/accessors-smart-2.4.9.jar:/Users/andres_nino/.m2/repository/org/ow2/asm/asm/9.3/asm-9.3.jar:/Users/andres_nino/.m2/repository/org/assertj/assertj-core/3.23.1/assertj-core-3.23.1.jar:/Users/andres_nino/.m2/repository/org/hamcrest/hamcrest/2.2/hamcrest-2.2.jar:/Users/andres_nino/.m2/repository/org/junit/jupiter/junit-jupiter/5.9.2/junit-jupiter-5.9.2.jar:/Users/andres_nino/.m2/repository/org/junit/jupiter/junit-jupiter-api/5.9.2/junit-jupiter-api-5.9.2.jar:/Users/andres_nino/.m2/repository/org/opentest4j/opentest4j/1.2.0/opentest4j-1.2.0.jar:/Users/andres_nino/.m2/repository/org/junit/platform/junit-platform-commons/1.9.2/junit-platform-commons-1.9.2.jar:/Users/andres_nino/.m2/repository/org/apiguardian/apiguardian-api/1.1.2/apiguardian-api-1.1.2.jar:/Users/andres_nino/.m2/repository/org/junit/jupiter/junit-jupiter-params/5.9.2/junit-jupiter-params-5.9.2.jar:/Users/andres_nino/.m2/repository/org/junit/jupiter/junit-jupiter-engine/5.9.2/junit-jupiter-engine-5.9.2.jar:/Users/andres_nino/.m2/repository/org/junit/platform/junit-platform-engine/1.9.2/junit-platform-engine-1.9.2.jar:/Users/andres_nino/.m2/repository/org/mockito/mockito-core/4.8.1/mockito-core-4.8.1.jar:/Users/andres_nino/.m2/repository/net/bytebuddy/byte-buddy-agent/1.12.23/byte-buddy-agent-1.12.23.jar:/Users/andres_nino/.m2/repository/org/objenesis/objenesis/3.2/objenesis-3.2.jar:/Users/andres_nino/.m2/repository/org/mockito/mockito-junit-jupiter/4.8.1/mockito-junit-jupiter-4.8.1.jar:/Users/andres_nino/.m2/repository/org/skyscreamer/jsonassert/1.5.1/jsonassert-1.5.1.jar:/Users/andres_nino/.m2/repository/com/vaadin/external/google/android-json/0.0.20131108.vaadin1/android-json-0.0.20131108.vaadin1.jar:/Users/andres_nino/.m2/repository/org/springframework/spring-core/6.0.8/spring-core-6.0.8.jar:/Users/andres_nino/.m2/repository/org/springframework/spring-jcl/6.0.8/spring-jcl-6.0.8.jar:/Users/andres_nino/.m2/repository/org/springframework/spring-test/6.0.8/spring-test-6.0.8.jar:/Users/andres_nino/.m2/repository/org/xmlunit/xmlunit-core/2.9.1/xmlunit-core-2.9.1.jar:/Users/andres_nino/.m2/repository/org/springframework/security/spring-security-test/6.0.3/spring-security-test-6.0.3.jar:/Users/andres_nino/.m2/repository/org/springframework/security/spring-security-core/6.0.3/spring-security-core-6.0.3.jar:/Users/andres_nino/.m2/repository/org/springframework/security/spring-security-crypto/6.0.3/spring-security-crypto-6.0.3.jar:/Users/andres_nino/.m2/repository/org/springframework/boot/spring-boot-starter-actuator/3.1.0/spring-boot-starter-actuator-3.1.0.jar:/Users/andres_nino/.m2/repository/org/springframework/boot/spring-boot-actuator-autoconfigure/3.0.6/spring-boot-actuator-autoconfigure-3.0.6.jar:/Users/andres_nino/.m2/repository/org/springframework/boot/spring-boot-actuator/3.0.6/spring-boot-actuator-3.0.6.jar:/Users/andres_nino/.m2/repository/io/micrometer/micrometer-observation/1.10.6/micrometer-observation-1.10.6.jar:/Users/andres_nino/.m2/repository/io/micrometer/micrometer-commons/1.10.6/micrometer-commons-1.10.6.jar:/Users/andres_nino/.m2/repository/io/micrometer/micrometer-core/1.10.6/micrometer-core-1.10.6.jar:/Users/andres_nino/.m2/repository/org/hdrhistogram/HdrHistogram/2.1.12/HdrHistogram-2.1.12.jar:/Users/andres_nino/.m2/repository/org/latencyutils/LatencyUtils/2.0.3/LatencyUtils-2.0.3.jar:/Users/andres_nino/.m2/repository/com/fasterxml/jackson/datatype/jackson-datatype-jsr310/2.15.2/jackson-datatype-jsr310-2.15.2.jar:/Users/andres_nino/.m2/repository/com/fasterxml/jackson/core/jackson-annotations/2.14.2/jackson-annotations-2.14.2.jar:/Users/andres_nino/.m2/repository/com/fasterxml/jackson/core/jackson-core/2.14.2/jackson-core-2.14.2.jar:/Users/andres_nino/.m2/repository/com/fasterxml/jackson/core/jackson-databind/2.14.2/jackson-databind-2.14.2.jar:/Users/andres_nino/.m2/repository/com/opencsv/opencsv/5.8/opencsv-5.8.jar:/Users/andres_nino/.m2/repository/org/apache/commons/commons-lang3/3.12.0/commons-lang3-3.12.0.jar:/Users/andres_nino/.m2/repository/org/apache/commons/commons-text/1.10.0/commons-text-1.10.0.jar:/Users/andres_nino/.m2/repository/commons-beanutils/commons-beanutils/1.9.4/commons-beanutils-1.9.4.jar:/Users/andres_nino/.m2/repository/commons-logging/commons-logging/1.2/commons-logging-1.2.jar:/Users/andres_nino/.m2/repository/commons-collections/commons-collections/3.2.2/commons-collections-3.2.2.jar:/Users/andres_nino/.m2/repository/org/apache/commons/commons-collections4/4.4/commons-collections4-4.4.jar:/Users/andres_nino/.m2/repository/io/jsonwebtoken/jjwt-api/0.11.5/jjwt-api-0.11.5.jar:/Users/andres_nino/.m2/repository/io/jsonwebtoken/jjwt-impl/0.11.5/jjwt-impl-0.11.5.jar:/Users/andres_nino/.m2/repository/io/jsonwebtoken/jjwt-jackson/0.11.5/jjwt-jackson-0.11.5.jar:"/>
    <property name="sun.cpu.endian" value="little"/>
    <property name="user.home" value="/Users/andres_nino"/>
    <property name="user.language" value="es"/>
    <property name="java.specification.vendor" value="Oracle Corporation"/>
    <property name="java.version.date" value="2023-04-18"/>
    <property name="java.home" value="/Users/andres_nino/Library/Java/JavaVirtualMachines/openjdk-20.0.1/Contents/Home"/>
    <property name="file.separator" value="/"/>
    <property name="basedir" value="/Users/andres_nino/Documents/Trabajo/Aprendizaje/spring boot/cash-flow-app/api-cash-flow"/>
    <property name="java.vm.compressedOopsMode" value="Zero based"/>
    <property name="line.separator" value="&#10;"/>
    <property name="java.vm.specification.vendor" value="Oracle Corporation"/>
    <property name="java.specification.name" value="Java Platform API Specification"/>
    <property name="apple.awt.application.name" value="ForkedBooter"/>
    <property name="surefire.real.class.path" value="/Users/andres_nino/Documents/Trabajo/Aprendizaje/spring boot/cash-flow-app/api-cash-flow/target/surefire/surefirebooter524870317036203424.jar"/>
    <property name="sun.management.compiler" value="HotSpot 64-Bit Tiered Compilers"/>
    <property name="ftp.nonProxyHosts" value="local|*.local|169.254/16|*.169.254/16"/>
    <property name="java.runtime.version" value="20.0.1+9-29"/>
    <property name="user.name" value="andres_nino"/>
    <property name="stdout.encoding" value="US-ASCII"/>
    <property name="path.separator" value=":"/>
    <property name="os.version" value="13.6"/>
    <property name="java.runtime.name" value="OpenJDK Runtime Environment"/>
    <property name="file.encoding" value="UTF-8"/>
    <property name="java.vm.name" value="OpenJDK 64-Bit Server VM"/>
    <property name="localRepository" value="/Users/andres_nino/.m2/repository"/>
    <property name="java.vendor.url.bug" value="https://bugreport.java.com/bugreport/"/>
    <property name="java.io.tmpdir" value="/var/folders/0r/jf917p7j7pb0rny3znw98ynh0000gn/T/"/>
    <property name="idea.version" value="2023.2.3"/>
    <property name="java.version" value="20.0.1"/>
    <property name="user.dir" value="/Users/andres_nino/Documents/Trabajo/Aprendizaje/spring boot/cash-flow-app/api-cash-flow"/>
    <property name="os.arch" value="aarch64"/>
    <property name="java.vm.specification.name" value="Java Virtual Machine Specification"/>
    <property name="native.encoding" value="US-ASCII"/>
    <property name="java.library.path" value="/Users/andres_nino/Library/Java/Extensions:/Library/Java/Extensions:/Network/Library/Java/Extensions:/System/Library/Java/Extensions:/usr/lib/java:."/>
    <property name="java.vm.info" value="mixed mode, sharing"/>
    <property name="stderr.encoding" value="US-ASCII"/>
    <property name="java.vendor" value="Oracle Corporation"/>
    <property name="java.vm.version" value="20.0.1+9-29"/>
    <property name="sun.io.unicode.encoding" value="UnicodeBig"/>
    <property name="socksNonProxyHosts" value="local|*.local|169.254/16|*.169.254/16"/>
    <property name="java.class.version" value="64.0"/>
  </properties>
  <testcase name="getIncomeExpense" classname="com.cash_flow_app.apicashflow.service.IncomeExpenseServiceTest" time="0.002">
    <error message="Cannot invoke &quot;org.springframework.security.core.Authentication.getPrincipal()&quot; because the return value of &quot;org.springframework.security.core.context.SecurityContext.getAuthentication()&quot; is null" type="java.lang.NullPointerException">java.lang.NullPointerException: Cannot invoke "org.springframework.security.core.Authentication.getPrincipal()" because the return value of "org.springframework.security.core.context.SecurityContext.getAuthentication()" is null
	at com.cash_flow_app.apicashflow.service.IncomeExpenseServiceTest.setup(IncomeExpenseServiceTest.java:60)
</error>
    <system-out><![CDATA[2023-11-28T22:11:59.541-05:00 DEBUG 27472 --- [           main] .b.t.c.SpringBootTestContextBootstrapper : Neither @ContextConfiguration nor @ContextHierarchy found for test class [IncomeExpenseServiceTest]: using SpringBootContextLoader
2023-11-28T22:11:59.541-05:00 DEBUG 27472 --- [           main] o.s.t.c.support.AbstractContextLoader    : Could not detect default resource locations for test class [com.cash_flow_app.apicashflow.service.IncomeExpenseServiceTest]: no resource found for suffixes {-context.xml, Context.groovy}.
2023-11-28T22:11:59.541-05:00  INFO 27472 --- [           main] t.c.s.AnnotationConfigContextLoaderUtils : Could not detect default configuration classes for test class [com.cash_flow_app.apicashflow.service.IncomeExpenseServiceTest]: IncomeExpenseServiceTest does not declare any static, non-private, non-final, nested classes annotated with @Configuration.
2023-11-28T22:11:59.542-05:00 DEBUG 27472 --- [           main] .b.t.c.SpringBootTestContextBootstrapper : Using ContextCustomizers for test class [IncomeExpenseServiceTest]: [ExcludeFilterContextCustomizer, DuplicateJsonObjectContextCustomizer, MockitoContextCustomizer, TestRestTemplateContextCustomizer, DisableObservabilityContextCustomizer, PropertyMappingContextCustomizer, Customizer]
2023-11-28T22:11:59.542-05:00  INFO 27472 --- [           main] .b.t.c.SpringBootTestContextBootstrapper : Found @SpringBootConfiguration com.cash_flow_app.apicashflow.ApiCashFlowApplication for test class com.cash_flow_app.apicashflow.service.IncomeExpenseServiceTest
2023-11-28T22:11:59.542-05:00 DEBUG 27472 --- [           main] .b.t.c.SpringBootTestContextBootstrapper : Using TestExecutionListeners for test class [IncomeExpenseServiceTest]: [ServletTestExecutionListener, DirtiesContextBeforeModesTestExecutionListener, ApplicationEventsTestExecutionListener, MockitoTestExecutionListener, DependencyInjectionTestExecutionListener, DirtiesContextTestExecutionListener, TransactionalTestExecutionListener, SqlScriptsTestExecutionListener, EventPublishingTestExecutionListener, WithSecurityContextTestExecutionListener, ReactorContextTestExecutionListener, ResetMocksTestExecutionListener, RestDocsTestExecutionListener, MockRestServiceServerResetTestExecutionListener, MockMvcPrintOnlyOnFailureTestExecutionListener, WebDriverTestExecutionListener, MockWebServiceServerTestExecutionListener]
2023-11-28T22:11:59.542-05:00 DEBUG 27472 --- [           main] tractDirtiesContextTestExecutionListener : Before test class: class [IncomeExpenseServiceTest], class annotated with @DirtiesContext [false] with mode [null]
2023-11-28T22:11:59.542-05:00 DEBUG 27472 --- [           main] org.springframework.test.context.cache   : Spring test ApplicationContext cache statistics: [DefaultContextCache@8caffbd size = 5, maxSize = 32, parentContextCount = 0, hitCount = 542, missCount = 5]
2023-11-28T22:11:59.543-05:00 DEBUG 27472 --- [           main] org.springframework.test.context.cache   : Spring test ApplicationContext cache statistics: [DefaultContextCache@8caffbd size = 5, maxSize = 32, parentContextCount = 0, hitCount = 543, missCount = 5]
2023-11-28T22:11:59.543-05:00 DEBUG 27472 --- [           main] o.s.t.c.w.ServletTestExecutionListener   : Setting up MockHttpServletRequest, MockHttpServletResponse, ServletWebRequest, and RequestContextHolder for test class com.cash_flow_app.apicashflow.service.IncomeExpenseServiceTest
2023-11-28T22:11:59.543-05:00 DEBUG 27472 --- [           main] DependencyInjectionTestExecutionListener : Performing dependency injection for test class com.cash_flow_app.apicashflow.service.IncomeExpenseServiceTest
2023-11-28T22:11:59.543-05:00 DEBUG 27472 --- [           main] org.springframework.test.context.cache   : Spring test ApplicationContext cache statistics: [DefaultContextCache@8caffbd size = 5, maxSize = 32, parentContextCount = 0, hitCount = 544, missCount = 5]
2023-11-28T22:11:59.543-05:00 DEBUG 27472 --- [           main] org.springframework.test.context.cache   : Spring test ApplicationContext cache statistics: [DefaultContextCache@8caffbd size = 5, maxSize = 32, parentContextCount = 0, hitCount = 545, missCount = 5]
2023-11-28T22:11:59.543-05:00 DEBUG 27472 --- [           main] tractDirtiesContextTestExecutionListener : Before test method: class [IncomeExpenseServiceTest], method [getIncomeExpense], class annotated with @DirtiesContext [false] with mode [null], method annotated with @DirtiesContext [false] with mode [null]
2023-11-28T22:11:59.543-05:00 DEBUG 27472 --- [           main] t.c.t.TransactionalTestExecutionListener : Explicit transaction definition [PROPAGATION_REQUIRED,ISOLATION_DEFAULT] found for test class [com.cash_flow_app.apicashflow.service.IncomeExpenseServiceTest] and test method [getIncomeExpense]
2023-11-28T22:11:59.543-05:00 DEBUG 27472 --- [           main] org.springframework.test.context.cache   : Spring test ApplicationContext cache statistics: [DefaultContextCache@8caffbd size = 5, maxSize = 32, parentContextCount = 0, hitCount = 546, missCount = 5]
2023-11-28T22:11:59.543-05:00 DEBUG 27472 --- [           main] t.c.t.TransactionalTestExecutionListener : No method-level @Rollback override: using default rollback [true] for test method [void com.cash_flow_app.apicashflow.service.IncomeExpenseServiceTest.getIncomeExpense() throws java.io.IOException]
2023-11-28T22:11:59.543-05:00 DEBUG 27472 --- [           main] o.s.orm.jpa.JpaTransactionManager        : Creating new transaction with name [com.cash_flow_app.apicashflow.service.IncomeExpenseServiceTest.getIncomeExpense]: PROPAGATION_REQUIRED,ISOLATION_DEFAULT
2023-11-28T22:11:59.543-05:00 DEBUG 27472 --- [           main] o.s.orm.jpa.JpaTransactionManager        : Opened new EntityManager [SessionImpl(60642430<open>)] for JPA transaction
2023-11-28T22:11:59.543-05:00 DEBUG 27472 --- [           main] o.h.e.t.internal.TransactionImpl         : On TransactionImpl creation, JpaCompliance#isJpaTransactionComplianceEnabled == false
2023-11-28T22:11:59.543-05:00 DEBUG 27472 --- [           main] o.h.e.t.internal.TransactionImpl         : begin
2023-11-28T22:11:59.543-05:00 DEBUG 27472 --- [           main] org.postgresql.jdbc.PgConnection         :   setAutoCommit = false
2023-11-28T22:11:59.543-05:00 DEBUG 27472 --- [           main] o.s.orm.jpa.JpaTransactionManager        : Exposing JPA transaction as JDBC [org.springframework.orm.jpa.vendor.HibernateJpaDialect$HibernateConnectionHandle@66efaca]
2023-11-28T22:11:59.544-05:00 DEBUG 27472 --- [           main] o.s.t.c.transaction.TransactionContext   : Began transaction (1) for test class [com.cash_flow_app.apicashflow.service.IncomeExpenseServiceTest]; test method [getIncomeExpense]; transaction manager [org.springframework.orm.jpa.JpaTransactionManager@475454ae]; rollback [true]
2023-11-28T22:11:59.544-05:00 DEBUG 27472 --- [           main] org.springframework.test.context.cache   : Spring test ApplicationContext cache statistics: [DefaultContextCache@8caffbd size = 5, maxSize = 32, parentContextCount = 0, hitCount = 547, missCount = 5]
2023-11-28T22:11:59.544-05:00 DEBUG 27472 --- [           main] org.springframework.test.context.cache   : Spring test ApplicationContext cache statistics: [DefaultContextCache@8caffbd size = 5, maxSize = 32, parentContextCount = 0, hitCount = 548, missCount = 5]
2023-11-28T22:11:59.544-05:00 DEBUG 27472 --- [           main] o.s.orm.jpa.JpaTransactionManager        : Found thread-bound EntityManager [SessionImpl(60642430<open>)] for JPA transaction
2023-11-28T22:11:59.544-05:00 DEBUG 27472 --- [           main] o.s.orm.jpa.JpaTransactionManager        : Participating in existing transaction
2023-11-28T22:11:59.544-05:00 DEBUG 27472 --- [           main] o.h.j.internal.PersistenceUnitUtilImpl   : jakarta.persistence.PersistenceUnitUtil.getIdentifier is only intended to work with enhanced entities (although Hibernate also adapts this support to its proxies); however the passed entity was not enhanced (nor a proxy).. may not be able to read identifier
2023-11-28T22:11:59.544-05:00 DEBUG 27472 --- [           main] o.h.e.i.AbstractSaveEventListener        : Generated identifier: e43895c3-3c5b-4d3f-884d-cd5f0422249e, using strategy: org.hibernate.id.UUIDGenerator
2023-11-28T22:11:59.544-05:00 DEBUG 27472 --- [           main] o.s.orm.jpa.JpaTransactionManager        : Found thread-bound EntityManager [SessionImpl(60642430<open>)] for JPA transaction
2023-11-28T22:11:59.544-05:00 DEBUG 27472 --- [           main] o.s.orm.jpa.JpaTransactionManager        : Participating in existing transaction
2023-11-28T22:11:59.544-05:00 DEBUG 27472 --- [           main] o.s.orm.jpa.JpaTransactionManager        : Participating transaction failed - marking existing transaction as rollback-only
2023-11-28T22:11:59.544-05:00 DEBUG 27472 --- [           main] o.s.orm.jpa.JpaTransactionManager        : Setting JPA transaction on EntityManager [SessionImpl(60642430<open>)] rollback-only
2023-11-28T22:11:59.544-05:00 DEBUG 27472 --- [           main] cResourceLocalTransactionCoordinatorImpl : JDBC transaction marked for rollback-only (exception provided for stack trace)

java.lang.Exception: exception just for purpose of providing stack trace
	at org.hibernate.resource.transaction.backend.jdbc.internal.JdbcResourceLocalTransactionCoordinatorImpl$TransactionDriverControlImpl.markRollbackOnly(JdbcResourceLocalTransactionCoordinatorImpl.java:324) ~[hibernate-core-6.1.7.Final.jar:6.1.7.Final]
	at org.hibernate.engine.transaction.internal.TransactionImpl.markRollbackOnly(TransactionImpl.java:203) ~[hibernate-core-6.1.7.Final.jar:6.1.7.Final]
	at org.hibernate.engine.transaction.internal.TransactionImpl.setRollbackOnly(TransactionImpl.java:224) ~[hibernate-core-6.1.7.Final.jar:6.1.7.Final]
	at org.springframework.orm.jpa.JpaTransactionManager$JpaTransactionObject.setRollbackOnly(JpaTransactionManager.java:711) ~[spring-orm-6.0.8.jar:6.0.8]
	at org.springframework.orm.jpa.JpaTransactionManager.doSetRollbackOnly(JpaTransactionManager.java:610) ~[spring-orm-6.0.8.jar:6.0.8]
	at org.springframework.transaction.support.AbstractPlatformTransactionManager.processRollback(AbstractPlatformTransactionManager.java:844) ~[spring-tx-6.0.8.jar:6.0.8]
	at org.springframework.transaction.support.AbstractPlatformTransactionManager.rollback(AbstractPlatformTransactionManager.java:809) ~[spring-tx-6.0.8.jar:6.0.8]
	at org.springframework.transaction.interceptor.TransactionAspectSupport.completeTransactionAfterThrowing(TransactionAspectSupport.java:678) ~[spring-tx-6.0.8.jar:6.0.8]
	at org.springframework.transaction.interceptor.TransactionAspectSupport.invokeWithinTransaction(TransactionAspectSupport.java:395) ~[spring-tx-6.0.8.jar:6.0.8]
	at org.springframework.transaction.interceptor.TransactionInterceptor.invoke(TransactionInterceptor.java:119) ~[spring-tx-6.0.8.jar:6.0.8]
	at org.springframework.aop.framework.ReflectiveMethodInvocation.proceed(ReflectiveMethodInvocation.java:184) ~[spring-aop-6.0.8.jar:6.0.8]
	at org.springframework.aop.framework.CglibAopProxy$CglibMethodInvocation.proceed(CglibAopProxy.java:750) ~[spring-aop-6.0.8.jar:6.0.8]
	at org.springframework.aop.framework.CglibAopProxy$DynamicAdvisedInterceptor.intercept(CglibAopProxy.java:702) ~[spring-aop-6.0.8.jar:6.0.8]
	at com.cash_flow_app.apicashflow.entities_repositories_and_services.base.account.AccountService$$SpringCGLIB$$0.save(<generated>) ~[classes/:na]
	at com.cash_flow_app.apicashflow.service.IncomeExpenseServiceTest.setup(IncomeExpenseServiceTest.java:60) ~[test-classes/:na]
	at java.base/jdk.internal.reflect.DirectMethodHandleAccessor.invoke(DirectMethodHandleAccessor.java:104) ~[na:na]
	at java.base/java.lang.reflect.Method.invoke(Method.java:578) ~[na:na]
	at org.junit.platform.commons.util.ReflectionUtils.invokeMethod(ReflectionUtils.java:727) ~[junit-platform-commons-1.9.2.jar:1.9.2]
	at org.junit.jupiter.engine.execution.MethodInvocation.proceed(MethodInvocation.java:60) ~[junit-jupiter-engine-5.9.2.jar:5.9.2]
	at org.junit.jupiter.engine.execution.InvocationInterceptorChain$ValidatingInvocation.proceed(InvocationInterceptorChain.java:131) ~[junit-jupiter-engine-5.9.2.jar:5.9.2]
	at org.junit.jupiter.engine.extension.TimeoutExtension.intercept(TimeoutExtension.java:156) ~[junit-jupiter-engine-5.9.2.jar:5.9.2]
	at org.junit.jupiter.engine.extension.TimeoutExtension.interceptLifecycleMethod(TimeoutExtension.java:128) ~[junit-jupiter-engine-5.9.2.jar:5.9.2]
	at org.junit.jupiter.engine.extension.TimeoutExtension.interceptBeforeEachMethod(TimeoutExtension.java:78) ~[junit-jupiter-engine-5.9.2.jar:5.9.2]
	at org.junit.jupiter.engine.execution.InterceptingExecutableInvoker$ReflectiveInterceptorCall.lambda$ofVoidMethod$0(InterceptingExecutableInvoker.java:103) ~[junit-jupiter-engine-5.9.2.jar:5.9.2]
	at org.junit.jupiter.engine.execution.InterceptingExecutableInvoker.lambda$invoke$0(InterceptingExecutableInvoker.java:93) ~[junit-jupiter-engine-5.9.2.jar:5.9.2]
	at org.junit.jupiter.engine.execution.InvocationInterceptorChain$InterceptedInvocation.proceed(InvocationInterceptorChain.java:106) ~[junit-jupiter-engine-5.9.2.jar:5.9.2]
	at org.junit.jupiter.engine.execution.InvocationInterceptorChain.proceed(InvocationInterceptorChain.java:64) ~[junit-jupiter-engine-5.9.2.jar:5.9.2]
	at org.junit.jupiter.engine.execution.InvocationInterceptorChain.chainAndInvoke(InvocationInterceptorChain.java:45) ~[junit-jupiter-engine-5.9.2.jar:5.9.2]
	at org.junit.jupiter.engine.execution.InvocationInterceptorChain.invoke(InvocationInterceptorChain.java:37) ~[junit-jupiter-engine-5.9.2.jar:5.9.2]
	at org.junit.jupiter.engine.execution.InterceptingExecutableInvoker.invoke(InterceptingExecutableInvoker.java:92) ~[junit-jupiter-engine-5.9.2.jar:5.9.2]
	at org.junit.jupiter.engine.execution.InterceptingExecutableInvoker.invoke(InterceptingExecutableInvoker.java:86) ~[junit-jupiter-engine-5.9.2.jar:5.9.2]
	at org.junit.jupiter.engine.descriptor.ClassBasedTestDescriptor.invokeMethodInExtensionContext(ClassBasedTestDescriptor.java:520) ~[junit-jupiter-engine-5.9.2.jar:5.9.2]
	at org.junit.jupiter.engine.descriptor.ClassBasedTestDescriptor.lambda$synthesizeBeforeEachMethodAdapter$23(ClassBasedTestDescriptor.java:505) ~[junit-jupiter-engine-5.9.2.jar:5.9.2]
	at org.junit.jupiter.engine.descriptor.TestMethodTestDescriptor.lambda$invokeBeforeEachMethods$3(TestMethodTestDescriptor.java:174) ~[junit-jupiter-engine-5.9.2.jar:5.9.2]
	at org.junit.jupiter.engine.descriptor.TestMethodTestDescriptor.lambda$invokeBeforeMethodsOrCallbacksUntilExceptionOccurs$6(TestMethodTestDescriptor.java:202) ~[junit-jupiter-engine-5.9.2.jar:5.9.2]
	at org.junit.platform.engine.support.hierarchical.ThrowableCollector.execute(ThrowableCollector.java:73) ~[junit-platform-engine-1.9.2.jar:1.9.2]
	at org.junit.jupiter.engine.descriptor.TestMethodTestDescriptor.invokeBeforeMethodsOrCallbacksUntilExceptionOccurs(TestMethodTestDescriptor.java:202) ~[junit-jupiter-engine-5.9.2.jar:5.9.2]
	at org.junit.jupiter.engine.descriptor.TestMethodTestDescriptor.invokeBeforeEachMethods(TestMethodTestDescriptor.java:171) ~[junit-jupiter-engine-5.9.2.jar:5.9.2]
	at org.junit.jupiter.engine.descriptor.TestMethodTestDescriptor.execute(TestMethodTestDescriptor.java:134) ~[junit-jupiter-engine-5.9.2.jar:5.9.2]
	at org.junit.jupiter.engine.descriptor.TestMethodTestDescriptor.execute(TestMethodTestDescriptor.java:68) ~[junit-jupiter-engine-5.9.2.jar:5.9.2]
	at org.junit.platform.engine.support.hierarchical.NodeTestTask.lambda$executeRecursively$6(NodeTestTask.java:151) ~[junit-platform-engine-1.9.2.jar:1.9.2]
	at org.junit.platform.engine.support.hierarchical.ThrowableCollector.execute(ThrowableCollector.java:73) ~[junit-platform-engine-1.9.2.jar:1.9.2]
	at org.junit.platform.engine.support.hierarchical.NodeTestTask.lambda$executeRecursively$8(NodeTestTask.java:141) ~[junit-platform-engine-1.9.2.jar:1.9.2]
	at org.junit.platform.engine.support.hierarchical.Node.around(Node.java:137) ~[junit-platform-engine-1.9.2.jar:1.9.2]
	at org.junit.platform.engine.support.hierarchical.NodeTestTask.lambda$executeRecursively$9(NodeTestTask.java:139) ~[junit-platform-engine-1.9.2.jar:1.9.2]
	at org.junit.platform.engine.support.hierarchical.ThrowableCollector.execute(ThrowableCollector.java:73) ~[junit-platform-engine-1.9.2.jar:1.9.2]
	at org.junit.platform.engine.support.hierarchical.NodeTestTask.executeRecursively(NodeTestTask.java:138) ~[junit-platform-engine-1.9.2.jar:1.9.2]
	at org.junit.platform.engine.support.hierarchical.NodeTestTask.execute(NodeTestTask.java:95) ~[junit-platform-engine-1.9.2.jar:1.9.2]
	at java.base/java.util.ArrayList.forEach(ArrayList.java:1511) ~[na:na]
	at org.junit.platform.engine.support.hierarchical.SameThreadHierarchicalTestExecutorService.invokeAll(SameThreadHierarchicalTestExecutorService.java:41) ~[junit-platform-engine-1.9.2.jar:1.9.2]
	at org.junit.platform.engine.support.hierarchical.NodeTestTask.lambda$executeRecursively$6(NodeTestTask.java:155) ~[junit-platform-engine-1.9.2.jar:1.9.2]
	at org.junit.platform.engine.support.hierarchical.ThrowableCollector.execute(ThrowableCollector.java:73) ~[junit-platform-engine-1.9.2.jar:1.9.2]
	at org.junit.platform.engine.support.hierarchical.NodeTestTask.lambda$executeRecursively$8(NodeTestTask.java:141) ~[junit-platform-engine-1.9.2.jar:1.9.2]
	at org.junit.platform.engine.support.hierarchical.Node.around(Node.java:137) ~[junit-platform-engine-1.9.2.jar:1.9.2]
	at org.junit.platform.engine.support.hierarchical.NodeTestTask.lambda$executeRecursively$9(NodeTestTask.java:139) ~[junit-platform-engine-1.9.2.jar:1.9.2]
	at org.junit.platform.engine.support.hierarchical.ThrowableCollector.execute(ThrowableCollector.java:73) ~[junit-platform-engine-1.9.2.jar:1.9.2]
	at org.junit.platform.engine.support.hierarchical.NodeTestTask.executeRecursively(NodeTestTask.java:138) ~[junit-platform-engine-1.9.2.jar:1.9.2]
	at org.junit.platform.engine.support.hierarchical.NodeTestTask.execute(NodeTestTask.java:95) ~[junit-platform-engine-1.9.2.jar:1.9.2]
	at java.base/java.util.ArrayList.forEach(ArrayList.java:1511) ~[na:na]
	at org.junit.platform.engine.support.hierarchical.SameThreadHierarchicalTestExecutorService.invokeAll(SameThreadHierarchicalTestExecutorService.java:41) ~[junit-platform-engine-1.9.2.jar:1.9.2]
	at org.junit.platform.engine.support.hierarchical.NodeTestTask.lambda$executeRecursively$6(NodeTestTask.java:155) ~[junit-platform-engine-1.9.2.jar:1.9.2]
	at org.junit.platform.engine.support.hierarchical.ThrowableCollector.execute(ThrowableCollector.java:73) ~[junit-platform-engine-1.9.2.jar:1.9.2]
	at org.junit.platform.engine.support.hierarchical.NodeTestTask.lambda$executeRecursively$8(NodeTestTask.java:141) ~[junit-platform-engine-1.9.2.jar:1.9.2]
	at org.junit.platform.engine.support.hierarchical.Node.around(Node.java:137) ~[junit-platform-engine-1.9.2.jar:1.9.2]
	at org.junit.platform.engine.support.hierarchical.NodeTestTask.lambda$executeRecursively$9(NodeTestTask.java:139) ~[junit-platform-engine-1.9.2.jar:1.9.2]
	at org.junit.platform.engine.support.hierarchical.ThrowableCollector.execute(ThrowableCollector.java:73) ~[junit-platform-engine-1.9.2.jar:1.9.2]
	at org.junit.platform.engine.support.hierarchical.NodeTestTask.executeRecursively(NodeTestTask.java:138) ~[junit-platform-engine-1.9.2.jar:1.9.2]
	at org.junit.platform.engine.support.hierarchical.NodeTestTask.execute(NodeTestTask.java:95) ~[junit-platform-engine-1.9.2.jar:1.9.2]
	at org.junit.platform.engine.support.hierarchical.SameThreadHierarchicalTestExecutorService.submit(SameThreadHierarchicalTestExecutorService.java:35) ~[junit-platform-engine-1.9.2.jar:1.9.2]
	at org.junit.platform.engine.support.hierarchical.HierarchicalTestExecutor.execute(HierarchicalTestExecutor.java:57) ~[junit-platform-engine-1.9.2.jar:1.9.2]
	at org.junit.platform.engine.support.hierarchical.HierarchicalTestEngine.execute(HierarchicalTestEngine.java:54) ~[junit-platform-engine-1.9.2.jar:1.9.2]
	at org.junit.platform.launcher.core.DefaultLauncher.execute(DefaultLauncher.java:220) ~[junit-platform-launcher-1.3.1.jar:1.3.1]
	at org.junit.platform.launcher.core.DefaultLauncher.lambda$execute$6(DefaultLauncher.java:188) ~[junit-platform-launcher-1.3.1.jar:1.3.1]
	at org.junit.platform.launcher.core.DefaultLauncher.withInterceptedStreams(DefaultLauncher.java:202) ~[junit-platform-launcher-1.3.1.jar:1.3.1]
	at org.junit.platform.launcher.core.DefaultLauncher.execute(DefaultLauncher.java:181) ~[junit-platform-launcher-1.3.1.jar:1.3.1]
	at org.junit.platform.launcher.core.DefaultLauncher.execute(DefaultLauncher.java:128) ~[junit-platform-launcher-1.3.1.jar:1.3.1]
	at org.apache.maven.surefire.junitplatform.JUnitPlatformProvider.invokeAllTests(JUnitPlatformProvider.java:150) ~[surefire-junit-platform-2.22.2.jar:2.22.2]
	at org.apache.maven.surefire.junitplatform.JUnitPlatformProvider.invoke(JUnitPlatformProvider.java:124) ~[surefire-junit-platform-2.22.2.jar:2.22.2]
	at org.apache.maven.surefire.booter.ForkedBooter.invokeProviderInSameClassLoader(ForkedBooter.java:384) ~[surefire-booter-2.22.2.jar:2.22.2]
	at org.apache.maven.surefire.booter.ForkedBooter.runSuitesInProcess(ForkedBooter.java:345) ~[surefire-booter-2.22.2.jar:2.22.2]
	at org.apache.maven.surefire.booter.ForkedBooter.execute(ForkedBooter.java:126) ~[surefire-booter-2.22.2.jar:2.22.2]
	at org.apache.maven.surefire.booter.ForkedBooter.main(ForkedBooter.java:418) ~[surefire-booter-2.22.2.jar:2.22.2]

2023-11-28T22:11:59.545-05:00 DEBUG 27472 --- [           main] org.springframework.test.context.cache   : Spring test ApplicationContext cache statistics: [DefaultContextCache@8caffbd size = 5, maxSize = 32, parentContextCount = 0, hitCount = 549, missCount = 5]
2023-11-28T22:11:59.545-05:00 DEBUG 27472 --- [           main] org.springframework.test.context.cache   : Spring test ApplicationContext cache statistics: [DefaultContextCache@8caffbd size = 5, maxSize = 32, parentContextCount = 0, hitCount = 550, missCount = 5]
2023-11-28T22:11:59.545-05:00 DEBUG 27472 --- [           main] org.springframework.test.context.cache   : Spring test ApplicationContext cache statistics: [DefaultContextCache@8caffbd size = 5, maxSize = 32, parentContextCount = 0, hitCount = 551, missCount = 5]
2023-11-28T22:11:59.545-05:00 DEBUG 27472 --- [           main] org.springframework.test.context.cache   : Spring test ApplicationContext cache statistics: [DefaultContextCache@8caffbd size = 5, maxSize = 32, parentContextCount = 0, hitCount = 552, missCount = 5]
2023-11-28T22:11:59.545-05:00 DEBUG 27472 --- [           main] org.springframework.test.context.cache   : Spring test ApplicationContext cache statistics: [DefaultContextCache@8caffbd size = 5, maxSize = 32, parentContextCount = 0, hitCount = 553, missCount = 5]
2023-11-28T22:11:59.545-05:00 DEBUG 27472 --- [           main] org.springframework.test.context.cache   : Spring test ApplicationContext cache statistics: [DefaultContextCache@8caffbd size = 5, maxSize = 32, parentContextCount = 0, hitCount = 554, missCount = 5]
2023-11-28T22:11:59.545-05:00 DEBUG 27472 --- [           main] o.s.orm.jpa.JpaTransactionManager        : Initiating transaction rollback
2023-11-28T22:11:59.545-05:00 DEBUG 27472 --- [           main] o.s.orm.jpa.JpaTransactionManager        : Rolling back JPA transaction on EntityManager [SessionImpl(60642430<open>)]
2023-11-28T22:11:59.545-05:00 DEBUG 27472 --- [           main] o.h.e.t.internal.TransactionImpl         : rolling back
2023-11-28T22:11:59.545-05:00 DEBUG 27472 --- [           main] org.postgresql.jdbc.PgConnection         : Rollback requested but no transaction in progress
2023-11-28T22:11:59.545-05:00 DEBUG 27472 --- [           main] org.postgresql.jdbc.PgConnection         :   setAutoCommit = true
2023-11-28T22:11:59.545-05:00 DEBUG 27472 --- [           main] o.s.orm.jpa.JpaTransactionManager        : Closing JPA EntityManager [SessionImpl(60642430<open>)] after transaction
2023-11-28T22:11:59.545-05:00 DEBUG 27472 --- [           main] o.s.t.c.transaction.TransactionContext   : Rolled back transaction (1) for test class [com.cash_flow_app.apicashflow.service.IncomeExpenseServiceTest]; test method [getIncomeExpense]
2023-11-28T22:11:59.545-05:00 DEBUG 27472 --- [           main] tractDirtiesContextTestExecutionListener : After test method: class [IncomeExpenseServiceTest], method [getIncomeExpense], class annotated with @DirtiesContext [false] with mode [null], method annotated with @DirtiesContext [false] with mode [null]
2023-11-28T22:11:59.545-05:00 DEBUG 27472 --- [           main] o.s.t.c.w.ServletTestExecutionListener   : Resetting RequestContextHolder for test class com.cash_flow_app.apicashflow.service.IncomeExpenseServiceTest
]]></system-out>
  </testcase>
  <testcase name="getExpensesByAccountIdAndDate" classname="com.cash_flow_app.apicashflow.service.IncomeExpenseServiceTest" time="0.001">
    <error message="Cannot invoke &quot;org.springframework.security.core.Authentication.getPrincipal()&quot; because the return value of &quot;org.springframework.security.core.context.SecurityContext.getAuthentication()&quot; is null" type="java.lang.NullPointerException">java.lang.NullPointerException: Cannot invoke "org.springframework.security.core.Authentication.getPrincipal()" because the return value of "org.springframework.security.core.context.SecurityContext.getAuthentication()" is null
	at com.cash_flow_app.apicashflow.service.IncomeExpenseServiceTest.setup(IncomeExpenseServiceTest.java:60)
</error>
    <system-out><![CDATA[2023-11-28T22:11:59.545-05:00 DEBUG 27472 --- [           main] org.springframework.test.context.cache   : Spring test ApplicationContext cache statistics: [DefaultContextCache@8caffbd size = 5, maxSize = 32, parentContextCount = 0, hitCount = 555, missCount = 5]
2023-11-28T22:11:59.545-05:00 DEBUG 27472 --- [           main] o.s.t.c.w.ServletTestExecutionListener   : Setting up MockHttpServletRequest, MockHttpServletResponse, ServletWebRequest, and RequestContextHolder for test class com.cash_flow_app.apicashflow.service.IncomeExpenseServiceTest
2023-11-28T22:11:59.545-05:00 DEBUG 27472 --- [           main] DependencyInjectionTestExecutionListener : Performing dependency injection for test class com.cash_flow_app.apicashflow.service.IncomeExpenseServiceTest
2023-11-28T22:11:59.545-05:00 DEBUG 27472 --- [           main] org.springframework.test.context.cache   : Spring test ApplicationContext cache statistics: [DefaultContextCache@8caffbd size = 5, maxSize = 32, parentContextCount = 0, hitCount = 556, missCount = 5]
2023-11-28T22:11:59.545-05:00 DEBUG 27472 --- [           main] org.springframework.test.context.cache   : Spring test ApplicationContext cache statistics: [DefaultContextCache@8caffbd size = 5, maxSize = 32, parentContextCount = 0, hitCount = 557, missCount = 5]
2023-11-28T22:11:59.546-05:00 DEBUG 27472 --- [           main] tractDirtiesContextTestExecutionListener : Before test method: class [IncomeExpenseServiceTest], method [getExpensesByAccountIdAndDate], class annotated with @DirtiesContext [false] with mode [null], method annotated with @DirtiesContext [false] with mode [null]
2023-11-28T22:11:59.546-05:00 DEBUG 27472 --- [           main] t.c.t.TransactionalTestExecutionListener : Explicit transaction definition [PROPAGATION_REQUIRED,ISOLATION_DEFAULT] found for test class [com.cash_flow_app.apicashflow.service.IncomeExpenseServiceTest] and test method [getExpensesByAccountIdAndDate]
2023-11-28T22:11:59.546-05:00 DEBUG 27472 --- [           main] org.springframework.test.context.cache   : Spring test ApplicationContext cache statistics: [DefaultContextCache@8caffbd size = 5, maxSize = 32, parentContextCount = 0, hitCount = 558, missCount = 5]
2023-11-28T22:11:59.546-05:00 DEBUG 27472 --- [           main] t.c.t.TransactionalTestExecutionListener : No method-level @Rollback override: using default rollback [true] for test method [void com.cash_flow_app.apicashflow.service.IncomeExpenseServiceTest.getExpensesByAccountIdAndDate() throws java.io.IOException]
2023-11-28T22:11:59.546-05:00 DEBUG 27472 --- [           main] o.s.orm.jpa.JpaTransactionManager        : Creating new transaction with name [com.cash_flow_app.apicashflow.service.IncomeExpenseServiceTest.getExpensesByAccountIdAndDate]: PROPAGATION_REQUIRED,ISOLATION_DEFAULT
2023-11-28T22:11:59.546-05:00 DEBUG 27472 --- [           main] o.s.orm.jpa.JpaTransactionManager        : Opened new EntityManager [SessionImpl(1498629722<open>)] for JPA transaction
2023-11-28T22:11:59.546-05:00 DEBUG 27472 --- [           main] o.h.e.t.internal.TransactionImpl         : On TransactionImpl creation, JpaCompliance#isJpaTransactionComplianceEnabled == false
2023-11-28T22:11:59.546-05:00 DEBUG 27472 --- [           main] o.h.e.t.internal.TransactionImpl         : begin
2023-11-28T22:11:59.546-05:00 DEBUG 27472 --- [           main] org.postgresql.jdbc.PgConnection         :   setAutoCommit = false
2023-11-28T22:11:59.546-05:00 DEBUG 27472 --- [           main] o.s.orm.jpa.JpaTransactionManager        : Exposing JPA transaction as JDBC [org.springframework.orm.jpa.vendor.HibernateJpaDialect$HibernateConnectionHandle@3703bc7e]
2023-11-28T22:11:59.546-05:00 DEBUG 27472 --- [           main] o.s.t.c.transaction.TransactionContext   : Began transaction (1) for test class [com.cash_flow_app.apicashflow.service.IncomeExpenseServiceTest]; test method [getExpensesByAccountIdAndDate]; transaction manager [org.springframework.orm.jpa.JpaTransactionManager@475454ae]; rollback [true]
2023-11-28T22:11:59.546-05:00 DEBUG 27472 --- [           main] org.springframework.test.context.cache   : Spring test ApplicationContext cache statistics: [DefaultContextCache@8caffbd size = 5, maxSize = 32, parentContextCount = 0, hitCount = 559, missCount = 5]
2023-11-28T22:11:59.546-05:00 DEBUG 27472 --- [           main] org.springframework.test.context.cache   : Spring test ApplicationContext cache statistics: [DefaultContextCache@8caffbd size = 5, maxSize = 32, parentContextCount = 0, hitCount = 560, missCount = 5]
2023-11-28T22:11:59.546-05:00 DEBUG 27472 --- [           main] o.s.orm.jpa.JpaTransactionManager        : Found thread-bound EntityManager [SessionImpl(1498629722<open>)] for JPA transaction
2023-11-28T22:11:59.546-05:00 DEBUG 27472 --- [           main] o.s.orm.jpa.JpaTransactionManager        : Participating in existing transaction
2023-11-28T22:11:59.546-05:00 DEBUG 27472 --- [           main] o.h.j.internal.PersistenceUnitUtilImpl   : jakarta.persistence.PersistenceUnitUtil.getIdentifier is only intended to work with enhanced entities (although Hibernate also adapts this support to its proxies); however the passed entity was not enhanced (nor a proxy).. may not be able to read identifier
2023-11-28T22:11:59.546-05:00 DEBUG 27472 --- [           main] o.h.e.i.AbstractSaveEventListener        : Generated identifier: c0ba4854-fd26-4ddf-9e61-ce078322e562, using strategy: org.hibernate.id.UUIDGenerator
2023-11-28T22:11:59.546-05:00 DEBUG 27472 --- [           main] o.s.orm.jpa.JpaTransactionManager        : Found thread-bound EntityManager [SessionImpl(1498629722<open>)] for JPA transaction
2023-11-28T22:11:59.546-05:00 DEBUG 27472 --- [           main] o.s.orm.jpa.JpaTransactionManager        : Participating in existing transaction
2023-11-28T22:11:59.546-05:00 DEBUG 27472 --- [           main] o.s.orm.jpa.JpaTransactionManager        : Participating transaction failed - marking existing transaction as rollback-only
2023-11-28T22:11:59.546-05:00 DEBUG 27472 --- [           main] o.s.orm.jpa.JpaTransactionManager        : Setting JPA transaction on EntityManager [SessionImpl(1498629722<open>)] rollback-only
2023-11-28T22:11:59.546-05:00 DEBUG 27472 --- [           main] cResourceLocalTransactionCoordinatorImpl : JDBC transaction marked for rollback-only (exception provided for stack trace)

java.lang.Exception: exception just for purpose of providing stack trace
	at org.hibernate.resource.transaction.backend.jdbc.internal.JdbcResourceLocalTransactionCoordinatorImpl$TransactionDriverControlImpl.markRollbackOnly(JdbcResourceLocalTransactionCoordinatorImpl.java:324) ~[hibernate-core-6.1.7.Final.jar:6.1.7.Final]
	at org.hibernate.engine.transaction.internal.TransactionImpl.markRollbackOnly(TransactionImpl.java:203) ~[hibernate-core-6.1.7.Final.jar:6.1.7.Final]
	at org.hibernate.engine.transaction.internal.TransactionImpl.setRollbackOnly(TransactionImpl.java:224) ~[hibernate-core-6.1.7.Final.jar:6.1.7.Final]
	at org.springframework.orm.jpa.JpaTransactionManager$JpaTransactionObject.setRollbackOnly(JpaTransactionManager.java:711) ~[spring-orm-6.0.8.jar:6.0.8]
	at org.springframework.orm.jpa.JpaTransactionManager.doSetRollbackOnly(JpaTransactionManager.java:610) ~[spring-orm-6.0.8.jar:6.0.8]
	at org.springframework.transaction.support.AbstractPlatformTransactionManager.processRollback(AbstractPlatformTransactionManager.java:844) ~[spring-tx-6.0.8.jar:6.0.8]
	at org.springframework.transaction.support.AbstractPlatformTransactionManager.rollback(AbstractPlatformTransactionManager.java:809) ~[spring-tx-6.0.8.jar:6.0.8]
	at org.springframework.transaction.interceptor.TransactionAspectSupport.completeTransactionAfterThrowing(TransactionAspectSupport.java:678) ~[spring-tx-6.0.8.jar:6.0.8]
	at org.springframework.transaction.interceptor.TransactionAspectSupport.invokeWithinTransaction(TransactionAspectSupport.java:395) ~[spring-tx-6.0.8.jar:6.0.8]
	at org.springframework.transaction.interceptor.TransactionInterceptor.invoke(TransactionInterceptor.java:119) ~[spring-tx-6.0.8.jar:6.0.8]
	at org.springframework.aop.framework.ReflectiveMethodInvocation.proceed(ReflectiveMethodInvocation.java:184) ~[spring-aop-6.0.8.jar:6.0.8]
	at org.springframework.aop.framework.CglibAopProxy$CglibMethodInvocation.proceed(CglibAopProxy.java:750) ~[spring-aop-6.0.8.jar:6.0.8]
	at org.springframework.aop.framework.CglibAopProxy$DynamicAdvisedInterceptor.intercept(CglibAopProxy.java:702) ~[spring-aop-6.0.8.jar:6.0.8]
	at com.cash_flow_app.apicashflow.entities_repositories_and_services.base.account.AccountService$$SpringCGLIB$$0.save(<generated>) ~[classes/:na]
	at com.cash_flow_app.apicashflow.service.IncomeExpenseServiceTest.setup(IncomeExpenseServiceTest.java:60) ~[test-classes/:na]
	at java.base/jdk.internal.reflect.DirectMethodHandleAccessor.invoke(DirectMethodHandleAccessor.java:104) ~[na:na]
	at java.base/java.lang.reflect.Method.invoke(Method.java:578) ~[na:na]
	at org.junit.platform.commons.util.ReflectionUtils.invokeMethod(ReflectionUtils.java:727) ~[junit-platform-commons-1.9.2.jar:1.9.2]
	at org.junit.jupiter.engine.execution.MethodInvocation.proceed(MethodInvocation.java:60) ~[junit-jupiter-engine-5.9.2.jar:5.9.2]
	at org.junit.jupiter.engine.execution.InvocationInterceptorChain$ValidatingInvocation.proceed(InvocationInterceptorChain.java:131) ~[junit-jupiter-engine-5.9.2.jar:5.9.2]
	at org.junit.jupiter.engine.extension.TimeoutExtension.intercept(TimeoutExtension.java:156) ~[junit-jupiter-engine-5.9.2.jar:5.9.2]
	at org.junit.jupiter.engine.extension.TimeoutExtension.interceptLifecycleMethod(TimeoutExtension.java:128) ~[junit-jupiter-engine-5.9.2.jar:5.9.2]
	at org.junit.jupiter.engine.extension.TimeoutExtension.interceptBeforeEachMethod(TimeoutExtension.java:78) ~[junit-jupiter-engine-5.9.2.jar:5.9.2]
	at org.junit.jupiter.engine.execution.InterceptingExecutableInvoker$ReflectiveInterceptorCall.lambda$ofVoidMethod$0(InterceptingExecutableInvoker.java:103) ~[junit-jupiter-engine-5.9.2.jar:5.9.2]
	at org.junit.jupiter.engine.execution.InterceptingExecutableInvoker.lambda$invoke$0(InterceptingExecutableInvoker.java:93) ~[junit-jupiter-engine-5.9.2.jar:5.9.2]
	at org.junit.jupiter.engine.execution.InvocationInterceptorChain$InterceptedInvocation.proceed(InvocationInterceptorChain.java:106) ~[junit-jupiter-engine-5.9.2.jar:5.9.2]
	at org.junit.jupiter.engine.execution.InvocationInterceptorChain.proceed(InvocationInterceptorChain.java:64) ~[junit-jupiter-engine-5.9.2.jar:5.9.2]
	at org.junit.jupiter.engine.execution.InvocationInterceptorChain.chainAndInvoke(InvocationInterceptorChain.java:45) ~[junit-jupiter-engine-5.9.2.jar:5.9.2]
	at org.junit.jupiter.engine.execution.InvocationInterceptorChain.invoke(InvocationInterceptorChain.java:37) ~[junit-jupiter-engine-5.9.2.jar:5.9.2]
	at org.junit.jupiter.engine.execution.InterceptingExecutableInvoker.invoke(InterceptingExecutableInvoker.java:92) ~[junit-jupiter-engine-5.9.2.jar:5.9.2]
	at org.junit.jupiter.engine.execution.InterceptingExecutableInvoker.invoke(InterceptingExecutableInvoker.java:86) ~[junit-jupiter-engine-5.9.2.jar:5.9.2]
	at org.junit.jupiter.engine.descriptor.ClassBasedTestDescriptor.invokeMethodInExtensionContext(ClassBasedTestDescriptor.java:520) ~[junit-jupiter-engine-5.9.2.jar:5.9.2]
	at org.junit.jupiter.engine.descriptor.ClassBasedTestDescriptor.lambda$synthesizeBeforeEachMethodAdapter$23(ClassBasedTestDescriptor.java:505) ~[junit-jupiter-engine-5.9.2.jar:5.9.2]
	at org.junit.jupiter.engine.descriptor.TestMethodTestDescriptor.lambda$invokeBeforeEachMethods$3(TestMethodTestDescriptor.java:174) ~[junit-jupiter-engine-5.9.2.jar:5.9.2]
	at org.junit.jupiter.engine.descriptor.TestMethodTestDescriptor.lambda$invokeBeforeMethodsOrCallbacksUntilExceptionOccurs$6(TestMethodTestDescriptor.java:202) ~[junit-jupiter-engine-5.9.2.jar:5.9.2]
	at org.junit.platform.engine.support.hierarchical.ThrowableCollector.execute(ThrowableCollector.java:73) ~[junit-platform-engine-1.9.2.jar:1.9.2]
	at org.junit.jupiter.engine.descriptor.TestMethodTestDescriptor.invokeBeforeMethodsOrCallbacksUntilExceptionOccurs(TestMethodTestDescriptor.java:202) ~[junit-jupiter-engine-5.9.2.jar:5.9.2]
	at org.junit.jupiter.engine.descriptor.TestMethodTestDescriptor.invokeBeforeEachMethods(TestMethodTestDescriptor.java:171) ~[junit-jupiter-engine-5.9.2.jar:5.9.2]
	at org.junit.jupiter.engine.descriptor.TestMethodTestDescriptor.execute(TestMethodTestDescriptor.java:134) ~[junit-jupiter-engine-5.9.2.jar:5.9.2]
	at org.junit.jupiter.engine.descriptor.TestMethodTestDescriptor.execute(TestMethodTestDescriptor.java:68) ~[junit-jupiter-engine-5.9.2.jar:5.9.2]
	at org.junit.platform.engine.support.hierarchical.NodeTestTask.lambda$executeRecursively$6(NodeTestTask.java:151) ~[junit-platform-engine-1.9.2.jar:1.9.2]
	at org.junit.platform.engine.support.hierarchical.ThrowableCollector.execute(ThrowableCollector.java:73) ~[junit-platform-engine-1.9.2.jar:1.9.2]
	at org.junit.platform.engine.support.hierarchical.NodeTestTask.lambda$executeRecursively$8(NodeTestTask.java:141) ~[junit-platform-engine-1.9.2.jar:1.9.2]
	at org.junit.platform.engine.support.hierarchical.Node.around(Node.java:137) ~[junit-platform-engine-1.9.2.jar:1.9.2]
	at org.junit.platform.engine.support.hierarchical.NodeTestTask.lambda$executeRecursively$9(NodeTestTask.java:139) ~[junit-platform-engine-1.9.2.jar:1.9.2]
	at org.junit.platform.engine.support.hierarchical.ThrowableCollector.execute(ThrowableCollector.java:73) ~[junit-platform-engine-1.9.2.jar:1.9.2]
	at org.junit.platform.engine.support.hierarchical.NodeTestTask.executeRecursively(NodeTestTask.java:138) ~[junit-platform-engine-1.9.2.jar:1.9.2]
	at org.junit.platform.engine.support.hierarchical.NodeTestTask.execute(NodeTestTask.java:95) ~[junit-platform-engine-1.9.2.jar:1.9.2]
	at java.base/java.util.ArrayList.forEach(ArrayList.java:1511) ~[na:na]
	at org.junit.platform.engine.support.hierarchical.SameThreadHierarchicalTestExecutorService.invokeAll(SameThreadHierarchicalTestExecutorService.java:41) ~[junit-platform-engine-1.9.2.jar:1.9.2]
	at org.junit.platform.engine.support.hierarchical.NodeTestTask.lambda$executeRecursively$6(NodeTestTask.java:155) ~[junit-platform-engine-1.9.2.jar:1.9.2]
	at org.junit.platform.engine.support.hierarchical.ThrowableCollector.execute(ThrowableCollector.java:73) ~[junit-platform-engine-1.9.2.jar:1.9.2]
	at org.junit.platform.engine.support.hierarchical.NodeTestTask.lambda$executeRecursively$8(NodeTestTask.java:141) ~[junit-platform-engine-1.9.2.jar:1.9.2]
	at org.junit.platform.engine.support.hierarchical.Node.around(Node.java:137) ~[junit-platform-engine-1.9.2.jar:1.9.2]
	at org.junit.platform.engine.support.hierarchical.NodeTestTask.lambda$executeRecursively$9(NodeTestTask.java:139) ~[junit-platform-engine-1.9.2.jar:1.9.2]
	at org.junit.platform.engine.support.hierarchical.ThrowableCollector.execute(ThrowableCollector.java:73) ~[junit-platform-engine-1.9.2.jar:1.9.2]
	at org.junit.platform.engine.support.hierarchical.NodeTestTask.executeRecursively(NodeTestTask.java:138) ~[junit-platform-engine-1.9.2.jar:1.9.2]
	at org.junit.platform.engine.support.hierarchical.NodeTestTask.execute(NodeTestTask.java:95) ~[junit-platform-engine-1.9.2.jar:1.9.2]
	at java.base/java.util.ArrayList.forEach(ArrayList.java:1511) ~[na:na]
	at org.junit.platform.engine.support.hierarchical.SameThreadHierarchicalTestExecutorService.invokeAll(SameThreadHierarchicalTestExecutorService.java:41) ~[junit-platform-engine-1.9.2.jar:1.9.2]
	at org.junit.platform.engine.support.hierarchical.NodeTestTask.lambda$executeRecursively$6(NodeTestTask.java:155) ~[junit-platform-engine-1.9.2.jar:1.9.2]
	at org.junit.platform.engine.support.hierarchical.ThrowableCollector.execute(ThrowableCollector.java:73) ~[junit-platform-engine-1.9.2.jar:1.9.2]
	at org.junit.platform.engine.support.hierarchical.NodeTestTask.lambda$executeRecursively$8(NodeTestTask.java:141) ~[junit-platform-engine-1.9.2.jar:1.9.2]
	at org.junit.platform.engine.support.hierarchical.Node.around(Node.java:137) ~[junit-platform-engine-1.9.2.jar:1.9.2]
	at org.junit.platform.engine.support.hierarchical.NodeTestTask.lambda$executeRecursively$9(NodeTestTask.java:139) ~[junit-platform-engine-1.9.2.jar:1.9.2]
	at org.junit.platform.engine.support.hierarchical.ThrowableCollector.execute(ThrowableCollector.java:73) ~[junit-platform-engine-1.9.2.jar:1.9.2]
	at org.junit.platform.engine.support.hierarchical.NodeTestTask.executeRecursively(NodeTestTask.java:138) ~[junit-platform-engine-1.9.2.jar:1.9.2]
	at org.junit.platform.engine.support.hierarchical.NodeTestTask.execute(NodeTestTask.java:95) ~[junit-platform-engine-1.9.2.jar:1.9.2]
	at org.junit.platform.engine.support.hierarchical.SameThreadHierarchicalTestExecutorService.submit(SameThreadHierarchicalTestExecutorService.java:35) ~[junit-platform-engine-1.9.2.jar:1.9.2]
	at org.junit.platform.engine.support.hierarchical.HierarchicalTestExecutor.execute(HierarchicalTestExecutor.java:57) ~[junit-platform-engine-1.9.2.jar:1.9.2]
	at org.junit.platform.engine.support.hierarchical.HierarchicalTestEngine.execute(HierarchicalTestEngine.java:54) ~[junit-platform-engine-1.9.2.jar:1.9.2]
	at org.junit.platform.launcher.core.DefaultLauncher.execute(DefaultLauncher.java:220) ~[junit-platform-launcher-1.3.1.jar:1.3.1]
	at org.junit.platform.launcher.core.DefaultLauncher.lambda$execute$6(DefaultLauncher.java:188) ~[junit-platform-launcher-1.3.1.jar:1.3.1]
	at org.junit.platform.launcher.core.DefaultLauncher.withInterceptedStreams(DefaultLauncher.java:202) ~[junit-platform-launcher-1.3.1.jar:1.3.1]
	at org.junit.platform.launcher.core.DefaultLauncher.execute(DefaultLauncher.java:181) ~[junit-platform-launcher-1.3.1.jar:1.3.1]
	at org.junit.platform.launcher.core.DefaultLauncher.execute(DefaultLauncher.java:128) ~[junit-platform-launcher-1.3.1.jar:1.3.1]
	at org.apache.maven.surefire.junitplatform.JUnitPlatformProvider.invokeAllTests(JUnitPlatformProvider.java:150) ~[surefire-junit-platform-2.22.2.jar:2.22.2]
	at org.apache.maven.surefire.junitplatform.JUnitPlatformProvider.invoke(JUnitPlatformProvider.java:124) ~[surefire-junit-platform-2.22.2.jar:2.22.2]
	at org.apache.maven.surefire.booter.ForkedBooter.invokeProviderInSameClassLoader(ForkedBooter.java:384) ~[surefire-booter-2.22.2.jar:2.22.2]
	at org.apache.maven.surefire.booter.ForkedBooter.runSuitesInProcess(ForkedBooter.java:345) ~[surefire-booter-2.22.2.jar:2.22.2]
	at org.apache.maven.surefire.booter.ForkedBooter.execute(ForkedBooter.java:126) ~[surefire-booter-2.22.2.jar:2.22.2]
	at org.apache.maven.surefire.booter.ForkedBooter.main(ForkedBooter.java:418) ~[surefire-booter-2.22.2.jar:2.22.2]

2023-11-28T22:11:59.546-05:00 DEBUG 27472 --- [           main] org.springframework.test.context.cache   : Spring test ApplicationContext cache statistics: [DefaultContextCache@8caffbd size = 5, maxSize = 32, parentContextCount = 0, hitCount = 561, missCount = 5]
2023-11-28T22:11:59.546-05:00 DEBUG 27472 --- [           main] org.springframework.test.context.cache   : Spring test ApplicationContext cache statistics: [DefaultContextCache@8caffbd size = 5, maxSize = 32, parentContextCount = 0, hitCount = 562, missCount = 5]
2023-11-28T22:11:59.546-05:00 DEBUG 27472 --- [           main] org.springframework.test.context.cache   : Spring test ApplicationContext cache statistics: [DefaultContextCache@8caffbd size = 5, maxSize = 32, parentContextCount = 0, hitCount = 563, missCount = 5]
2023-11-28T22:11:59.547-05:00 DEBUG 27472 --- [           main] org.springframework.test.context.cache   : Spring test ApplicationContext cache statistics: [DefaultContextCache@8caffbd size = 5, maxSize = 32, parentContextCount = 0, hitCount = 564, missCount = 5]
2023-11-28T22:11:59.547-05:00 DEBUG 27472 --- [           main] org.springframework.test.context.cache   : Spring test ApplicationContext cache statistics: [DefaultContextCache@8caffbd size = 5, maxSize = 32, parentContextCount = 0, hitCount = 565, missCount = 5]
2023-11-28T22:11:59.547-05:00 DEBUG 27472 --- [           main] org.springframework.test.context.cache   : Spring test ApplicationContext cache statistics: [DefaultContextCache@8caffbd size = 5, maxSize = 32, parentContextCount = 0, hitCount = 566, missCount = 5]
2023-11-28T22:11:59.547-05:00 DEBUG 27472 --- [           main] o.s.orm.jpa.JpaTransactionManager        : Initiating transaction rollback
2023-11-28T22:11:59.547-05:00 DEBUG 27472 --- [           main] o.s.orm.jpa.JpaTransactionManager        : Rolling back JPA transaction on EntityManager [SessionImpl(1498629722<open>)]
2023-11-28T22:11:59.547-05:00 DEBUG 27472 --- [           main] o.h.e.t.internal.TransactionImpl         : rolling back
2023-11-28T22:11:59.547-05:00 DEBUG 27472 --- [           main] org.postgresql.jdbc.PgConnection         : Rollback requested but no transaction in progress
2023-11-28T22:11:59.547-05:00 DEBUG 27472 --- [           main] org.postgresql.jdbc.PgConnection         :   setAutoCommit = true
2023-11-28T22:11:59.547-05:00 DEBUG 27472 --- [           main] o.s.orm.jpa.JpaTransactionManager        : Closing JPA EntityManager [SessionImpl(1498629722<open>)] after transaction
2023-11-28T22:11:59.547-05:00 DEBUG 27472 --- [           main] o.s.t.c.transaction.TransactionContext   : Rolled back transaction (1) for test class [com.cash_flow_app.apicashflow.service.IncomeExpenseServiceTest]; test method [getExpensesByAccountIdAndDate]
2023-11-28T22:11:59.547-05:00 DEBUG 27472 --- [           main] tractDirtiesContextTestExecutionListener : After test method: class [IncomeExpenseServiceTest], method [getExpensesByAccountIdAndDate], class annotated with @DirtiesContext [false] with mode [null], method annotated with @DirtiesContext [false] with mode [null]
2023-11-28T22:11:59.547-05:00 DEBUG 27472 --- [           main] o.s.t.c.w.ServletTestExecutionListener   : Resetting RequestContextHolder for test class com.cash_flow_app.apicashflow.service.IncomeExpenseServiceTest
]]></system-out>
  </testcase>
  <testcase name="delete" classname="com.cash_flow_app.apicashflow.service.IncomeExpenseServiceTest" time="0.002">
    <error message="Cannot invoke &quot;org.springframework.security.core.Authentication.getPrincipal()&quot; because the return value of &quot;org.springframework.security.core.context.SecurityContext.getAuthentication()&quot; is null" type="java.lang.NullPointerException">java.lang.NullPointerException: Cannot invoke "org.springframework.security.core.Authentication.getPrincipal()" because the return value of "org.springframework.security.core.context.SecurityContext.getAuthentication()" is null
	at com.cash_flow_app.apicashflow.service.IncomeExpenseServiceTest.setup(IncomeExpenseServiceTest.java:60)
</error>
    <system-out><![CDATA[2023-11-28T22:11:59.547-05:00 DEBUG 27472 --- [           main] org.springframework.test.context.cache   : Spring test ApplicationContext cache statistics: [DefaultContextCache@8caffbd size = 5, maxSize = 32, parentContextCount = 0, hitCount = 567, missCount = 5]
2023-11-28T22:11:59.547-05:00 DEBUG 27472 --- [           main] o.s.t.c.w.ServletTestExecutionListener   : Setting up MockHttpServletRequest, MockHttpServletResponse, ServletWebRequest, and RequestContextHolder for test class com.cash_flow_app.apicashflow.service.IncomeExpenseServiceTest
2023-11-28T22:11:59.547-05:00 DEBUG 27472 --- [           main] DependencyInjectionTestExecutionListener : Performing dependency injection for test class com.cash_flow_app.apicashflow.service.IncomeExpenseServiceTest
2023-11-28T22:11:59.547-05:00 DEBUG 27472 --- [           main] org.springframework.test.context.cache   : Spring test ApplicationContext cache statistics: [DefaultContextCache@8caffbd size = 5, maxSize = 32, parentContextCount = 0, hitCount = 568, missCount = 5]
2023-11-28T22:11:59.547-05:00 DEBUG 27472 --- [           main] org.springframework.test.context.cache   : Spring test ApplicationContext cache statistics: [DefaultContextCache@8caffbd size = 5, maxSize = 32, parentContextCount = 0, hitCount = 569, missCount = 5]
2023-11-28T22:11:59.547-05:00 DEBUG 27472 --- [           main] tractDirtiesContextTestExecutionListener : Before test method: class [IncomeExpenseServiceTest], method [delete], class annotated with @DirtiesContext [false] with mode [null], method annotated with @DirtiesContext [false] with mode [null]
2023-11-28T22:11:59.547-05:00 DEBUG 27472 --- [           main] t.c.t.TransactionalTestExecutionListener : Explicit transaction definition [PROPAGATION_REQUIRED,ISOLATION_DEFAULT] found for test class [com.cash_flow_app.apicashflow.service.IncomeExpenseServiceTest] and test method [delete]
2023-11-28T22:11:59.547-05:00 DEBUG 27472 --- [           main] org.springframework.test.context.cache   : Spring test ApplicationContext cache statistics: [DefaultContextCache@8caffbd size = 5, maxSize = 32, parentContextCount = 0, hitCount = 570, missCount = 5]
2023-11-28T22:11:59.547-05:00 DEBUG 27472 --- [           main] t.c.t.TransactionalTestExecutionListener : No method-level @Rollback override: using default rollback [true] for test method [void com.cash_flow_app.apicashflow.service.IncomeExpenseServiceTest.delete() throws java.io.IOException]
2023-11-28T22:11:59.547-05:00 DEBUG 27472 --- [           main] o.s.orm.jpa.JpaTransactionManager        : Creating new transaction with name [com.cash_flow_app.apicashflow.service.IncomeExpenseServiceTest.delete]: PROPAGATION_REQUIRED,ISOLATION_DEFAULT
2023-11-28T22:11:59.547-05:00 DEBUG 27472 --- [           main] o.s.orm.jpa.JpaTransactionManager        : Opened new EntityManager [SessionImpl(192815346<open>)] for JPA transaction
2023-11-28T22:11:59.547-05:00 DEBUG 27472 --- [           main] o.h.e.t.internal.TransactionImpl         : On TransactionImpl creation, JpaCompliance#isJpaTransactionComplianceEnabled == false
2023-11-28T22:11:59.547-05:00 DEBUG 27472 --- [           main] o.h.e.t.internal.TransactionImpl         : begin
2023-11-28T22:11:59.547-05:00 DEBUG 27472 --- [           main] org.postgresql.jdbc.PgConnection         :   setAutoCommit = false
2023-11-28T22:11:59.547-05:00 DEBUG 27472 --- [           main] o.s.orm.jpa.JpaTransactionManager        : Exposing JPA transaction as JDBC [org.springframework.orm.jpa.vendor.HibernateJpaDialect$HibernateConnectionHandle@68344a08]
2023-11-28T22:11:59.547-05:00 DEBUG 27472 --- [           main] o.s.t.c.transaction.TransactionContext   : Began transaction (1) for test class [com.cash_flow_app.apicashflow.service.IncomeExpenseServiceTest]; test method [delete]; transaction manager [org.springframework.orm.jpa.JpaTransactionManager@475454ae]; rollback [true]
2023-11-28T22:11:59.547-05:00 DEBUG 27472 --- [           main] org.springframework.test.context.cache   : Spring test ApplicationContext cache statistics: [DefaultContextCache@8caffbd size = 5, maxSize = 32, parentContextCount = 0, hitCount = 571, missCount = 5]
2023-11-28T22:11:59.547-05:00 DEBUG 27472 --- [           main] org.springframework.test.context.cache   : Spring test ApplicationContext cache statistics: [DefaultContextCache@8caffbd size = 5, maxSize = 32, parentContextCount = 0, hitCount = 572, missCount = 5]
2023-11-28T22:11:59.548-05:00 DEBUG 27472 --- [           main] o.s.orm.jpa.JpaTransactionManager        : Found thread-bound EntityManager [SessionImpl(192815346<open>)] for JPA transaction
2023-11-28T22:11:59.548-05:00 DEBUG 27472 --- [           main] o.s.orm.jpa.JpaTransactionManager        : Participating in existing transaction
2023-11-28T22:11:59.548-05:00 DEBUG 27472 --- [           main] o.h.j.internal.PersistenceUnitUtilImpl   : jakarta.persistence.PersistenceUnitUtil.getIdentifier is only intended to work with enhanced entities (although Hibernate also adapts this support to its proxies); however the passed entity was not enhanced (nor a proxy).. may not be able to read identifier
2023-11-28T22:11:59.548-05:00 DEBUG 27472 --- [           main] o.h.e.i.AbstractSaveEventListener        : Generated identifier: 5eeafafa-8abe-4100-bebc-c27ef936a694, using strategy: org.hibernate.id.UUIDGenerator
2023-11-28T22:11:59.548-05:00 DEBUG 27472 --- [           main] o.s.orm.jpa.JpaTransactionManager        : Found thread-bound EntityManager [SessionImpl(192815346<open>)] for JPA transaction
2023-11-28T22:11:59.548-05:00 DEBUG 27472 --- [           main] o.s.orm.jpa.JpaTransactionManager        : Participating in existing transaction
2023-11-28T22:11:59.548-05:00 DEBUG 27472 --- [           main] o.s.orm.jpa.JpaTransactionManager        : Participating transaction failed - marking existing transaction as rollback-only
2023-11-28T22:11:59.548-05:00 DEBUG 27472 --- [           main] o.s.orm.jpa.JpaTransactionManager        : Setting JPA transaction on EntityManager [SessionImpl(192815346<open>)] rollback-only
2023-11-28T22:11:59.548-05:00 DEBUG 27472 --- [           main] cResourceLocalTransactionCoordinatorImpl : JDBC transaction marked for rollback-only (exception provided for stack trace)

java.lang.Exception: exception just for purpose of providing stack trace
	at org.hibernate.resource.transaction.backend.jdbc.internal.JdbcResourceLocalTransactionCoordinatorImpl$TransactionDriverControlImpl.markRollbackOnly(JdbcResourceLocalTransactionCoordinatorImpl.java:324) ~[hibernate-core-6.1.7.Final.jar:6.1.7.Final]
	at org.hibernate.engine.transaction.internal.TransactionImpl.markRollbackOnly(TransactionImpl.java:203) ~[hibernate-core-6.1.7.Final.jar:6.1.7.Final]
	at org.hibernate.engine.transaction.internal.TransactionImpl.setRollbackOnly(TransactionImpl.java:224) ~[hibernate-core-6.1.7.Final.jar:6.1.7.Final]
	at org.springframework.orm.jpa.JpaTransactionManager$JpaTransactionObject.setRollbackOnly(JpaTransactionManager.java:711) ~[spring-orm-6.0.8.jar:6.0.8]
	at org.springframework.orm.jpa.JpaTransactionManager.doSetRollbackOnly(JpaTransactionManager.java:610) ~[spring-orm-6.0.8.jar:6.0.8]
	at org.springframework.transaction.support.AbstractPlatformTransactionManager.processRollback(AbstractPlatformTransactionManager.java:844) ~[spring-tx-6.0.8.jar:6.0.8]
	at org.springframework.transaction.support.AbstractPlatformTransactionManager.rollback(AbstractPlatformTransactionManager.java:809) ~[spring-tx-6.0.8.jar:6.0.8]
	at org.springframework.transaction.interceptor.TransactionAspectSupport.completeTransactionAfterThrowing(TransactionAspectSupport.java:678) ~[spring-tx-6.0.8.jar:6.0.8]
	at org.springframework.transaction.interceptor.TransactionAspectSupport.invokeWithinTransaction(TransactionAspectSupport.java:395) ~[spring-tx-6.0.8.jar:6.0.8]
	at org.springframework.transaction.interceptor.TransactionInterceptor.invoke(TransactionInterceptor.java:119) ~[spring-tx-6.0.8.jar:6.0.8]
	at org.springframework.aop.framework.ReflectiveMethodInvocation.proceed(ReflectiveMethodInvocation.java:184) ~[spring-aop-6.0.8.jar:6.0.8]
	at org.springframework.aop.framework.CglibAopProxy$CglibMethodInvocation.proceed(CglibAopProxy.java:750) ~[spring-aop-6.0.8.jar:6.0.8]
	at org.springframework.aop.framework.CglibAopProxy$DynamicAdvisedInterceptor.intercept(CglibAopProxy.java:702) ~[spring-aop-6.0.8.jar:6.0.8]
	at com.cash_flow_app.apicashflow.entities_repositories_and_services.base.account.AccountService$$SpringCGLIB$$0.save(<generated>) ~[classes/:na]
	at com.cash_flow_app.apicashflow.service.IncomeExpenseServiceTest.setup(IncomeExpenseServiceTest.java:60) ~[test-classes/:na]
	at java.base/jdk.internal.reflect.DirectMethodHandleAccessor.invoke(DirectMethodHandleAccessor.java:104) ~[na:na]
	at java.base/java.lang.reflect.Method.invoke(Method.java:578) ~[na:na]
	at org.junit.platform.commons.util.ReflectionUtils.invokeMethod(ReflectionUtils.java:727) ~[junit-platform-commons-1.9.2.jar:1.9.2]
	at org.junit.jupiter.engine.execution.MethodInvocation.proceed(MethodInvocation.java:60) ~[junit-jupiter-engine-5.9.2.jar:5.9.2]
	at org.junit.jupiter.engine.execution.InvocationInterceptorChain$ValidatingInvocation.proceed(InvocationInterceptorChain.java:131) ~[junit-jupiter-engine-5.9.2.jar:5.9.2]
	at org.junit.jupiter.engine.extension.TimeoutExtension.intercept(TimeoutExtension.java:156) ~[junit-jupiter-engine-5.9.2.jar:5.9.2]
	at org.junit.jupiter.engine.extension.TimeoutExtension.interceptLifecycleMethod(TimeoutExtension.java:128) ~[junit-jupiter-engine-5.9.2.jar:5.9.2]
	at org.junit.jupiter.engine.extension.TimeoutExtension.interceptBeforeEachMethod(TimeoutExtension.java:78) ~[junit-jupiter-engine-5.9.2.jar:5.9.2]
	at org.junit.jupiter.engine.execution.InterceptingExecutableInvoker$ReflectiveInterceptorCall.lambda$ofVoidMethod$0(InterceptingExecutableInvoker.java:103) ~[junit-jupiter-engine-5.9.2.jar:5.9.2]
	at org.junit.jupiter.engine.execution.InterceptingExecutableInvoker.lambda$invoke$0(InterceptingExecutableInvoker.java:93) ~[junit-jupiter-engine-5.9.2.jar:5.9.2]
	at org.junit.jupiter.engine.execution.InvocationInterceptorChain$InterceptedInvocation.proceed(InvocationInterceptorChain.java:106) ~[junit-jupiter-engine-5.9.2.jar:5.9.2]
	at org.junit.jupiter.engine.execution.InvocationInterceptorChain.proceed(InvocationInterceptorChain.java:64) ~[junit-jupiter-engine-5.9.2.jar:5.9.2]
	at org.junit.jupiter.engine.execution.InvocationInterceptorChain.chainAndInvoke(InvocationInterceptorChain.java:45) ~[junit-jupiter-engine-5.9.2.jar:5.9.2]
	at org.junit.jupiter.engine.execution.InvocationInterceptorChain.invoke(InvocationInterceptorChain.java:37) ~[junit-jupiter-engine-5.9.2.jar:5.9.2]
	at org.junit.jupiter.engine.execution.InterceptingExecutableInvoker.invoke(InterceptingExecutableInvoker.java:92) ~[junit-jupiter-engine-5.9.2.jar:5.9.2]
	at org.junit.jupiter.engine.execution.InterceptingExecutableInvoker.invoke(InterceptingExecutableInvoker.java:86) ~[junit-jupiter-engine-5.9.2.jar:5.9.2]
	at org.junit.jupiter.engine.descriptor.ClassBasedTestDescriptor.invokeMethodInExtensionContext(ClassBasedTestDescriptor.java:520) ~[junit-jupiter-engine-5.9.2.jar:5.9.2]
	at org.junit.jupiter.engine.descriptor.ClassBasedTestDescriptor.lambda$synthesizeBeforeEachMethodAdapter$23(ClassBasedTestDescriptor.java:505) ~[junit-jupiter-engine-5.9.2.jar:5.9.2]
	at org.junit.jupiter.engine.descriptor.TestMethodTestDescriptor.lambda$invokeBeforeEachMethods$3(TestMethodTestDescriptor.java:174) ~[junit-jupiter-engine-5.9.2.jar:5.9.2]
	at org.junit.jupiter.engine.descriptor.TestMethodTestDescriptor.lambda$invokeBeforeMethodsOrCallbacksUntilExceptionOccurs$6(TestMethodTestDescriptor.java:202) ~[junit-jupiter-engine-5.9.2.jar:5.9.2]
	at org.junit.platform.engine.support.hierarchical.ThrowableCollector.execute(ThrowableCollector.java:73) ~[junit-platform-engine-1.9.2.jar:1.9.2]
	at org.junit.jupiter.engine.descriptor.TestMethodTestDescriptor.invokeBeforeMethodsOrCallbacksUntilExceptionOccurs(TestMethodTestDescriptor.java:202) ~[junit-jupiter-engine-5.9.2.jar:5.9.2]
	at org.junit.jupiter.engine.descriptor.TestMethodTestDescriptor.invokeBeforeEachMethods(TestMethodTestDescriptor.java:171) ~[junit-jupiter-engine-5.9.2.jar:5.9.2]
	at org.junit.jupiter.engine.descriptor.TestMethodTestDescriptor.execute(TestMethodTestDescriptor.java:134) ~[junit-jupiter-engine-5.9.2.jar:5.9.2]
	at org.junit.jupiter.engine.descriptor.TestMethodTestDescriptor.execute(TestMethodTestDescriptor.java:68) ~[junit-jupiter-engine-5.9.2.jar:5.9.2]
	at org.junit.platform.engine.support.hierarchical.NodeTestTask.lambda$executeRecursively$6(NodeTestTask.java:151) ~[junit-platform-engine-1.9.2.jar:1.9.2]
	at org.junit.platform.engine.support.hierarchical.ThrowableCollector.execute(ThrowableCollector.java:73) ~[junit-platform-engine-1.9.2.jar:1.9.2]
	at org.junit.platform.engine.support.hierarchical.NodeTestTask.lambda$executeRecursively$8(NodeTestTask.java:141) ~[junit-platform-engine-1.9.2.jar:1.9.2]
	at org.junit.platform.engine.support.hierarchical.Node.around(Node.java:137) ~[junit-platform-engine-1.9.2.jar:1.9.2]
	at org.junit.platform.engine.support.hierarchical.NodeTestTask.lambda$executeRecursively$9(NodeTestTask.java:139) ~[junit-platform-engine-1.9.2.jar:1.9.2]
	at org.junit.platform.engine.support.hierarchical.ThrowableCollector.execute(ThrowableCollector.java:73) ~[junit-platform-engine-1.9.2.jar:1.9.2]
	at org.junit.platform.engine.support.hierarchical.NodeTestTask.executeRecursively(NodeTestTask.java:138) ~[junit-platform-engine-1.9.2.jar:1.9.2]
	at org.junit.platform.engine.support.hierarchical.NodeTestTask.execute(NodeTestTask.java:95) ~[junit-platform-engine-1.9.2.jar:1.9.2]
	at java.base/java.util.ArrayList.forEach(ArrayList.java:1511) ~[na:na]
	at org.junit.platform.engine.support.hierarchical.SameThreadHierarchicalTestExecutorService.invokeAll(SameThreadHierarchicalTestExecutorService.java:41) ~[junit-platform-engine-1.9.2.jar:1.9.2]
	at org.junit.platform.engine.support.hierarchical.NodeTestTask.lambda$executeRecursively$6(NodeTestTask.java:155) ~[junit-platform-engine-1.9.2.jar:1.9.2]
	at org.junit.platform.engine.support.hierarchical.ThrowableCollector.execute(ThrowableCollector.java:73) ~[junit-platform-engine-1.9.2.jar:1.9.2]
	at org.junit.platform.engine.support.hierarchical.NodeTestTask.lambda$executeRecursively$8(NodeTestTask.java:141) ~[junit-platform-engine-1.9.2.jar:1.9.2]
	at org.junit.platform.engine.support.hierarchical.Node.around(Node.java:137) ~[junit-platform-engine-1.9.2.jar:1.9.2]
	at org.junit.platform.engine.support.hierarchical.NodeTestTask.lambda$executeRecursively$9(NodeTestTask.java:139) ~[junit-platform-engine-1.9.2.jar:1.9.2]
	at org.junit.platform.engine.support.hierarchical.ThrowableCollector.execute(ThrowableCollector.java:73) ~[junit-platform-engine-1.9.2.jar:1.9.2]
	at org.junit.platform.engine.support.hierarchical.NodeTestTask.executeRecursively(NodeTestTask.java:138) ~[junit-platform-engine-1.9.2.jar:1.9.2]
	at org.junit.platform.engine.support.hierarchical.NodeTestTask.execute(NodeTestTask.java:95) ~[junit-platform-engine-1.9.2.jar:1.9.2]
	at java.base/java.util.ArrayList.forEach(ArrayList.java:1511) ~[na:na]
	at org.junit.platform.engine.support.hierarchical.SameThreadHierarchicalTestExecutorService.invokeAll(SameThreadHierarchicalTestExecutorService.java:41) ~[junit-platform-engine-1.9.2.jar:1.9.2]
	at org.junit.platform.engine.support.hierarchical.NodeTestTask.lambda$executeRecursively$6(NodeTestTask.java:155) ~[junit-platform-engine-1.9.2.jar:1.9.2]
	at org.junit.platform.engine.support.hierarchical.ThrowableCollector.execute(ThrowableCollector.java:73) ~[junit-platform-engine-1.9.2.jar:1.9.2]
	at org.junit.platform.engine.support.hierarchical.NodeTestTask.lambda$executeRecursively$8(NodeTestTask.java:141) ~[junit-platform-engine-1.9.2.jar:1.9.2]
	at org.junit.platform.engine.support.hierarchical.Node.around(Node.java:137) ~[junit-platform-engine-1.9.2.jar:1.9.2]
	at org.junit.platform.engine.support.hierarchical.NodeTestTask.lambda$executeRecursively$9(NodeTestTask.java:139) ~[junit-platform-engine-1.9.2.jar:1.9.2]
	at org.junit.platform.engine.support.hierarchical.ThrowableCollector.execute(ThrowableCollector.java:73) ~[junit-platform-engine-1.9.2.jar:1.9.2]
	at org.junit.platform.engine.support.hierarchical.NodeTestTask.executeRecursively(NodeTestTask.java:138) ~[junit-platform-engine-1.9.2.jar:1.9.2]
	at org.junit.platform.engine.support.hierarchical.NodeTestTask.execute(NodeTestTask.java:95) ~[junit-platform-engine-1.9.2.jar:1.9.2]
	at org.junit.platform.engine.support.hierarchical.SameThreadHierarchicalTestExecutorService.submit(SameThreadHierarchicalTestExecutorService.java:35) ~[junit-platform-engine-1.9.2.jar:1.9.2]
	at org.junit.platform.engine.support.hierarchical.HierarchicalTestExecutor.execute(HierarchicalTestExecutor.java:57) ~[junit-platform-engine-1.9.2.jar:1.9.2]
	at org.junit.platform.engine.support.hierarchical.HierarchicalTestEngine.execute(HierarchicalTestEngine.java:54) ~[junit-platform-engine-1.9.2.jar:1.9.2]
	at org.junit.platform.launcher.core.DefaultLauncher.execute(DefaultLauncher.java:220) ~[junit-platform-launcher-1.3.1.jar:1.3.1]
	at org.junit.platform.launcher.core.DefaultLauncher.lambda$execute$6(DefaultLauncher.java:188) ~[junit-platform-launcher-1.3.1.jar:1.3.1]
	at org.junit.platform.launcher.core.DefaultLauncher.withInterceptedStreams(DefaultLauncher.java:202) ~[junit-platform-launcher-1.3.1.jar:1.3.1]
	at org.junit.platform.launcher.core.DefaultLauncher.execute(DefaultLauncher.java:181) ~[junit-platform-launcher-1.3.1.jar:1.3.1]
	at org.junit.platform.launcher.core.DefaultLauncher.execute(DefaultLauncher.java:128) ~[junit-platform-launcher-1.3.1.jar:1.3.1]
	at org.apache.maven.surefire.junitplatform.JUnitPlatformProvider.invokeAllTests(JUnitPlatformProvider.java:150) ~[surefire-junit-platform-2.22.2.jar:2.22.2]
	at org.apache.maven.surefire.junitplatform.JUnitPlatformProvider.invoke(JUnitPlatformProvider.java:124) ~[surefire-junit-platform-2.22.2.jar:2.22.2]
	at org.apache.maven.surefire.booter.ForkedBooter.invokeProviderInSameClassLoader(ForkedBooter.java:384) ~[surefire-booter-2.22.2.jar:2.22.2]
	at org.apache.maven.surefire.booter.ForkedBooter.runSuitesInProcess(ForkedBooter.java:345) ~[surefire-booter-2.22.2.jar:2.22.2]
	at org.apache.maven.surefire.booter.ForkedBooter.execute(ForkedBooter.java:126) ~[surefire-booter-2.22.2.jar:2.22.2]
	at org.apache.maven.surefire.booter.ForkedBooter.main(ForkedBooter.java:418) ~[surefire-booter-2.22.2.jar:2.22.2]

2023-11-28T22:11:59.548-05:00 DEBUG 27472 --- [           main] org.springframework.test.context.cache   : Spring test ApplicationContext cache statistics: [DefaultContextCache@8caffbd size = 5, maxSize = 32, parentContextCount = 0, hitCount = 573, missCount = 5]
2023-11-28T22:11:59.548-05:00 DEBUG 27472 --- [           main] org.springframework.test.context.cache   : Spring test ApplicationContext cache statistics: [DefaultContextCache@8caffbd size = 5, maxSize = 32, parentContextCount = 0, hitCount = 574, missCount = 5]
2023-11-28T22:11:59.548-05:00 DEBUG 27472 --- [           main] org.springframework.test.context.cache   : Spring test ApplicationContext cache statistics: [DefaultContextCache@8caffbd size = 5, maxSize = 32, parentContextCount = 0, hitCount = 575, missCount = 5]
2023-11-28T22:11:59.548-05:00 DEBUG 27472 --- [           main] org.springframework.test.context.cache   : Spring test ApplicationContext cache statistics: [DefaultContextCache@8caffbd size = 5, maxSize = 32, parentContextCount = 0, hitCount = 576, missCount = 5]
2023-11-28T22:11:59.549-05:00 DEBUG 27472 --- [           main] org.springframework.test.context.cache   : Spring test ApplicationContext cache statistics: [DefaultContextCache@8caffbd size = 5, maxSize = 32, parentContextCount = 0, hitCount = 577, missCount = 5]
2023-11-28T22:11:59.549-05:00 DEBUG 27472 --- [           main] org.springframework.test.context.cache   : Spring test ApplicationContext cache statistics: [DefaultContextCache@8caffbd size = 5, maxSize = 32, parentContextCount = 0, hitCount = 578, missCount = 5]
2023-11-28T22:11:59.549-05:00 DEBUG 27472 --- [           main] o.s.orm.jpa.JpaTransactionManager        : Initiating transaction rollback
2023-11-28T22:11:59.549-05:00 DEBUG 27472 --- [           main] o.s.orm.jpa.JpaTransactionManager        : Rolling back JPA transaction on EntityManager [SessionImpl(192815346<open>)]
2023-11-28T22:11:59.549-05:00 DEBUG 27472 --- [           main] o.h.e.t.internal.TransactionImpl         : rolling back
2023-11-28T22:11:59.549-05:00 DEBUG 27472 --- [           main] org.postgresql.jdbc.PgConnection         : Rollback requested but no transaction in progress
2023-11-28T22:11:59.549-05:00 DEBUG 27472 --- [           main] org.postgresql.jdbc.PgConnection         :   setAutoCommit = true
2023-11-28T22:11:59.549-05:00 DEBUG 27472 --- [           main] o.s.orm.jpa.JpaTransactionManager        : Closing JPA EntityManager [SessionImpl(192815346<open>)] after transaction
2023-11-28T22:11:59.549-05:00 DEBUG 27472 --- [           main] o.s.t.c.transaction.TransactionContext   : Rolled back transaction (1) for test class [com.cash_flow_app.apicashflow.service.IncomeExpenseServiceTest]; test method [delete]
2023-11-28T22:11:59.549-05:00 DEBUG 27472 --- [           main] tractDirtiesContextTestExecutionListener : After test method: class [IncomeExpenseServiceTest], method [delete], class annotated with @DirtiesContext [false] with mode [null], method annotated with @DirtiesContext [false] with mode [null]
2023-11-28T22:11:59.549-05:00 DEBUG 27472 --- [           main] o.s.t.c.w.ServletTestExecutionListener   : Resetting RequestContextHolder for test class com.cash_flow_app.apicashflow.service.IncomeExpenseServiceTest
]]></system-out>
  </testcase>
  <testcase name="getTotalIncomesExpenses" classname="com.cash_flow_app.apicashflow.service.IncomeExpenseServiceTest" time="0.002">
    <error message="Cannot invoke &quot;org.springframework.security.core.Authentication.getPrincipal()&quot; because the return value of &quot;org.springframework.security.core.context.SecurityContext.getAuthentication()&quot; is null" type="java.lang.NullPointerException">java.lang.NullPointerException: Cannot invoke "org.springframework.security.core.Authentication.getPrincipal()" because the return value of "org.springframework.security.core.context.SecurityContext.getAuthentication()" is null
	at com.cash_flow_app.apicashflow.service.IncomeExpenseServiceTest.setup(IncomeExpenseServiceTest.java:60)
</error>
    <system-out><![CDATA[2023-11-28T22:11:59.549-05:00 DEBUG 27472 --- [           main] org.springframework.test.context.cache   : Spring test ApplicationContext cache statistics: [DefaultContextCache@8caffbd size = 5, maxSize = 32, parentContextCount = 0, hitCount = 579, missCount = 5]
2023-11-28T22:11:59.549-05:00 DEBUG 27472 --- [           main] o.s.t.c.w.ServletTestExecutionListener   : Setting up MockHttpServletRequest, MockHttpServletResponse, ServletWebRequest, and RequestContextHolder for test class com.cash_flow_app.apicashflow.service.IncomeExpenseServiceTest
2023-11-28T22:11:59.549-05:00 DEBUG 27472 --- [           main] DependencyInjectionTestExecutionListener : Performing dependency injection for test class com.cash_flow_app.apicashflow.service.IncomeExpenseServiceTest
2023-11-28T22:11:59.549-05:00 DEBUG 27472 --- [           main] org.springframework.test.context.cache   : Spring test ApplicationContext cache statistics: [DefaultContextCache@8caffbd size = 5, maxSize = 32, parentContextCount = 0, hitCount = 580, missCount = 5]
2023-11-28T22:11:59.549-05:00 DEBUG 27472 --- [           main] org.springframework.test.context.cache   : Spring test ApplicationContext cache statistics: [DefaultContextCache@8caffbd size = 5, maxSize = 32, parentContextCount = 0, hitCount = 581, missCount = 5]
2023-11-28T22:11:59.549-05:00 DEBUG 27472 --- [           main] tractDirtiesContextTestExecutionListener : Before test method: class [IncomeExpenseServiceTest], method [getTotalIncomesExpenses], class annotated with @DirtiesContext [false] with mode [null], method annotated with @DirtiesContext [false] with mode [null]
2023-11-28T22:11:59.549-05:00 DEBUG 27472 --- [           main] t.c.t.TransactionalTestExecutionListener : Explicit transaction definition [PROPAGATION_REQUIRED,ISOLATION_DEFAULT] found for test class [com.cash_flow_app.apicashflow.service.IncomeExpenseServiceTest] and test method [getTotalIncomesExpenses]
2023-11-28T22:11:59.549-05:00 DEBUG 27472 --- [           main] org.springframework.test.context.cache   : Spring test ApplicationContext cache statistics: [DefaultContextCache@8caffbd size = 5, maxSize = 32, parentContextCount = 0, hitCount = 582, missCount = 5]
2023-11-28T22:11:59.549-05:00 DEBUG 27472 --- [           main] t.c.t.TransactionalTestExecutionListener : No method-level @Rollback override: using default rollback [true] for test method [void com.cash_flow_app.apicashflow.service.IncomeExpenseServiceTest.getTotalIncomesExpenses() throws java.io.IOException]
2023-11-28T22:11:59.549-05:00 DEBUG 27472 --- [           main] o.s.orm.jpa.JpaTransactionManager        : Creating new transaction with name [com.cash_flow_app.apicashflow.service.IncomeExpenseServiceTest.getTotalIncomesExpenses]: PROPAGATION_REQUIRED,ISOLATION_DEFAULT
2023-11-28T22:11:59.549-05:00 DEBUG 27472 --- [           main] o.s.orm.jpa.JpaTransactionManager        : Opened new EntityManager [SessionImpl(213093670<open>)] for JPA transaction
2023-11-28T22:11:59.549-05:00 DEBUG 27472 --- [           main] o.h.e.t.internal.TransactionImpl         : On TransactionImpl creation, JpaCompliance#isJpaTransactionComplianceEnabled == false
2023-11-28T22:11:59.549-05:00 DEBUG 27472 --- [           main] o.h.e.t.internal.TransactionImpl         : begin
2023-11-28T22:11:59.549-05:00 DEBUG 27472 --- [           main] org.postgresql.jdbc.PgConnection         :   setAutoCommit = false
2023-11-28T22:11:59.549-05:00 DEBUG 27472 --- [           main] o.s.orm.jpa.JpaTransactionManager        : Exposing JPA transaction as JDBC [org.springframework.orm.jpa.vendor.HibernateJpaDialect$HibernateConnectionHandle@72efffa4]
2023-11-28T22:11:59.549-05:00 DEBUG 27472 --- [           main] o.s.t.c.transaction.TransactionContext   : Began transaction (1) for test class [com.cash_flow_app.apicashflow.service.IncomeExpenseServiceTest]; test method [getTotalIncomesExpenses]; transaction manager [org.springframework.orm.jpa.JpaTransactionManager@475454ae]; rollback [true]
2023-11-28T22:11:59.549-05:00 DEBUG 27472 --- [           main] org.springframework.test.context.cache   : Spring test ApplicationContext cache statistics: [DefaultContextCache@8caffbd size = 5, maxSize = 32, parentContextCount = 0, hitCount = 583, missCount = 5]
2023-11-28T22:11:59.549-05:00 DEBUG 27472 --- [           main] org.springframework.test.context.cache   : Spring test ApplicationContext cache statistics: [DefaultContextCache@8caffbd size = 5, maxSize = 32, parentContextCount = 0, hitCount = 584, missCount = 5]
2023-11-28T22:11:59.550-05:00 DEBUG 27472 --- [           main] o.s.orm.jpa.JpaTransactionManager        : Found thread-bound EntityManager [SessionImpl(213093670<open>)] for JPA transaction
2023-11-28T22:11:59.550-05:00 DEBUG 27472 --- [           main] o.s.orm.jpa.JpaTransactionManager        : Participating in existing transaction
2023-11-28T22:11:59.550-05:00 DEBUG 27472 --- [           main] o.h.j.internal.PersistenceUnitUtilImpl   : jakarta.persistence.PersistenceUnitUtil.getIdentifier is only intended to work with enhanced entities (although Hibernate also adapts this support to its proxies); however the passed entity was not enhanced (nor a proxy).. may not be able to read identifier
2023-11-28T22:11:59.550-05:00 DEBUG 27472 --- [           main] o.h.e.i.AbstractSaveEventListener        : Generated identifier: e851b3e6-227f-41e0-ac7b-5b5e0c2e9473, using strategy: org.hibernate.id.UUIDGenerator
2023-11-28T22:11:59.550-05:00 DEBUG 27472 --- [           main] o.s.orm.jpa.JpaTransactionManager        : Found thread-bound EntityManager [SessionImpl(213093670<open>)] for JPA transaction
2023-11-28T22:11:59.550-05:00 DEBUG 27472 --- [           main] o.s.orm.jpa.JpaTransactionManager        : Participating in existing transaction
2023-11-28T22:11:59.550-05:00 DEBUG 27472 --- [           main] o.s.orm.jpa.JpaTransactionManager        : Participating transaction failed - marking existing transaction as rollback-only
2023-11-28T22:11:59.550-05:00 DEBUG 27472 --- [           main] o.s.orm.jpa.JpaTransactionManager        : Setting JPA transaction on EntityManager [SessionImpl(213093670<open>)] rollback-only
2023-11-28T22:11:59.550-05:00 DEBUG 27472 --- [           main] cResourceLocalTransactionCoordinatorImpl : JDBC transaction marked for rollback-only (exception provided for stack trace)

java.lang.Exception: exception just for purpose of providing stack trace
	at org.hibernate.resource.transaction.backend.jdbc.internal.JdbcResourceLocalTransactionCoordinatorImpl$TransactionDriverControlImpl.markRollbackOnly(JdbcResourceLocalTransactionCoordinatorImpl.java:324) ~[hibernate-core-6.1.7.Final.jar:6.1.7.Final]
	at org.hibernate.engine.transaction.internal.TransactionImpl.markRollbackOnly(TransactionImpl.java:203) ~[hibernate-core-6.1.7.Final.jar:6.1.7.Final]
	at org.hibernate.engine.transaction.internal.TransactionImpl.setRollbackOnly(TransactionImpl.java:224) ~[hibernate-core-6.1.7.Final.jar:6.1.7.Final]
	at org.springframework.orm.jpa.JpaTransactionManager$JpaTransactionObject.setRollbackOnly(JpaTransactionManager.java:711) ~[spring-orm-6.0.8.jar:6.0.8]
	at org.springframework.orm.jpa.JpaTransactionManager.doSetRollbackOnly(JpaTransactionManager.java:610) ~[spring-orm-6.0.8.jar:6.0.8]
	at org.springframework.transaction.support.AbstractPlatformTransactionManager.processRollback(AbstractPlatformTransactionManager.java:844) ~[spring-tx-6.0.8.jar:6.0.8]
	at org.springframework.transaction.support.AbstractPlatformTransactionManager.rollback(AbstractPlatformTransactionManager.java:809) ~[spring-tx-6.0.8.jar:6.0.8]
	at org.springframework.transaction.interceptor.TransactionAspectSupport.completeTransactionAfterThrowing(TransactionAspectSupport.java:678) ~[spring-tx-6.0.8.jar:6.0.8]
	at org.springframework.transaction.interceptor.TransactionAspectSupport.invokeWithinTransaction(TransactionAspectSupport.java:395) ~[spring-tx-6.0.8.jar:6.0.8]
	at org.springframework.transaction.interceptor.TransactionInterceptor.invoke(TransactionInterceptor.java:119) ~[spring-tx-6.0.8.jar:6.0.8]
	at org.springframework.aop.framework.ReflectiveMethodInvocation.proceed(ReflectiveMethodInvocation.java:184) ~[spring-aop-6.0.8.jar:6.0.8]
	at org.springframework.aop.framework.CglibAopProxy$CglibMethodInvocation.proceed(CglibAopProxy.java:750) ~[spring-aop-6.0.8.jar:6.0.8]
	at org.springframework.aop.framework.CglibAopProxy$DynamicAdvisedInterceptor.intercept(CglibAopProxy.java:702) ~[spring-aop-6.0.8.jar:6.0.8]
	at com.cash_flow_app.apicashflow.entities_repositories_and_services.base.account.AccountService$$SpringCGLIB$$0.save(<generated>) ~[classes/:na]
	at com.cash_flow_app.apicashflow.service.IncomeExpenseServiceTest.setup(IncomeExpenseServiceTest.java:60) ~[test-classes/:na]
	at java.base/jdk.internal.reflect.DirectMethodHandleAccessor.invoke(DirectMethodHandleAccessor.java:104) ~[na:na]
	at java.base/java.lang.reflect.Method.invoke(Method.java:578) ~[na:na]
	at org.junit.platform.commons.util.ReflectionUtils.invokeMethod(ReflectionUtils.java:727) ~[junit-platform-commons-1.9.2.jar:1.9.2]
	at org.junit.jupiter.engine.execution.MethodInvocation.proceed(MethodInvocation.java:60) ~[junit-jupiter-engine-5.9.2.jar:5.9.2]
	at org.junit.jupiter.engine.execution.InvocationInterceptorChain$ValidatingInvocation.proceed(InvocationInterceptorChain.java:131) ~[junit-jupiter-engine-5.9.2.jar:5.9.2]
	at org.junit.jupiter.engine.extension.TimeoutExtension.intercept(TimeoutExtension.java:156) ~[junit-jupiter-engine-5.9.2.jar:5.9.2]
	at org.junit.jupiter.engine.extension.TimeoutExtension.interceptLifecycleMethod(TimeoutExtension.java:128) ~[junit-jupiter-engine-5.9.2.jar:5.9.2]
	at org.junit.jupiter.engine.extension.TimeoutExtension.interceptBeforeEachMethod(TimeoutExtension.java:78) ~[junit-jupiter-engine-5.9.2.jar:5.9.2]
	at org.junit.jupiter.engine.execution.InterceptingExecutableInvoker$ReflectiveInterceptorCall.lambda$ofVoidMethod$0(InterceptingExecutableInvoker.java:103) ~[junit-jupiter-engine-5.9.2.jar:5.9.2]
	at org.junit.jupiter.engine.execution.InterceptingExecutableInvoker.lambda$invoke$0(InterceptingExecutableInvoker.java:93) ~[junit-jupiter-engine-5.9.2.jar:5.9.2]
	at org.junit.jupiter.engine.execution.InvocationInterceptorChain$InterceptedInvocation.proceed(InvocationInterceptorChain.java:106) ~[junit-jupiter-engine-5.9.2.jar:5.9.2]
	at org.junit.jupiter.engine.execution.InvocationInterceptorChain.proceed(InvocationInterceptorChain.java:64) ~[junit-jupiter-engine-5.9.2.jar:5.9.2]
	at org.junit.jupiter.engine.execution.InvocationInterceptorChain.chainAndInvoke(InvocationInterceptorChain.java:45) ~[junit-jupiter-engine-5.9.2.jar:5.9.2]
	at org.junit.jupiter.engine.execution.InvocationInterceptorChain.invoke(InvocationInterceptorChain.java:37) ~[junit-jupiter-engine-5.9.2.jar:5.9.2]
	at org.junit.jupiter.engine.execution.InterceptingExecutableInvoker.invoke(InterceptingExecutableInvoker.java:92) ~[junit-jupiter-engine-5.9.2.jar:5.9.2]
	at org.junit.jupiter.engine.execution.InterceptingExecutableInvoker.invoke(InterceptingExecutableInvoker.java:86) ~[junit-jupiter-engine-5.9.2.jar:5.9.2]
	at org.junit.jupiter.engine.descriptor.ClassBasedTestDescriptor.invokeMethodInExtensionContext(ClassBasedTestDescriptor.java:520) ~[junit-jupiter-engine-5.9.2.jar:5.9.2]
	at org.junit.jupiter.engine.descriptor.ClassBasedTestDescriptor.lambda$synthesizeBeforeEachMethodAdapter$23(ClassBasedTestDescriptor.java:505) ~[junit-jupiter-engine-5.9.2.jar:5.9.2]
	at org.junit.jupiter.engine.descriptor.TestMethodTestDescriptor.lambda$invokeBeforeEachMethods$3(TestMethodTestDescriptor.java:174) ~[junit-jupiter-engine-5.9.2.jar:5.9.2]
	at org.junit.jupiter.engine.descriptor.TestMethodTestDescriptor.lambda$invokeBeforeMethodsOrCallbacksUntilExceptionOccurs$6(TestMethodTestDescriptor.java:202) ~[junit-jupiter-engine-5.9.2.jar:5.9.2]
	at org.junit.platform.engine.support.hierarchical.ThrowableCollector.execute(ThrowableCollector.java:73) ~[junit-platform-engine-1.9.2.jar:1.9.2]
	at org.junit.jupiter.engine.descriptor.TestMethodTestDescriptor.invokeBeforeMethodsOrCallbacksUntilExceptionOccurs(TestMethodTestDescriptor.java:202) ~[junit-jupiter-engine-5.9.2.jar:5.9.2]
	at org.junit.jupiter.engine.descriptor.TestMethodTestDescriptor.invokeBeforeEachMethods(TestMethodTestDescriptor.java:171) ~[junit-jupiter-engine-5.9.2.jar:5.9.2]
	at org.junit.jupiter.engine.descriptor.TestMethodTestDescriptor.execute(TestMethodTestDescriptor.java:134) ~[junit-jupiter-engine-5.9.2.jar:5.9.2]
	at org.junit.jupiter.engine.descriptor.TestMethodTestDescriptor.execute(TestMethodTestDescriptor.java:68) ~[junit-jupiter-engine-5.9.2.jar:5.9.2]
	at org.junit.platform.engine.support.hierarchical.NodeTestTask.lambda$executeRecursively$6(NodeTestTask.java:151) ~[junit-platform-engine-1.9.2.jar:1.9.2]
	at org.junit.platform.engine.support.hierarchical.ThrowableCollector.execute(ThrowableCollector.java:73) ~[junit-platform-engine-1.9.2.jar:1.9.2]
	at org.junit.platform.engine.support.hierarchical.NodeTestTask.lambda$executeRecursively$8(NodeTestTask.java:141) ~[junit-platform-engine-1.9.2.jar:1.9.2]
	at org.junit.platform.engine.support.hierarchical.Node.around(Node.java:137) ~[junit-platform-engine-1.9.2.jar:1.9.2]
	at org.junit.platform.engine.support.hierarchical.NodeTestTask.lambda$executeRecursively$9(NodeTestTask.java:139) ~[junit-platform-engine-1.9.2.jar:1.9.2]
	at org.junit.platform.engine.support.hierarchical.ThrowableCollector.execute(ThrowableCollector.java:73) ~[junit-platform-engine-1.9.2.jar:1.9.2]
	at org.junit.platform.engine.support.hierarchical.NodeTestTask.executeRecursively(NodeTestTask.java:138) ~[junit-platform-engine-1.9.2.jar:1.9.2]
	at org.junit.platform.engine.support.hierarchical.NodeTestTask.execute(NodeTestTask.java:95) ~[junit-platform-engine-1.9.2.jar:1.9.2]
	at java.base/java.util.ArrayList.forEach(ArrayList.java:1511) ~[na:na]
	at org.junit.platform.engine.support.hierarchical.SameThreadHierarchicalTestExecutorService.invokeAll(SameThreadHierarchicalTestExecutorService.java:41) ~[junit-platform-engine-1.9.2.jar:1.9.2]
	at org.junit.platform.engine.support.hierarchical.NodeTestTask.lambda$executeRecursively$6(NodeTestTask.java:155) ~[junit-platform-engine-1.9.2.jar:1.9.2]
	at org.junit.platform.engine.support.hierarchical.ThrowableCollector.execute(ThrowableCollector.java:73) ~[junit-platform-engine-1.9.2.jar:1.9.2]
	at org.junit.platform.engine.support.hierarchical.NodeTestTask.lambda$executeRecursively$8(NodeTestTask.java:141) ~[junit-platform-engine-1.9.2.jar:1.9.2]
	at org.junit.platform.engine.support.hierarchical.Node.around(Node.java:137) ~[junit-platform-engine-1.9.2.jar:1.9.2]
	at org.junit.platform.engine.support.hierarchical.NodeTestTask.lambda$executeRecursively$9(NodeTestTask.java:139) ~[junit-platform-engine-1.9.2.jar:1.9.2]
	at org.junit.platform.engine.support.hierarchical.ThrowableCollector.execute(ThrowableCollector.java:73) ~[junit-platform-engine-1.9.2.jar:1.9.2]
	at org.junit.platform.engine.support.hierarchical.NodeTestTask.executeRecursively(NodeTestTask.java:138) ~[junit-platform-engine-1.9.2.jar:1.9.2]
	at org.junit.platform.engine.support.hierarchical.NodeTestTask.execute(NodeTestTask.java:95) ~[junit-platform-engine-1.9.2.jar:1.9.2]
	at java.base/java.util.ArrayList.forEach(ArrayList.java:1511) ~[na:na]
	at org.junit.platform.engine.support.hierarchical.SameThreadHierarchicalTestExecutorService.invokeAll(SameThreadHierarchicalTestExecutorService.java:41) ~[junit-platform-engine-1.9.2.jar:1.9.2]
	at org.junit.platform.engine.support.hierarchical.NodeTestTask.lambda$executeRecursively$6(NodeTestTask.java:155) ~[junit-platform-engine-1.9.2.jar:1.9.2]
	at org.junit.platform.engine.support.hierarchical.ThrowableCollector.execute(ThrowableCollector.java:73) ~[junit-platform-engine-1.9.2.jar:1.9.2]
	at org.junit.platform.engine.support.hierarchical.NodeTestTask.lambda$executeRecursively$8(NodeTestTask.java:141) ~[junit-platform-engine-1.9.2.jar:1.9.2]
	at org.junit.platform.engine.support.hierarchical.Node.around(Node.java:137) ~[junit-platform-engine-1.9.2.jar:1.9.2]
	at org.junit.platform.engine.support.hierarchical.NodeTestTask.lambda$executeRecursively$9(NodeTestTask.java:139) ~[junit-platform-engine-1.9.2.jar:1.9.2]
	at org.junit.platform.engine.support.hierarchical.ThrowableCollector.execute(ThrowableCollector.java:73) ~[junit-platform-engine-1.9.2.jar:1.9.2]
	at org.junit.platform.engine.support.hierarchical.NodeTestTask.executeRecursively(NodeTestTask.java:138) ~[junit-platform-engine-1.9.2.jar:1.9.2]
	at org.junit.platform.engine.support.hierarchical.NodeTestTask.execute(NodeTestTask.java:95) ~[junit-platform-engine-1.9.2.jar:1.9.2]
	at org.junit.platform.engine.support.hierarchical.SameThreadHierarchicalTestExecutorService.submit(SameThreadHierarchicalTestExecutorService.java:35) ~[junit-platform-engine-1.9.2.jar:1.9.2]
	at org.junit.platform.engine.support.hierarchical.HierarchicalTestExecutor.execute(HierarchicalTestExecutor.java:57) ~[junit-platform-engine-1.9.2.jar:1.9.2]
	at org.junit.platform.engine.support.hierarchical.HierarchicalTestEngine.execute(HierarchicalTestEngine.java:54) ~[junit-platform-engine-1.9.2.jar:1.9.2]
	at org.junit.platform.launcher.core.DefaultLauncher.execute(DefaultLauncher.java:220) ~[junit-platform-launcher-1.3.1.jar:1.3.1]
	at org.junit.platform.launcher.core.DefaultLauncher.lambda$execute$6(DefaultLauncher.java:188) ~[junit-platform-launcher-1.3.1.jar:1.3.1]
	at org.junit.platform.launcher.core.DefaultLauncher.withInterceptedStreams(DefaultLauncher.java:202) ~[junit-platform-launcher-1.3.1.jar:1.3.1]
	at org.junit.platform.launcher.core.DefaultLauncher.execute(DefaultLauncher.java:181) ~[junit-platform-launcher-1.3.1.jar:1.3.1]
	at org.junit.platform.launcher.core.DefaultLauncher.execute(DefaultLauncher.java:128) ~[junit-platform-launcher-1.3.1.jar:1.3.1]
	at org.apache.maven.surefire.junitplatform.JUnitPlatformProvider.invokeAllTests(JUnitPlatformProvider.java:150) ~[surefire-junit-platform-2.22.2.jar:2.22.2]
	at org.apache.maven.surefire.junitplatform.JUnitPlatformProvider.invoke(JUnitPlatformProvider.java:124) ~[surefire-junit-platform-2.22.2.jar:2.22.2]
	at org.apache.maven.surefire.booter.ForkedBooter.invokeProviderInSameClassLoader(ForkedBooter.java:384) ~[surefire-booter-2.22.2.jar:2.22.2]
	at org.apache.maven.surefire.booter.ForkedBooter.runSuitesInProcess(ForkedBooter.java:345) ~[surefire-booter-2.22.2.jar:2.22.2]
	at org.apache.maven.surefire.booter.ForkedBooter.execute(ForkedBooter.java:126) ~[surefire-booter-2.22.2.jar:2.22.2]
	at org.apache.maven.surefire.booter.ForkedBooter.main(ForkedBooter.java:418) ~[surefire-booter-2.22.2.jar:2.22.2]

2023-11-28T22:11:59.550-05:00 DEBUG 27472 --- [           main] org.springframework.test.context.cache   : Spring test ApplicationContext cache statistics: [DefaultContextCache@8caffbd size = 5, maxSize = 32, parentContextCount = 0, hitCount = 585, missCount = 5]
2023-11-28T22:11:59.550-05:00 DEBUG 27472 --- [           main] org.springframework.test.context.cache   : Spring test ApplicationContext cache statistics: [DefaultContextCache@8caffbd size = 5, maxSize = 32, parentContextCount = 0, hitCount = 586, missCount = 5]
2023-11-28T22:11:59.550-05:00 DEBUG 27472 --- [           main] org.springframework.test.context.cache   : Spring test ApplicationContext cache statistics: [DefaultContextCache@8caffbd size = 5, maxSize = 32, parentContextCount = 0, hitCount = 587, missCount = 5]
2023-11-28T22:11:59.550-05:00 DEBUG 27472 --- [           main] org.springframework.test.context.cache   : Spring test ApplicationContext cache statistics: [DefaultContextCache@8caffbd size = 5, maxSize = 32, parentContextCount = 0, hitCount = 588, missCount = 5]
2023-11-28T22:11:59.550-05:00 DEBUG 27472 --- [           main] org.springframework.test.context.cache   : Spring test ApplicationContext cache statistics: [DefaultContextCache@8caffbd size = 5, maxSize = 32, parentContextCount = 0, hitCount = 589, missCount = 5]
2023-11-28T22:11:59.550-05:00 DEBUG 27472 --- [           main] org.springframework.test.context.cache   : Spring test ApplicationContext cache statistics: [DefaultContextCache@8caffbd size = 5, maxSize = 32, parentContextCount = 0, hitCount = 590, missCount = 5]
2023-11-28T22:11:59.550-05:00 DEBUG 27472 --- [           main] o.s.orm.jpa.JpaTransactionManager        : Initiating transaction rollback
2023-11-28T22:11:59.550-05:00 DEBUG 27472 --- [           main] o.s.orm.jpa.JpaTransactionManager        : Rolling back JPA transaction on EntityManager [SessionImpl(213093670<open>)]
2023-11-28T22:11:59.550-05:00 DEBUG 27472 --- [           main] o.h.e.t.internal.TransactionImpl         : rolling back
2023-11-28T22:11:59.550-05:00 DEBUG 27472 --- [           main] org.postgresql.jdbc.PgConnection         : Rollback requested but no transaction in progress
2023-11-28T22:11:59.550-05:00 DEBUG 27472 --- [           main] org.postgresql.jdbc.PgConnection         :   setAutoCommit = true
2023-11-28T22:11:59.550-05:00 DEBUG 27472 --- [           main] o.s.orm.jpa.JpaTransactionManager        : Closing JPA EntityManager [SessionImpl(213093670<open>)] after transaction
2023-11-28T22:11:59.550-05:00 DEBUG 27472 --- [           main] o.s.t.c.transaction.TransactionContext   : Rolled back transaction (1) for test class [com.cash_flow_app.apicashflow.service.IncomeExpenseServiceTest]; test method [getTotalIncomesExpenses]
2023-11-28T22:11:59.550-05:00 DEBUG 27472 --- [           main] tractDirtiesContextTestExecutionListener : After test method: class [IncomeExpenseServiceTest], method [getTotalIncomesExpenses], class annotated with @DirtiesContext [false] with mode [null], method annotated with @DirtiesContext [false] with mode [null]
2023-11-28T22:11:59.550-05:00 DEBUG 27472 --- [           main] o.s.t.c.w.ServletTestExecutionListener   : Resetting RequestContextHolder for test class com.cash_flow_app.apicashflow.service.IncomeExpenseServiceTest
]]></system-out>
  </testcase>
  <testcase name="save" classname="com.cash_flow_app.apicashflow.service.IncomeExpenseServiceTest" time="0.001">
    <error message="Cannot invoke &quot;org.springframework.security.core.Authentication.getPrincipal()&quot; because the return value of &quot;org.springframework.security.core.context.SecurityContext.getAuthentication()&quot; is null" type="java.lang.NullPointerException">java.lang.NullPointerException: Cannot invoke "org.springframework.security.core.Authentication.getPrincipal()" because the return value of "org.springframework.security.core.context.SecurityContext.getAuthentication()" is null
	at com.cash_flow_app.apicashflow.service.IncomeExpenseServiceTest.setup(IncomeExpenseServiceTest.java:60)
</error>
    <system-out><![CDATA[2023-11-28T22:11:59.551-05:00 DEBUG 27472 --- [           main] org.springframework.test.context.cache   : Spring test ApplicationContext cache statistics: [DefaultContextCache@8caffbd size = 5, maxSize = 32, parentContextCount = 0, hitCount = 591, missCount = 5]
2023-11-28T22:11:59.551-05:00 DEBUG 27472 --- [           main] o.s.t.c.w.ServletTestExecutionListener   : Setting up MockHttpServletRequest, MockHttpServletResponse, ServletWebRequest, and RequestContextHolder for test class com.cash_flow_app.apicashflow.service.IncomeExpenseServiceTest
2023-11-28T22:11:59.551-05:00 DEBUG 27472 --- [           main] DependencyInjectionTestExecutionListener : Performing dependency injection for test class com.cash_flow_app.apicashflow.service.IncomeExpenseServiceTest
2023-11-28T22:11:59.551-05:00 DEBUG 27472 --- [           main] org.springframework.test.context.cache   : Spring test ApplicationContext cache statistics: [DefaultContextCache@8caffbd size = 5, maxSize = 32, parentContextCount = 0, hitCount = 592, missCount = 5]
2023-11-28T22:11:59.551-05:00 DEBUG 27472 --- [           main] org.springframework.test.context.cache   : Spring test ApplicationContext cache statistics: [DefaultContextCache@8caffbd size = 5, maxSize = 32, parentContextCount = 0, hitCount = 593, missCount = 5]
2023-11-28T22:11:59.551-05:00 DEBUG 27472 --- [           main] tractDirtiesContextTestExecutionListener : Before test method: class [IncomeExpenseServiceTest], method [save], class annotated with @DirtiesContext [false] with mode [null], method annotated with @DirtiesContext [false] with mode [null]
2023-11-28T22:11:59.551-05:00 DEBUG 27472 --- [           main] t.c.t.TransactionalTestExecutionListener : Explicit transaction definition [PROPAGATION_REQUIRED,ISOLATION_DEFAULT] found for test class [com.cash_flow_app.apicashflow.service.IncomeExpenseServiceTest] and test method [save]
2023-11-28T22:11:59.551-05:00 DEBUG 27472 --- [           main] org.springframework.test.context.cache   : Spring test ApplicationContext cache statistics: [DefaultContextCache@8caffbd size = 5, maxSize = 32, parentContextCount = 0, hitCount = 594, missCount = 5]
2023-11-28T22:11:59.551-05:00 DEBUG 27472 --- [           main] t.c.t.TransactionalTestExecutionListener : No method-level @Rollback override: using default rollback [true] for test method [void com.cash_flow_app.apicashflow.service.IncomeExpenseServiceTest.save() throws java.io.IOException]
2023-11-28T22:11:59.551-05:00 DEBUG 27472 --- [           main] o.s.orm.jpa.JpaTransactionManager        : Creating new transaction with name [com.cash_flow_app.apicashflow.service.IncomeExpenseServiceTest.save]: PROPAGATION_REQUIRED,ISOLATION_DEFAULT
2023-11-28T22:11:59.551-05:00 DEBUG 27472 --- [           main] o.s.orm.jpa.JpaTransactionManager        : Opened new EntityManager [SessionImpl(187432293<open>)] for JPA transaction
2023-11-28T22:11:59.551-05:00 DEBUG 27472 --- [           main] o.h.e.t.internal.TransactionImpl         : On TransactionImpl creation, JpaCompliance#isJpaTransactionComplianceEnabled == false
2023-11-28T22:11:59.551-05:00 DEBUG 27472 --- [           main] o.h.e.t.internal.TransactionImpl         : begin
2023-11-28T22:11:59.551-05:00 DEBUG 27472 --- [           main] org.postgresql.jdbc.PgConnection         :   setAutoCommit = false
2023-11-28T22:11:59.551-05:00 DEBUG 27472 --- [           main] o.s.orm.jpa.JpaTransactionManager        : Exposing JPA transaction as JDBC [org.springframework.orm.jpa.vendor.HibernateJpaDialect$HibernateConnectionHandle@1e35e4d9]
2023-11-28T22:11:59.551-05:00 DEBUG 27472 --- [           main] o.s.t.c.transaction.TransactionContext   : Began transaction (1) for test class [com.cash_flow_app.apicashflow.service.IncomeExpenseServiceTest]; test method [save]; transaction manager [org.springframework.orm.jpa.JpaTransactionManager@475454ae]; rollback [true]
2023-11-28T22:11:59.551-05:00 DEBUG 27472 --- [           main] org.springframework.test.context.cache   : Spring test ApplicationContext cache statistics: [DefaultContextCache@8caffbd size = 5, maxSize = 32, parentContextCount = 0, hitCount = 595, missCount = 5]
2023-11-28T22:11:59.551-05:00 DEBUG 27472 --- [           main] org.springframework.test.context.cache   : Spring test ApplicationContext cache statistics: [DefaultContextCache@8caffbd size = 5, maxSize = 32, parentContextCount = 0, hitCount = 596, missCount = 5]
2023-11-28T22:11:59.551-05:00 DEBUG 27472 --- [           main] o.s.orm.jpa.JpaTransactionManager        : Found thread-bound EntityManager [SessionImpl(187432293<open>)] for JPA transaction
2023-11-28T22:11:59.551-05:00 DEBUG 27472 --- [           main] o.s.orm.jpa.JpaTransactionManager        : Participating in existing transaction
2023-11-28T22:11:59.551-05:00 DEBUG 27472 --- [           main] o.h.j.internal.PersistenceUnitUtilImpl   : jakarta.persistence.PersistenceUnitUtil.getIdentifier is only intended to work with enhanced entities (although Hibernate also adapts this support to its proxies); however the passed entity was not enhanced (nor a proxy).. may not be able to read identifier
2023-11-28T22:11:59.551-05:00 DEBUG 27472 --- [           main] o.h.e.i.AbstractSaveEventListener        : Generated identifier: 40b2618b-d06c-4875-bd31-3c1c79a0a30d, using strategy: org.hibernate.id.UUIDGenerator
2023-11-28T22:11:59.551-05:00 DEBUG 27472 --- [           main] o.s.orm.jpa.JpaTransactionManager        : Found thread-bound EntityManager [SessionImpl(187432293<open>)] for JPA transaction
2023-11-28T22:11:59.551-05:00 DEBUG 27472 --- [           main] o.s.orm.jpa.JpaTransactionManager        : Participating in existing transaction
2023-11-28T22:11:59.551-05:00 DEBUG 27472 --- [           main] o.s.orm.jpa.JpaTransactionManager        : Participating transaction failed - marking existing transaction as rollback-only
2023-11-28T22:11:59.551-05:00 DEBUG 27472 --- [           main] o.s.orm.jpa.JpaTransactionManager        : Setting JPA transaction on EntityManager [SessionImpl(187432293<open>)] rollback-only
2023-11-28T22:11:59.551-05:00 DEBUG 27472 --- [           main] cResourceLocalTransactionCoordinatorImpl : JDBC transaction marked for rollback-only (exception provided for stack trace)

java.lang.Exception: exception just for purpose of providing stack trace
	at org.hibernate.resource.transaction.backend.jdbc.internal.JdbcResourceLocalTransactionCoordinatorImpl$TransactionDriverControlImpl.markRollbackOnly(JdbcResourceLocalTransactionCoordinatorImpl.java:324) ~[hibernate-core-6.1.7.Final.jar:6.1.7.Final]
	at org.hibernate.engine.transaction.internal.TransactionImpl.markRollbackOnly(TransactionImpl.java:203) ~[hibernate-core-6.1.7.Final.jar:6.1.7.Final]
	at org.hibernate.engine.transaction.internal.TransactionImpl.setRollbackOnly(TransactionImpl.java:224) ~[hibernate-core-6.1.7.Final.jar:6.1.7.Final]
	at org.springframework.orm.jpa.JpaTransactionManager$JpaTransactionObject.setRollbackOnly(JpaTransactionManager.java:711) ~[spring-orm-6.0.8.jar:6.0.8]
	at org.springframework.orm.jpa.JpaTransactionManager.doSetRollbackOnly(JpaTransactionManager.java:610) ~[spring-orm-6.0.8.jar:6.0.8]
	at org.springframework.transaction.support.AbstractPlatformTransactionManager.processRollback(AbstractPlatformTransactionManager.java:844) ~[spring-tx-6.0.8.jar:6.0.8]
	at org.springframework.transaction.support.AbstractPlatformTransactionManager.rollback(AbstractPlatformTransactionManager.java:809) ~[spring-tx-6.0.8.jar:6.0.8]
	at org.springframework.transaction.interceptor.TransactionAspectSupport.completeTransactionAfterThrowing(TransactionAspectSupport.java:678) ~[spring-tx-6.0.8.jar:6.0.8]
	at org.springframework.transaction.interceptor.TransactionAspectSupport.invokeWithinTransaction(TransactionAspectSupport.java:395) ~[spring-tx-6.0.8.jar:6.0.8]
	at org.springframework.transaction.interceptor.TransactionInterceptor.invoke(TransactionInterceptor.java:119) ~[spring-tx-6.0.8.jar:6.0.8]
	at org.springframework.aop.framework.ReflectiveMethodInvocation.proceed(ReflectiveMethodInvocation.java:184) ~[spring-aop-6.0.8.jar:6.0.8]
	at org.springframework.aop.framework.CglibAopProxy$CglibMethodInvocation.proceed(CglibAopProxy.java:750) ~[spring-aop-6.0.8.jar:6.0.8]
	at org.springframework.aop.framework.CglibAopProxy$DynamicAdvisedInterceptor.intercept(CglibAopProxy.java:702) ~[spring-aop-6.0.8.jar:6.0.8]
	at com.cash_flow_app.apicashflow.entities_repositories_and_services.base.account.AccountService$$SpringCGLIB$$0.save(<generated>) ~[classes/:na]
	at com.cash_flow_app.apicashflow.service.IncomeExpenseServiceTest.setup(IncomeExpenseServiceTest.java:60) ~[test-classes/:na]
	at java.base/jdk.internal.reflect.DirectMethodHandleAccessor.invoke(DirectMethodHandleAccessor.java:104) ~[na:na]
	at java.base/java.lang.reflect.Method.invoke(Method.java:578) ~[na:na]
	at org.junit.platform.commons.util.ReflectionUtils.invokeMethod(ReflectionUtils.java:727) ~[junit-platform-commons-1.9.2.jar:1.9.2]
	at org.junit.jupiter.engine.execution.MethodInvocation.proceed(MethodInvocation.java:60) ~[junit-jupiter-engine-5.9.2.jar:5.9.2]
	at org.junit.jupiter.engine.execution.InvocationInterceptorChain$ValidatingInvocation.proceed(InvocationInterceptorChain.java:131) ~[junit-jupiter-engine-5.9.2.jar:5.9.2]
	at org.junit.jupiter.engine.extension.TimeoutExtension.intercept(TimeoutExtension.java:156) ~[junit-jupiter-engine-5.9.2.jar:5.9.2]
	at org.junit.jupiter.engine.extension.TimeoutExtension.interceptLifecycleMethod(TimeoutExtension.java:128) ~[junit-jupiter-engine-5.9.2.jar:5.9.2]
	at org.junit.jupiter.engine.extension.TimeoutExtension.interceptBeforeEachMethod(TimeoutExtension.java:78) ~[junit-jupiter-engine-5.9.2.jar:5.9.2]
	at org.junit.jupiter.engine.execution.InterceptingExecutableInvoker$ReflectiveInterceptorCall.lambda$ofVoidMethod$0(InterceptingExecutableInvoker.java:103) ~[junit-jupiter-engine-5.9.2.jar:5.9.2]
	at org.junit.jupiter.engine.execution.InterceptingExecutableInvoker.lambda$invoke$0(InterceptingExecutableInvoker.java:93) ~[junit-jupiter-engine-5.9.2.jar:5.9.2]
	at org.junit.jupiter.engine.execution.InvocationInterceptorChain$InterceptedInvocation.proceed(InvocationInterceptorChain.java:106) ~[junit-jupiter-engine-5.9.2.jar:5.9.2]
	at org.junit.jupiter.engine.execution.InvocationInterceptorChain.proceed(InvocationInterceptorChain.java:64) ~[junit-jupiter-engine-5.9.2.jar:5.9.2]
	at org.junit.jupiter.engine.execution.InvocationInterceptorChain.chainAndInvoke(InvocationInterceptorChain.java:45) ~[junit-jupiter-engine-5.9.2.jar:5.9.2]
	at org.junit.jupiter.engine.execution.InvocationInterceptorChain.invoke(InvocationInterceptorChain.java:37) ~[junit-jupiter-engine-5.9.2.jar:5.9.2]
	at org.junit.jupiter.engine.execution.InterceptingExecutableInvoker.invoke(InterceptingExecutableInvoker.java:92) ~[junit-jupiter-engine-5.9.2.jar:5.9.2]
	at org.junit.jupiter.engine.execution.InterceptingExecutableInvoker.invoke(InterceptingExecutableInvoker.java:86) ~[junit-jupiter-engine-5.9.2.jar:5.9.2]
	at org.junit.jupiter.engine.descriptor.ClassBasedTestDescriptor.invokeMethodInExtensionContext(ClassBasedTestDescriptor.java:520) ~[junit-jupiter-engine-5.9.2.jar:5.9.2]
	at org.junit.jupiter.engine.descriptor.ClassBasedTestDescriptor.lambda$synthesizeBeforeEachMethodAdapter$23(ClassBasedTestDescriptor.java:505) ~[junit-jupiter-engine-5.9.2.jar:5.9.2]
	at org.junit.jupiter.engine.descriptor.TestMethodTestDescriptor.lambda$invokeBeforeEachMethods$3(TestMethodTestDescriptor.java:174) ~[junit-jupiter-engine-5.9.2.jar:5.9.2]
	at org.junit.jupiter.engine.descriptor.TestMethodTestDescriptor.lambda$invokeBeforeMethodsOrCallbacksUntilExceptionOccurs$6(TestMethodTestDescriptor.java:202) ~[junit-jupiter-engine-5.9.2.jar:5.9.2]
	at org.junit.platform.engine.support.hierarchical.ThrowableCollector.execute(ThrowableCollector.java:73) ~[junit-platform-engine-1.9.2.jar:1.9.2]
	at org.junit.jupiter.engine.descriptor.TestMethodTestDescriptor.invokeBeforeMethodsOrCallbacksUntilExceptionOccurs(TestMethodTestDescriptor.java:202) ~[junit-jupiter-engine-5.9.2.jar:5.9.2]
	at org.junit.jupiter.engine.descriptor.TestMethodTestDescriptor.invokeBeforeEachMethods(TestMethodTestDescriptor.java:171) ~[junit-jupiter-engine-5.9.2.jar:5.9.2]
	at org.junit.jupiter.engine.descriptor.TestMethodTestDescriptor.execute(TestMethodTestDescriptor.java:134) ~[junit-jupiter-engine-5.9.2.jar:5.9.2]
	at org.junit.jupiter.engine.descriptor.TestMethodTestDescriptor.execute(TestMethodTestDescriptor.java:68) ~[junit-jupiter-engine-5.9.2.jar:5.9.2]
	at org.junit.platform.engine.support.hierarchical.NodeTestTask.lambda$executeRecursively$6(NodeTestTask.java:151) ~[junit-platform-engine-1.9.2.jar:1.9.2]
	at org.junit.platform.engine.support.hierarchical.ThrowableCollector.execute(ThrowableCollector.java:73) ~[junit-platform-engine-1.9.2.jar:1.9.2]
	at org.junit.platform.engine.support.hierarchical.NodeTestTask.lambda$executeRecursively$8(NodeTestTask.java:141) ~[junit-platform-engine-1.9.2.jar:1.9.2]
	at org.junit.platform.engine.support.hierarchical.Node.around(Node.java:137) ~[junit-platform-engine-1.9.2.jar:1.9.2]
	at org.junit.platform.engine.support.hierarchical.NodeTestTask.lambda$executeRecursively$9(NodeTestTask.java:139) ~[junit-platform-engine-1.9.2.jar:1.9.2]
	at org.junit.platform.engine.support.hierarchical.ThrowableCollector.execute(ThrowableCollector.java:73) ~[junit-platform-engine-1.9.2.jar:1.9.2]
	at org.junit.platform.engine.support.hierarchical.NodeTestTask.executeRecursively(NodeTestTask.java:138) ~[junit-platform-engine-1.9.2.jar:1.9.2]
	at org.junit.platform.engine.support.hierarchical.NodeTestTask.execute(NodeTestTask.java:95) ~[junit-platform-engine-1.9.2.jar:1.9.2]
	at java.base/java.util.ArrayList.forEach(ArrayList.java:1511) ~[na:na]
	at org.junit.platform.engine.support.hierarchical.SameThreadHierarchicalTestExecutorService.invokeAll(SameThreadHierarchicalTestExecutorService.java:41) ~[junit-platform-engine-1.9.2.jar:1.9.2]
	at org.junit.platform.engine.support.hierarchical.NodeTestTask.lambda$executeRecursively$6(NodeTestTask.java:155) ~[junit-platform-engine-1.9.2.jar:1.9.2]
	at org.junit.platform.engine.support.hierarchical.ThrowableCollector.execute(ThrowableCollector.java:73) ~[junit-platform-engine-1.9.2.jar:1.9.2]
	at org.junit.platform.engine.support.hierarchical.NodeTestTask.lambda$executeRecursively$8(NodeTestTask.java:141) ~[junit-platform-engine-1.9.2.jar:1.9.2]
	at org.junit.platform.engine.support.hierarchical.Node.around(Node.java:137) ~[junit-platform-engine-1.9.2.jar:1.9.2]
	at org.junit.platform.engine.support.hierarchical.NodeTestTask.lambda$executeRecursively$9(NodeTestTask.java:139) ~[junit-platform-engine-1.9.2.jar:1.9.2]
	at org.junit.platform.engine.support.hierarchical.ThrowableCollector.execute(ThrowableCollector.java:73) ~[junit-platform-engine-1.9.2.jar:1.9.2]
	at org.junit.platform.engine.support.hierarchical.NodeTestTask.executeRecursively(NodeTestTask.java:138) ~[junit-platform-engine-1.9.2.jar:1.9.2]
	at org.junit.platform.engine.support.hierarchical.NodeTestTask.execute(NodeTestTask.java:95) ~[junit-platform-engine-1.9.2.jar:1.9.2]
	at java.base/java.util.ArrayList.forEach(ArrayList.java:1511) ~[na:na]
	at org.junit.platform.engine.support.hierarchical.SameThreadHierarchicalTestExecutorService.invokeAll(SameThreadHierarchicalTestExecutorService.java:41) ~[junit-platform-engine-1.9.2.jar:1.9.2]
	at org.junit.platform.engine.support.hierarchical.NodeTestTask.lambda$executeRecursively$6(NodeTestTask.java:155) ~[junit-platform-engine-1.9.2.jar:1.9.2]
	at org.junit.platform.engine.support.hierarchical.ThrowableCollector.execute(ThrowableCollector.java:73) ~[junit-platform-engine-1.9.2.jar:1.9.2]
	at org.junit.platform.engine.support.hierarchical.NodeTestTask.lambda$executeRecursively$8(NodeTestTask.java:141) ~[junit-platform-engine-1.9.2.jar:1.9.2]
	at org.junit.platform.engine.support.hierarchical.Node.around(Node.java:137) ~[junit-platform-engine-1.9.2.jar:1.9.2]
	at org.junit.platform.engine.support.hierarchical.NodeTestTask.lambda$executeRecursively$9(NodeTestTask.java:139) ~[junit-platform-engine-1.9.2.jar:1.9.2]
	at org.junit.platform.engine.support.hierarchical.ThrowableCollector.execute(ThrowableCollector.java:73) ~[junit-platform-engine-1.9.2.jar:1.9.2]
	at org.junit.platform.engine.support.hierarchical.NodeTestTask.executeRecursively(NodeTestTask.java:138) ~[junit-platform-engine-1.9.2.jar:1.9.2]
	at org.junit.platform.engine.support.hierarchical.NodeTestTask.execute(NodeTestTask.java:95) ~[junit-platform-engine-1.9.2.jar:1.9.2]
	at org.junit.platform.engine.support.hierarchical.SameThreadHierarchicalTestExecutorService.submit(SameThreadHierarchicalTestExecutorService.java:35) ~[junit-platform-engine-1.9.2.jar:1.9.2]
	at org.junit.platform.engine.support.hierarchical.HierarchicalTestExecutor.execute(HierarchicalTestExecutor.java:57) ~[junit-platform-engine-1.9.2.jar:1.9.2]
	at org.junit.platform.engine.support.hierarchical.HierarchicalTestEngine.execute(HierarchicalTestEngine.java:54) ~[junit-platform-engine-1.9.2.jar:1.9.2]
	at org.junit.platform.launcher.core.DefaultLauncher.execute(DefaultLauncher.java:220) ~[junit-platform-launcher-1.3.1.jar:1.3.1]
	at org.junit.platform.launcher.core.DefaultLauncher.lambda$execute$6(DefaultLauncher.java:188) ~[junit-platform-launcher-1.3.1.jar:1.3.1]
	at org.junit.platform.launcher.core.DefaultLauncher.withInterceptedStreams(DefaultLauncher.java:202) ~[junit-platform-launcher-1.3.1.jar:1.3.1]
	at org.junit.platform.launcher.core.DefaultLauncher.execute(DefaultLauncher.java:181) ~[junit-platform-launcher-1.3.1.jar:1.3.1]
	at org.junit.platform.launcher.core.DefaultLauncher.execute(DefaultLauncher.java:128) ~[junit-platform-launcher-1.3.1.jar:1.3.1]
	at org.apache.maven.surefire.junitplatform.JUnitPlatformProvider.invokeAllTests(JUnitPlatformProvider.java:150) ~[surefire-junit-platform-2.22.2.jar:2.22.2]
	at org.apache.maven.surefire.junitplatform.JUnitPlatformProvider.invoke(JUnitPlatformProvider.java:124) ~[surefire-junit-platform-2.22.2.jar:2.22.2]
	at org.apache.maven.surefire.booter.ForkedBooter.invokeProviderInSameClassLoader(ForkedBooter.java:384) ~[surefire-booter-2.22.2.jar:2.22.2]
	at org.apache.maven.surefire.booter.ForkedBooter.runSuitesInProcess(ForkedBooter.java:345) ~[surefire-booter-2.22.2.jar:2.22.2]
	at org.apache.maven.surefire.booter.ForkedBooter.execute(ForkedBooter.java:126) ~[surefire-booter-2.22.2.jar:2.22.2]
	at org.apache.maven.surefire.booter.ForkedBooter.main(ForkedBooter.java:418) ~[surefire-booter-2.22.2.jar:2.22.2]

2023-11-28T22:11:59.552-05:00 DEBUG 27472 --- [           main] org.springframework.test.context.cache   : Spring test ApplicationContext cache statistics: [DefaultContextCache@8caffbd size = 5, maxSize = 32, parentContextCount = 0, hitCount = 597, missCount = 5]
2023-11-28T22:11:59.552-05:00 DEBUG 27472 --- [           main] org.springframework.test.context.cache   : Spring test ApplicationContext cache statistics: [DefaultContextCache@8caffbd size = 5, maxSize = 32, parentContextCount = 0, hitCount = 598, missCount = 5]
2023-11-28T22:11:59.552-05:00 DEBUG 27472 --- [           main] org.springframework.test.context.cache   : Spring test ApplicationContext cache statistics: [DefaultContextCache@8caffbd size = 5, maxSize = 32, parentContextCount = 0, hitCount = 599, missCount = 5]
2023-11-28T22:11:59.552-05:00 DEBUG 27472 --- [           main] org.springframework.test.context.cache   : Spring test ApplicationContext cache statistics: [DefaultContextCache@8caffbd size = 5, maxSize = 32, parentContextCount = 0, hitCount = 600, missCount = 5]
2023-11-28T22:11:59.552-05:00 DEBUG 27472 --- [           main] org.springframework.test.context.cache   : Spring test ApplicationContext cache statistics: [DefaultContextCache@8caffbd size = 5, maxSize = 32, parentContextCount = 0, hitCount = 601, missCount = 5]
2023-11-28T22:11:59.552-05:00 DEBUG 27472 --- [           main] org.springframework.test.context.cache   : Spring test ApplicationContext cache statistics: [DefaultContextCache@8caffbd size = 5, maxSize = 32, parentContextCount = 0, hitCount = 602, missCount = 5]
2023-11-28T22:11:59.552-05:00 DEBUG 27472 --- [           main] o.s.orm.jpa.JpaTransactionManager        : Initiating transaction rollback
2023-11-28T22:11:59.552-05:00 DEBUG 27472 --- [           main] o.s.orm.jpa.JpaTransactionManager        : Rolling back JPA transaction on EntityManager [SessionImpl(187432293<open>)]
2023-11-28T22:11:59.552-05:00 DEBUG 27472 --- [           main] o.h.e.t.internal.TransactionImpl         : rolling back
2023-11-28T22:11:59.552-05:00 DEBUG 27472 --- [           main] org.postgresql.jdbc.PgConnection         : Rollback requested but no transaction in progress
2023-11-28T22:11:59.552-05:00 DEBUG 27472 --- [           main] org.postgresql.jdbc.PgConnection         :   setAutoCommit = true
2023-11-28T22:11:59.552-05:00 DEBUG 27472 --- [           main] o.s.orm.jpa.JpaTransactionManager        : Closing JPA EntityManager [SessionImpl(187432293<open>)] after transaction
2023-11-28T22:11:59.552-05:00 DEBUG 27472 --- [           main] o.s.t.c.transaction.TransactionContext   : Rolled back transaction (1) for test class [com.cash_flow_app.apicashflow.service.IncomeExpenseServiceTest]; test method [save]
2023-11-28T22:11:59.552-05:00 DEBUG 27472 --- [           main] tractDirtiesContextTestExecutionListener : After test method: class [IncomeExpenseServiceTest], method [save], class annotated with @DirtiesContext [false] with mode [null], method annotated with @DirtiesContext [false] with mode [null]
2023-11-28T22:11:59.552-05:00 DEBUG 27472 --- [           main] o.s.t.c.w.ServletTestExecutionListener   : Resetting RequestContextHolder for test class com.cash_flow_app.apicashflow.service.IncomeExpenseServiceTest
]]></system-out>
  </testcase>
  <testcase name="getExpensesOrIncomesByAccountId" classname="com.cash_flow_app.apicashflow.service.IncomeExpenseServiceTest" time="0.002">
    <error message="Cannot invoke &quot;org.springframework.security.core.Authentication.getPrincipal()&quot; because the return value of &quot;org.springframework.security.core.context.SecurityContext.getAuthentication()&quot; is null" type="java.lang.NullPointerException">java.lang.NullPointerException: Cannot invoke "org.springframework.security.core.Authentication.getPrincipal()" because the return value of "org.springframework.security.core.context.SecurityContext.getAuthentication()" is null
	at com.cash_flow_app.apicashflow.service.IncomeExpenseServiceTest.setup(IncomeExpenseServiceTest.java:60)
</error>
    <system-out><![CDATA[2023-11-28T22:11:59.552-05:00 DEBUG 27472 --- [           main] org.springframework.test.context.cache   : Spring test ApplicationContext cache statistics: [DefaultContextCache@8caffbd size = 5, maxSize = 32, parentContextCount = 0, hitCount = 603, missCount = 5]
2023-11-28T22:11:59.552-05:00 DEBUG 27472 --- [           main] o.s.t.c.w.ServletTestExecutionListener   : Setting up MockHttpServletRequest, MockHttpServletResponse, ServletWebRequest, and RequestContextHolder for test class com.cash_flow_app.apicashflow.service.IncomeExpenseServiceTest
2023-11-28T22:11:59.552-05:00 DEBUG 27472 --- [           main] DependencyInjectionTestExecutionListener : Performing dependency injection for test class com.cash_flow_app.apicashflow.service.IncomeExpenseServiceTest
2023-11-28T22:11:59.552-05:00 DEBUG 27472 --- [           main] org.springframework.test.context.cache   : Spring test ApplicationContext cache statistics: [DefaultContextCache@8caffbd size = 5, maxSize = 32, parentContextCount = 0, hitCount = 604, missCount = 5]
2023-11-28T22:11:59.552-05:00 DEBUG 27472 --- [           main] org.springframework.test.context.cache   : Spring test ApplicationContext cache statistics: [DefaultContextCache@8caffbd size = 5, maxSize = 32, parentContextCount = 0, hitCount = 605, missCount = 5]
2023-11-28T22:11:59.552-05:00 DEBUG 27472 --- [           main] tractDirtiesContextTestExecutionListener : Before test method: class [IncomeExpenseServiceTest], method [getExpensesOrIncomesByAccountId], class annotated with @DirtiesContext [false] with mode [null], method annotated with @DirtiesContext [false] with mode [null]
2023-11-28T22:11:59.552-05:00 DEBUG 27472 --- [           main] t.c.t.TransactionalTestExecutionListener : Explicit transaction definition [PROPAGATION_REQUIRED,ISOLATION_DEFAULT] found for test class [com.cash_flow_app.apicashflow.service.IncomeExpenseServiceTest] and test method [getExpensesOrIncomesByAccountId]
2023-11-28T22:11:59.552-05:00 DEBUG 27472 --- [           main] org.springframework.test.context.cache   : Spring test ApplicationContext cache statistics: [DefaultContextCache@8caffbd size = 5, maxSize = 32, parentContextCount = 0, hitCount = 606, missCount = 5]
2023-11-28T22:11:59.552-05:00 DEBUG 27472 --- [           main] t.c.t.TransactionalTestExecutionListener : No method-level @Rollback override: using default rollback [true] for test method [void com.cash_flow_app.apicashflow.service.IncomeExpenseServiceTest.getExpensesOrIncomesByAccountId() throws java.io.IOException]
2023-11-28T22:11:59.552-05:00 DEBUG 27472 --- [           main] o.s.orm.jpa.JpaTransactionManager        : Creating new transaction with name [com.cash_flow_app.apicashflow.service.IncomeExpenseServiceTest.getExpensesOrIncomesByAccountId]: PROPAGATION_REQUIRED,ISOLATION_DEFAULT
2023-11-28T22:11:59.552-05:00 DEBUG 27472 --- [           main] o.s.orm.jpa.JpaTransactionManager        : Opened new EntityManager [SessionImpl(941653273<open>)] for JPA transaction
2023-11-28T22:11:59.552-05:00 DEBUG 27472 --- [           main] o.h.e.t.internal.TransactionImpl         : On TransactionImpl creation, JpaCompliance#isJpaTransactionComplianceEnabled == false
2023-11-28T22:11:59.552-05:00 DEBUG 27472 --- [           main] o.h.e.t.internal.TransactionImpl         : begin
2023-11-28T22:11:59.552-05:00 DEBUG 27472 --- [           main] org.postgresql.jdbc.PgConnection         :   setAutoCommit = false
2023-11-28T22:11:59.552-05:00 DEBUG 27472 --- [           main] o.s.orm.jpa.JpaTransactionManager        : Exposing JPA transaction as JDBC [org.springframework.orm.jpa.vendor.HibernateJpaDialect$HibernateConnectionHandle@5ec4d81b]
2023-11-28T22:11:59.552-05:00 DEBUG 27472 --- [           main] o.s.t.c.transaction.TransactionContext   : Began transaction (1) for test class [com.cash_flow_app.apicashflow.service.IncomeExpenseServiceTest]; test method [getExpensesOrIncomesByAccountId]; transaction manager [org.springframework.orm.jpa.JpaTransactionManager@475454ae]; rollback [true]
2023-11-28T22:11:59.552-05:00 DEBUG 27472 --- [           main] org.springframework.test.context.cache   : Spring test ApplicationContext cache statistics: [DefaultContextCache@8caffbd size = 5, maxSize = 32, parentContextCount = 0, hitCount = 607, missCount = 5]
2023-11-28T22:11:59.552-05:00 DEBUG 27472 --- [           main] org.springframework.test.context.cache   : Spring test ApplicationContext cache statistics: [DefaultContextCache@8caffbd size = 5, maxSize = 32, parentContextCount = 0, hitCount = 608, missCount = 5]
2023-11-28T22:11:59.553-05:00 DEBUG 27472 --- [           main] o.s.orm.jpa.JpaTransactionManager        : Found thread-bound EntityManager [SessionImpl(941653273<open>)] for JPA transaction
2023-11-28T22:11:59.553-05:00 DEBUG 27472 --- [           main] o.s.orm.jpa.JpaTransactionManager        : Participating in existing transaction
2023-11-28T22:11:59.553-05:00 DEBUG 27472 --- [           main] o.h.j.internal.PersistenceUnitUtilImpl   : jakarta.persistence.PersistenceUnitUtil.getIdentifier is only intended to work with enhanced entities (although Hibernate also adapts this support to its proxies); however the passed entity was not enhanced (nor a proxy).. may not be able to read identifier
2023-11-28T22:11:59.553-05:00 DEBUG 27472 --- [           main] o.h.e.i.AbstractSaveEventListener        : Generated identifier: b62e55c4-6ff7-4703-9c8b-f0e557c7effa, using strategy: org.hibernate.id.UUIDGenerator
2023-11-28T22:11:59.553-05:00 DEBUG 27472 --- [           main] o.s.orm.jpa.JpaTransactionManager        : Found thread-bound EntityManager [SessionImpl(941653273<open>)] for JPA transaction
2023-11-28T22:11:59.553-05:00 DEBUG 27472 --- [           main] o.s.orm.jpa.JpaTransactionManager        : Participating in existing transaction
2023-11-28T22:11:59.553-05:00 DEBUG 27472 --- [           main] o.s.orm.jpa.JpaTransactionManager        : Participating transaction failed - marking existing transaction as rollback-only
2023-11-28T22:11:59.553-05:00 DEBUG 27472 --- [           main] o.s.orm.jpa.JpaTransactionManager        : Setting JPA transaction on EntityManager [SessionImpl(941653273<open>)] rollback-only
2023-11-28T22:11:59.553-05:00 DEBUG 27472 --- [           main] cResourceLocalTransactionCoordinatorImpl : JDBC transaction marked for rollback-only (exception provided for stack trace)

java.lang.Exception: exception just for purpose of providing stack trace
	at org.hibernate.resource.transaction.backend.jdbc.internal.JdbcResourceLocalTransactionCoordinatorImpl$TransactionDriverControlImpl.markRollbackOnly(JdbcResourceLocalTransactionCoordinatorImpl.java:324) ~[hibernate-core-6.1.7.Final.jar:6.1.7.Final]
	at org.hibernate.engine.transaction.internal.TransactionImpl.markRollbackOnly(TransactionImpl.java:203) ~[hibernate-core-6.1.7.Final.jar:6.1.7.Final]
	at org.hibernate.engine.transaction.internal.TransactionImpl.setRollbackOnly(TransactionImpl.java:224) ~[hibernate-core-6.1.7.Final.jar:6.1.7.Final]
	at org.springframework.orm.jpa.JpaTransactionManager$JpaTransactionObject.setRollbackOnly(JpaTransactionManager.java:711) ~[spring-orm-6.0.8.jar:6.0.8]
	at org.springframework.orm.jpa.JpaTransactionManager.doSetRollbackOnly(JpaTransactionManager.java:610) ~[spring-orm-6.0.8.jar:6.0.8]
	at org.springframework.transaction.support.AbstractPlatformTransactionManager.processRollback(AbstractPlatformTransactionManager.java:844) ~[spring-tx-6.0.8.jar:6.0.8]
	at org.springframework.transaction.support.AbstractPlatformTransactionManager.rollback(AbstractPlatformTransactionManager.java:809) ~[spring-tx-6.0.8.jar:6.0.8]
	at org.springframework.transaction.interceptor.TransactionAspectSupport.completeTransactionAfterThrowing(TransactionAspectSupport.java:678) ~[spring-tx-6.0.8.jar:6.0.8]
	at org.springframework.transaction.interceptor.TransactionAspectSupport.invokeWithinTransaction(TransactionAspectSupport.java:395) ~[spring-tx-6.0.8.jar:6.0.8]
	at org.springframework.transaction.interceptor.TransactionInterceptor.invoke(TransactionInterceptor.java:119) ~[spring-tx-6.0.8.jar:6.0.8]
	at org.springframework.aop.framework.ReflectiveMethodInvocation.proceed(ReflectiveMethodInvocation.java:184) ~[spring-aop-6.0.8.jar:6.0.8]
	at org.springframework.aop.framework.CglibAopProxy$CglibMethodInvocation.proceed(CglibAopProxy.java:750) ~[spring-aop-6.0.8.jar:6.0.8]
	at org.springframework.aop.framework.CglibAopProxy$DynamicAdvisedInterceptor.intercept(CglibAopProxy.java:702) ~[spring-aop-6.0.8.jar:6.0.8]
	at com.cash_flow_app.apicashflow.entities_repositories_and_services.base.account.AccountService$$SpringCGLIB$$0.save(<generated>) ~[classes/:na]
	at com.cash_flow_app.apicashflow.service.IncomeExpenseServiceTest.setup(IncomeExpenseServiceTest.java:60) ~[test-classes/:na]
	at java.base/jdk.internal.reflect.DirectMethodHandleAccessor.invoke(DirectMethodHandleAccessor.java:104) ~[na:na]
	at java.base/java.lang.reflect.Method.invoke(Method.java:578) ~[na:na]
	at org.junit.platform.commons.util.ReflectionUtils.invokeMethod(ReflectionUtils.java:727) ~[junit-platform-commons-1.9.2.jar:1.9.2]
	at org.junit.jupiter.engine.execution.MethodInvocation.proceed(MethodInvocation.java:60) ~[junit-jupiter-engine-5.9.2.jar:5.9.2]
	at org.junit.jupiter.engine.execution.InvocationInterceptorChain$ValidatingInvocation.proceed(InvocationInterceptorChain.java:131) ~[junit-jupiter-engine-5.9.2.jar:5.9.2]
	at org.junit.jupiter.engine.extension.TimeoutExtension.intercept(TimeoutExtension.java:156) ~[junit-jupiter-engine-5.9.2.jar:5.9.2]
	at org.junit.jupiter.engine.extension.TimeoutExtension.interceptLifecycleMethod(TimeoutExtension.java:128) ~[junit-jupiter-engine-5.9.2.jar:5.9.2]
	at org.junit.jupiter.engine.extension.TimeoutExtension.interceptBeforeEachMethod(TimeoutExtension.java:78) ~[junit-jupiter-engine-5.9.2.jar:5.9.2]
	at org.junit.jupiter.engine.execution.InterceptingExecutableInvoker$ReflectiveInterceptorCall.lambda$ofVoidMethod$0(InterceptingExecutableInvoker.java:103) ~[junit-jupiter-engine-5.9.2.jar:5.9.2]
	at org.junit.jupiter.engine.execution.InterceptingExecutableInvoker.lambda$invoke$0(InterceptingExecutableInvoker.java:93) ~[junit-jupiter-engine-5.9.2.jar:5.9.2]
	at org.junit.jupiter.engine.execution.InvocationInterceptorChain$InterceptedInvocation.proceed(InvocationInterceptorChain.java:106) ~[junit-jupiter-engine-5.9.2.jar:5.9.2]
	at org.junit.jupiter.engine.execution.InvocationInterceptorChain.proceed(InvocationInterceptorChain.java:64) ~[junit-jupiter-engine-5.9.2.jar:5.9.2]
	at org.junit.jupiter.engine.execution.InvocationInterceptorChain.chainAndInvoke(InvocationInterceptorChain.java:45) ~[junit-jupiter-engine-5.9.2.jar:5.9.2]
	at org.junit.jupiter.engine.execution.InvocationInterceptorChain.invoke(InvocationInterceptorChain.java:37) ~[junit-jupiter-engine-5.9.2.jar:5.9.2]
	at org.junit.jupiter.engine.execution.InterceptingExecutableInvoker.invoke(InterceptingExecutableInvoker.java:92) ~[junit-jupiter-engine-5.9.2.jar:5.9.2]
	at org.junit.jupiter.engine.execution.InterceptingExecutableInvoker.invoke(InterceptingExecutableInvoker.java:86) ~[junit-jupiter-engine-5.9.2.jar:5.9.2]
	at org.junit.jupiter.engine.descriptor.ClassBasedTestDescriptor.invokeMethodInExtensionContext(ClassBasedTestDescriptor.java:520) ~[junit-jupiter-engine-5.9.2.jar:5.9.2]
	at org.junit.jupiter.engine.descriptor.ClassBasedTestDescriptor.lambda$synthesizeBeforeEachMethodAdapter$23(ClassBasedTestDescriptor.java:505) ~[junit-jupiter-engine-5.9.2.jar:5.9.2]
	at org.junit.jupiter.engine.descriptor.TestMethodTestDescriptor.lambda$invokeBeforeEachMethods$3(TestMethodTestDescriptor.java:174) ~[junit-jupiter-engine-5.9.2.jar:5.9.2]
	at org.junit.jupiter.engine.descriptor.TestMethodTestDescriptor.lambda$invokeBeforeMethodsOrCallbacksUntilExceptionOccurs$6(TestMethodTestDescriptor.java:202) ~[junit-jupiter-engine-5.9.2.jar:5.9.2]
	at org.junit.platform.engine.support.hierarchical.ThrowableCollector.execute(ThrowableCollector.java:73) ~[junit-platform-engine-1.9.2.jar:1.9.2]
	at org.junit.jupiter.engine.descriptor.TestMethodTestDescriptor.invokeBeforeMethodsOrCallbacksUntilExceptionOccurs(TestMethodTestDescriptor.java:202) ~[junit-jupiter-engine-5.9.2.jar:5.9.2]
	at org.junit.jupiter.engine.descriptor.TestMethodTestDescriptor.invokeBeforeEachMethods(TestMethodTestDescriptor.java:171) ~[junit-jupiter-engine-5.9.2.jar:5.9.2]
	at org.junit.jupiter.engine.descriptor.TestMethodTestDescriptor.execute(TestMethodTestDescriptor.java:134) ~[junit-jupiter-engine-5.9.2.jar:5.9.2]
	at org.junit.jupiter.engine.descriptor.TestMethodTestDescriptor.execute(TestMethodTestDescriptor.java:68) ~[junit-jupiter-engine-5.9.2.jar:5.9.2]
	at org.junit.platform.engine.support.hierarchical.NodeTestTask.lambda$executeRecursively$6(NodeTestTask.java:151) ~[junit-platform-engine-1.9.2.jar:1.9.2]
	at org.junit.platform.engine.support.hierarchical.ThrowableCollector.execute(ThrowableCollector.java:73) ~[junit-platform-engine-1.9.2.jar:1.9.2]
	at org.junit.platform.engine.support.hierarchical.NodeTestTask.lambda$executeRecursively$8(NodeTestTask.java:141) ~[junit-platform-engine-1.9.2.jar:1.9.2]
	at org.junit.platform.engine.support.hierarchical.Node.around(Node.java:137) ~[junit-platform-engine-1.9.2.jar:1.9.2]
	at org.junit.platform.engine.support.hierarchical.NodeTestTask.lambda$executeRecursively$9(NodeTestTask.java:139) ~[junit-platform-engine-1.9.2.jar:1.9.2]
	at org.junit.platform.engine.support.hierarchical.ThrowableCollector.execute(ThrowableCollector.java:73) ~[junit-platform-engine-1.9.2.jar:1.9.2]
	at org.junit.platform.engine.support.hierarchical.NodeTestTask.executeRecursively(NodeTestTask.java:138) ~[junit-platform-engine-1.9.2.jar:1.9.2]
	at org.junit.platform.engine.support.hierarchical.NodeTestTask.execute(NodeTestTask.java:95) ~[junit-platform-engine-1.9.2.jar:1.9.2]
	at java.base/java.util.ArrayList.forEach(ArrayList.java:1511) ~[na:na]
	at org.junit.platform.engine.support.hierarchical.SameThreadHierarchicalTestExecutorService.invokeAll(SameThreadHierarchicalTestExecutorService.java:41) ~[junit-platform-engine-1.9.2.jar:1.9.2]
	at org.junit.platform.engine.support.hierarchical.NodeTestTask.lambda$executeRecursively$6(NodeTestTask.java:155) ~[junit-platform-engine-1.9.2.jar:1.9.2]
	at org.junit.platform.engine.support.hierarchical.ThrowableCollector.execute(ThrowableCollector.java:73) ~[junit-platform-engine-1.9.2.jar:1.9.2]
	at org.junit.platform.engine.support.hierarchical.NodeTestTask.lambda$executeRecursively$8(NodeTestTask.java:141) ~[junit-platform-engine-1.9.2.jar:1.9.2]
	at org.junit.platform.engine.support.hierarchical.Node.around(Node.java:137) ~[junit-platform-engine-1.9.2.jar:1.9.2]
	at org.junit.platform.engine.support.hierarchical.NodeTestTask.lambda$executeRecursively$9(NodeTestTask.java:139) ~[junit-platform-engine-1.9.2.jar:1.9.2]
	at org.junit.platform.engine.support.hierarchical.ThrowableCollector.execute(ThrowableCollector.java:73) ~[junit-platform-engine-1.9.2.jar:1.9.2]
	at org.junit.platform.engine.support.hierarchical.NodeTestTask.executeRecursively(NodeTestTask.java:138) ~[junit-platform-engine-1.9.2.jar:1.9.2]
	at org.junit.platform.engine.support.hierarchical.NodeTestTask.execute(NodeTestTask.java:95) ~[junit-platform-engine-1.9.2.jar:1.9.2]
	at java.base/java.util.ArrayList.forEach(ArrayList.java:1511) ~[na:na]
	at org.junit.platform.engine.support.hierarchical.SameThreadHierarchicalTestExecutorService.invokeAll(SameThreadHierarchicalTestExecutorService.java:41) ~[junit-platform-engine-1.9.2.jar:1.9.2]
	at org.junit.platform.engine.support.hierarchical.NodeTestTask.lambda$executeRecursively$6(NodeTestTask.java:155) ~[junit-platform-engine-1.9.2.jar:1.9.2]
	at org.junit.platform.engine.support.hierarchical.ThrowableCollector.execute(ThrowableCollector.java:73) ~[junit-platform-engine-1.9.2.jar:1.9.2]
	at org.junit.platform.engine.support.hierarchical.NodeTestTask.lambda$executeRecursively$8(NodeTestTask.java:141) ~[junit-platform-engine-1.9.2.jar:1.9.2]
	at org.junit.platform.engine.support.hierarchical.Node.around(Node.java:137) ~[junit-platform-engine-1.9.2.jar:1.9.2]
	at org.junit.platform.engine.support.hierarchical.NodeTestTask.lambda$executeRecursively$9(NodeTestTask.java:139) ~[junit-platform-engine-1.9.2.jar:1.9.2]
	at org.junit.platform.engine.support.hierarchical.ThrowableCollector.execute(ThrowableCollector.java:73) ~[junit-platform-engine-1.9.2.jar:1.9.2]
	at org.junit.platform.engine.support.hierarchical.NodeTestTask.executeRecursively(NodeTestTask.java:138) ~[junit-platform-engine-1.9.2.jar:1.9.2]
	at org.junit.platform.engine.support.hierarchical.NodeTestTask.execute(NodeTestTask.java:95) ~[junit-platform-engine-1.9.2.jar:1.9.2]
	at org.junit.platform.engine.support.hierarchical.SameThreadHierarchicalTestExecutorService.submit(SameThreadHierarchicalTestExecutorService.java:35) ~[junit-platform-engine-1.9.2.jar:1.9.2]
	at org.junit.platform.engine.support.hierarchical.HierarchicalTestExecutor.execute(HierarchicalTestExecutor.java:57) ~[junit-platform-engine-1.9.2.jar:1.9.2]
	at org.junit.platform.engine.support.hierarchical.HierarchicalTestEngine.execute(HierarchicalTestEngine.java:54) ~[junit-platform-engine-1.9.2.jar:1.9.2]
	at org.junit.platform.launcher.core.DefaultLauncher.execute(DefaultLauncher.java:220) ~[junit-platform-launcher-1.3.1.jar:1.3.1]
	at org.junit.platform.launcher.core.DefaultLauncher.lambda$execute$6(DefaultLauncher.java:188) ~[junit-platform-launcher-1.3.1.jar:1.3.1]
	at org.junit.platform.launcher.core.DefaultLauncher.withInterceptedStreams(DefaultLauncher.java:202) ~[junit-platform-launcher-1.3.1.jar:1.3.1]
	at org.junit.platform.launcher.core.DefaultLauncher.execute(DefaultLauncher.java:181) ~[junit-platform-launcher-1.3.1.jar:1.3.1]
	at org.junit.platform.launcher.core.DefaultLauncher.execute(DefaultLauncher.java:128) ~[junit-platform-launcher-1.3.1.jar:1.3.1]
	at org.apache.maven.surefire.junitplatform.JUnitPlatformProvider.invokeAllTests(JUnitPlatformProvider.java:150) ~[surefire-junit-platform-2.22.2.jar:2.22.2]
	at org.apache.maven.surefire.junitplatform.JUnitPlatformProvider.invoke(JUnitPlatformProvider.java:124) ~[surefire-junit-platform-2.22.2.jar:2.22.2]
	at org.apache.maven.surefire.booter.ForkedBooter.invokeProviderInSameClassLoader(ForkedBooter.java:384) ~[surefire-booter-2.22.2.jar:2.22.2]
	at org.apache.maven.surefire.booter.ForkedBooter.runSuitesInProcess(ForkedBooter.java:345) ~[surefire-booter-2.22.2.jar:2.22.2]
	at org.apache.maven.surefire.booter.ForkedBooter.execute(ForkedBooter.java:126) ~[surefire-booter-2.22.2.jar:2.22.2]
	at org.apache.maven.surefire.booter.ForkedBooter.main(ForkedBooter.java:418) ~[surefire-booter-2.22.2.jar:2.22.2]

2023-11-28T22:11:59.553-05:00 DEBUG 27472 --- [           main] org.springframework.test.context.cache   : Spring test ApplicationContext cache statistics: [DefaultContextCache@8caffbd size = 5, maxSize = 32, parentContextCount = 0, hitCount = 609, missCount = 5]
2023-11-28T22:11:59.553-05:00 DEBUG 27472 --- [           main] org.springframework.test.context.cache   : Spring test ApplicationContext cache statistics: [DefaultContextCache@8caffbd size = 5, maxSize = 32, parentContextCount = 0, hitCount = 610, missCount = 5]
2023-11-28T22:11:59.553-05:00 DEBUG 27472 --- [           main] org.springframework.test.context.cache   : Spring test ApplicationContext cache statistics: [DefaultContextCache@8caffbd size = 5, maxSize = 32, parentContextCount = 0, hitCount = 611, missCount = 5]
2023-11-28T22:11:59.553-05:00 DEBUG 27472 --- [           main] org.springframework.test.context.cache   : Spring test ApplicationContext cache statistics: [DefaultContextCache@8caffbd size = 5, maxSize = 32, parentContextCount = 0, hitCount = 612, missCount = 5]
2023-11-28T22:11:59.553-05:00 DEBUG 27472 --- [           main] org.springframework.test.context.cache   : Spring test ApplicationContext cache statistics: [DefaultContextCache@8caffbd size = 5, maxSize = 32, parentContextCount = 0, hitCount = 613, missCount = 5]
2023-11-28T22:11:59.553-05:00 DEBUG 27472 --- [           main] org.springframework.test.context.cache   : Spring test ApplicationContext cache statistics: [DefaultContextCache@8caffbd size = 5, maxSize = 32, parentContextCount = 0, hitCount = 614, missCount = 5]
2023-11-28T22:11:59.553-05:00 DEBUG 27472 --- [           main] o.s.orm.jpa.JpaTransactionManager        : Initiating transaction rollback
2023-11-28T22:11:59.553-05:00 DEBUG 27472 --- [           main] o.s.orm.jpa.JpaTransactionManager        : Rolling back JPA transaction on EntityManager [SessionImpl(941653273<open>)]
2023-11-28T22:11:59.553-05:00 DEBUG 27472 --- [           main] o.h.e.t.internal.TransactionImpl         : rolling back
2023-11-28T22:11:59.553-05:00 DEBUG 27472 --- [           main] org.postgresql.jdbc.PgConnection         : Rollback requested but no transaction in progress
2023-11-28T22:11:59.553-05:00 DEBUG 27472 --- [           main] org.postgresql.jdbc.PgConnection         :   setAutoCommit = true
2023-11-28T22:11:59.553-05:00 DEBUG 27472 --- [           main] o.s.orm.jpa.JpaTransactionManager        : Closing JPA EntityManager [SessionImpl(941653273<open>)] after transaction
2023-11-28T22:11:59.553-05:00 DEBUG 27472 --- [           main] o.s.t.c.transaction.TransactionContext   : Rolled back transaction (1) for test class [com.cash_flow_app.apicashflow.service.IncomeExpenseServiceTest]; test method [getExpensesOrIncomesByAccountId]
2023-11-28T22:11:59.553-05:00 DEBUG 27472 --- [           main] tractDirtiesContextTestExecutionListener : After test method: class [IncomeExpenseServiceTest], method [getExpensesOrIncomesByAccountId], class annotated with @DirtiesContext [false] with mode [null], method annotated with @DirtiesContext [false] with mode [null]
2023-11-28T22:11:59.553-05:00 DEBUG 27472 --- [           main] o.s.t.c.w.ServletTestExecutionListener   : Resetting RequestContextHolder for test class com.cash_flow_app.apicashflow.service.IncomeExpenseServiceTest
]]></system-out>
  </testcase>
  <testcase name="getIncomesExpensesByAccountId" classname="com.cash_flow_app.apicashflow.service.IncomeExpenseServiceTest" time="0.002">
    <error message="Cannot invoke &quot;org.springframework.security.core.Authentication.getPrincipal()&quot; because the return value of &quot;org.springframework.security.core.context.SecurityContext.getAuthentication()&quot; is null" type="java.lang.NullPointerException">java.lang.NullPointerException: Cannot invoke "org.springframework.security.core.Authentication.getPrincipal()" because the return value of "org.springframework.security.core.context.SecurityContext.getAuthentication()" is null
	at com.cash_flow_app.apicashflow.service.IncomeExpenseServiceTest.setup(IncomeExpenseServiceTest.java:60)
</error>
    <system-out><![CDATA[2023-11-28T22:11:59.554-05:00 DEBUG 27472 --- [           main] org.springframework.test.context.cache   : Spring test ApplicationContext cache statistics: [DefaultContextCache@8caffbd size = 5, maxSize = 32, parentContextCount = 0, hitCount = 615, missCount = 5]
2023-11-28T22:11:59.554-05:00 DEBUG 27472 --- [           main] o.s.t.c.w.ServletTestExecutionListener   : Setting up MockHttpServletRequest, MockHttpServletResponse, ServletWebRequest, and RequestContextHolder for test class com.cash_flow_app.apicashflow.service.IncomeExpenseServiceTest
2023-11-28T22:11:59.554-05:00 DEBUG 27472 --- [           main] DependencyInjectionTestExecutionListener : Performing dependency injection for test class com.cash_flow_app.apicashflow.service.IncomeExpenseServiceTest
2023-11-28T22:11:59.554-05:00 DEBUG 27472 --- [           main] org.springframework.test.context.cache   : Spring test ApplicationContext cache statistics: [DefaultContextCache@8caffbd size = 5, maxSize = 32, parentContextCount = 0, hitCount = 616, missCount = 5]
2023-11-28T22:11:59.554-05:00 DEBUG 27472 --- [           main] org.springframework.test.context.cache   : Spring test ApplicationContext cache statistics: [DefaultContextCache@8caffbd size = 5, maxSize = 32, parentContextCount = 0, hitCount = 617, missCount = 5]
2023-11-28T22:11:59.554-05:00 DEBUG 27472 --- [           main] tractDirtiesContextTestExecutionListener : Before test method: class [IncomeExpenseServiceTest], method [getIncomesExpensesByAccountId], class annotated with @DirtiesContext [false] with mode [null], method annotated with @DirtiesContext [false] with mode [null]
2023-11-28T22:11:59.554-05:00 DEBUG 27472 --- [           main] t.c.t.TransactionalTestExecutionListener : Explicit transaction definition [PROPAGATION_REQUIRED,ISOLATION_DEFAULT] found for test class [com.cash_flow_app.apicashflow.service.IncomeExpenseServiceTest] and test method [getIncomesExpensesByAccountId]
2023-11-28T22:11:59.554-05:00 DEBUG 27472 --- [           main] org.springframework.test.context.cache   : Spring test ApplicationContext cache statistics: [DefaultContextCache@8caffbd size = 5, maxSize = 32, parentContextCount = 0, hitCount = 618, missCount = 5]
2023-11-28T22:11:59.554-05:00 DEBUG 27472 --- [           main] t.c.t.TransactionalTestExecutionListener : No method-level @Rollback override: using default rollback [true] for test method [void com.cash_flow_app.apicashflow.service.IncomeExpenseServiceTest.getIncomesExpensesByAccountId() throws java.io.IOException]
2023-11-28T22:11:59.554-05:00 DEBUG 27472 --- [           main] o.s.orm.jpa.JpaTransactionManager        : Creating new transaction with name [com.cash_flow_app.apicashflow.service.IncomeExpenseServiceTest.getIncomesExpensesByAccountId]: PROPAGATION_REQUIRED,ISOLATION_DEFAULT
2023-11-28T22:11:59.554-05:00 DEBUG 27472 --- [           main] o.s.orm.jpa.JpaTransactionManager        : Opened new EntityManager [SessionImpl(1775976892<open>)] for JPA transaction
2023-11-28T22:11:59.554-05:00 DEBUG 27472 --- [           main] o.h.e.t.internal.TransactionImpl         : On TransactionImpl creation, JpaCompliance#isJpaTransactionComplianceEnabled == false
2023-11-28T22:11:59.554-05:00 DEBUG 27472 --- [           main] o.h.e.t.internal.TransactionImpl         : begin
2023-11-28T22:11:59.554-05:00 DEBUG 27472 --- [           main] org.postgresql.jdbc.PgConnection         :   setAutoCommit = false
2023-11-28T22:11:59.554-05:00 DEBUG 27472 --- [           main] o.s.orm.jpa.JpaTransactionManager        : Exposing JPA transaction as JDBC [org.springframework.orm.jpa.vendor.HibernateJpaDialect$HibernateConnectionHandle@401038b1]
2023-11-28T22:11:59.554-05:00 DEBUG 27472 --- [           main] o.s.t.c.transaction.TransactionContext   : Began transaction (1) for test class [com.cash_flow_app.apicashflow.service.IncomeExpenseServiceTest]; test method [getIncomesExpensesByAccountId]; transaction manager [org.springframework.orm.jpa.JpaTransactionManager@475454ae]; rollback [true]
2023-11-28T22:11:59.554-05:00 DEBUG 27472 --- [           main] org.springframework.test.context.cache   : Spring test ApplicationContext cache statistics: [DefaultContextCache@8caffbd size = 5, maxSize = 32, parentContextCount = 0, hitCount = 619, missCount = 5]
2023-11-28T22:11:59.554-05:00 DEBUG 27472 --- [           main] org.springframework.test.context.cache   : Spring test ApplicationContext cache statistics: [DefaultContextCache@8caffbd size = 5, maxSize = 32, parentContextCount = 0, hitCount = 620, missCount = 5]
2023-11-28T22:11:59.555-05:00 DEBUG 27472 --- [           main] o.s.orm.jpa.JpaTransactionManager        : Found thread-bound EntityManager [SessionImpl(1775976892<open>)] for JPA transaction
2023-11-28T22:11:59.555-05:00 DEBUG 27472 --- [           main] o.s.orm.jpa.JpaTransactionManager        : Participating in existing transaction
2023-11-28T22:11:59.555-05:00 DEBUG 27472 --- [           main] o.h.j.internal.PersistenceUnitUtilImpl   : jakarta.persistence.PersistenceUnitUtil.getIdentifier is only intended to work with enhanced entities (although Hibernate also adapts this support to its proxies); however the passed entity was not enhanced (nor a proxy).. may not be able to read identifier
2023-11-28T22:11:59.555-05:00 DEBUG 27472 --- [           main] o.h.e.i.AbstractSaveEventListener        : Generated identifier: e73495dc-64ea-4e76-ab3f-140903327da7, using strategy: org.hibernate.id.UUIDGenerator
2023-11-28T22:11:59.555-05:00 DEBUG 27472 --- [           main] o.s.orm.jpa.JpaTransactionManager        : Found thread-bound EntityManager [SessionImpl(1775976892<open>)] for JPA transaction
2023-11-28T22:11:59.555-05:00 DEBUG 27472 --- [           main] o.s.orm.jpa.JpaTransactionManager        : Participating in existing transaction
2023-11-28T22:11:59.555-05:00 DEBUG 27472 --- [           main] o.s.orm.jpa.JpaTransactionManager        : Participating transaction failed - marking existing transaction as rollback-only
2023-11-28T22:11:59.555-05:00 DEBUG 27472 --- [           main] o.s.orm.jpa.JpaTransactionManager        : Setting JPA transaction on EntityManager [SessionImpl(1775976892<open>)] rollback-only
2023-11-28T22:11:59.555-05:00 DEBUG 27472 --- [           main] cResourceLocalTransactionCoordinatorImpl : JDBC transaction marked for rollback-only (exception provided for stack trace)

java.lang.Exception: exception just for purpose of providing stack trace
	at org.hibernate.resource.transaction.backend.jdbc.internal.JdbcResourceLocalTransactionCoordinatorImpl$TransactionDriverControlImpl.markRollbackOnly(JdbcResourceLocalTransactionCoordinatorImpl.java:324) ~[hibernate-core-6.1.7.Final.jar:6.1.7.Final]
	at org.hibernate.engine.transaction.internal.TransactionImpl.markRollbackOnly(TransactionImpl.java:203) ~[hibernate-core-6.1.7.Final.jar:6.1.7.Final]
	at org.hibernate.engine.transaction.internal.TransactionImpl.setRollbackOnly(TransactionImpl.java:224) ~[hibernate-core-6.1.7.Final.jar:6.1.7.Final]
	at org.springframework.orm.jpa.JpaTransactionManager$JpaTransactionObject.setRollbackOnly(JpaTransactionManager.java:711) ~[spring-orm-6.0.8.jar:6.0.8]
	at org.springframework.orm.jpa.JpaTransactionManager.doSetRollbackOnly(JpaTransactionManager.java:610) ~[spring-orm-6.0.8.jar:6.0.8]
	at org.springframework.transaction.support.AbstractPlatformTransactionManager.processRollback(AbstractPlatformTransactionManager.java:844) ~[spring-tx-6.0.8.jar:6.0.8]
	at org.springframework.transaction.support.AbstractPlatformTransactionManager.rollback(AbstractPlatformTransactionManager.java:809) ~[spring-tx-6.0.8.jar:6.0.8]
	at org.springframework.transaction.interceptor.TransactionAspectSupport.completeTransactionAfterThrowing(TransactionAspectSupport.java:678) ~[spring-tx-6.0.8.jar:6.0.8]
	at org.springframework.transaction.interceptor.TransactionAspectSupport.invokeWithinTransaction(TransactionAspectSupport.java:395) ~[spring-tx-6.0.8.jar:6.0.8]
	at org.springframework.transaction.interceptor.TransactionInterceptor.invoke(TransactionInterceptor.java:119) ~[spring-tx-6.0.8.jar:6.0.8]
	at org.springframework.aop.framework.ReflectiveMethodInvocation.proceed(ReflectiveMethodInvocation.java:184) ~[spring-aop-6.0.8.jar:6.0.8]
	at org.springframework.aop.framework.CglibAopProxy$CglibMethodInvocation.proceed(CglibAopProxy.java:750) ~[spring-aop-6.0.8.jar:6.0.8]
	at org.springframework.aop.framework.CglibAopProxy$DynamicAdvisedInterceptor.intercept(CglibAopProxy.java:702) ~[spring-aop-6.0.8.jar:6.0.8]
	at com.cash_flow_app.apicashflow.entities_repositories_and_services.base.account.AccountService$$SpringCGLIB$$0.save(<generated>) ~[classes/:na]
	at com.cash_flow_app.apicashflow.service.IncomeExpenseServiceTest.setup(IncomeExpenseServiceTest.java:60) ~[test-classes/:na]
	at java.base/jdk.internal.reflect.DirectMethodHandleAccessor.invoke(DirectMethodHandleAccessor.java:104) ~[na:na]
	at java.base/java.lang.reflect.Method.invoke(Method.java:578) ~[na:na]
	at org.junit.platform.commons.util.ReflectionUtils.invokeMethod(ReflectionUtils.java:727) ~[junit-platform-commons-1.9.2.jar:1.9.2]
	at org.junit.jupiter.engine.execution.MethodInvocation.proceed(MethodInvocation.java:60) ~[junit-jupiter-engine-5.9.2.jar:5.9.2]
	at org.junit.jupiter.engine.execution.InvocationInterceptorChain$ValidatingInvocation.proceed(InvocationInterceptorChain.java:131) ~[junit-jupiter-engine-5.9.2.jar:5.9.2]
	at org.junit.jupiter.engine.extension.TimeoutExtension.intercept(TimeoutExtension.java:156) ~[junit-jupiter-engine-5.9.2.jar:5.9.2]
	at org.junit.jupiter.engine.extension.TimeoutExtension.interceptLifecycleMethod(TimeoutExtension.java:128) ~[junit-jupiter-engine-5.9.2.jar:5.9.2]
	at org.junit.jupiter.engine.extension.TimeoutExtension.interceptBeforeEachMethod(TimeoutExtension.java:78) ~[junit-jupiter-engine-5.9.2.jar:5.9.2]
	at org.junit.jupiter.engine.execution.InterceptingExecutableInvoker$ReflectiveInterceptorCall.lambda$ofVoidMethod$0(InterceptingExecutableInvoker.java:103) ~[junit-jupiter-engine-5.9.2.jar:5.9.2]
	at org.junit.jupiter.engine.execution.InterceptingExecutableInvoker.lambda$invoke$0(InterceptingExecutableInvoker.java:93) ~[junit-jupiter-engine-5.9.2.jar:5.9.2]
	at org.junit.jupiter.engine.execution.InvocationInterceptorChain$InterceptedInvocation.proceed(InvocationInterceptorChain.java:106) ~[junit-jupiter-engine-5.9.2.jar:5.9.2]
	at org.junit.jupiter.engine.execution.InvocationInterceptorChain.proceed(InvocationInterceptorChain.java:64) ~[junit-jupiter-engine-5.9.2.jar:5.9.2]
	at org.junit.jupiter.engine.execution.InvocationInterceptorChain.chainAndInvoke(InvocationInterceptorChain.java:45) ~[junit-jupiter-engine-5.9.2.jar:5.9.2]
	at org.junit.jupiter.engine.execution.InvocationInterceptorChain.invoke(InvocationInterceptorChain.java:37) ~[junit-jupiter-engine-5.9.2.jar:5.9.2]
	at org.junit.jupiter.engine.execution.InterceptingExecutableInvoker.invoke(InterceptingExecutableInvoker.java:92) ~[junit-jupiter-engine-5.9.2.jar:5.9.2]
	at org.junit.jupiter.engine.execution.InterceptingExecutableInvoker.invoke(InterceptingExecutableInvoker.java:86) ~[junit-jupiter-engine-5.9.2.jar:5.9.2]
	at org.junit.jupiter.engine.descriptor.ClassBasedTestDescriptor.invokeMethodInExtensionContext(ClassBasedTestDescriptor.java:520) ~[junit-jupiter-engine-5.9.2.jar:5.9.2]
	at org.junit.jupiter.engine.descriptor.ClassBasedTestDescriptor.lambda$synthesizeBeforeEachMethodAdapter$23(ClassBasedTestDescriptor.java:505) ~[junit-jupiter-engine-5.9.2.jar:5.9.2]
	at org.junit.jupiter.engine.descriptor.TestMethodTestDescriptor.lambda$invokeBeforeEachMethods$3(TestMethodTestDescriptor.java:174) ~[junit-jupiter-engine-5.9.2.jar:5.9.2]
	at org.junit.jupiter.engine.descriptor.TestMethodTestDescriptor.lambda$invokeBeforeMethodsOrCallbacksUntilExceptionOccurs$6(TestMethodTestDescriptor.java:202) ~[junit-jupiter-engine-5.9.2.jar:5.9.2]
	at org.junit.platform.engine.support.hierarchical.ThrowableCollector.execute(ThrowableCollector.java:73) ~[junit-platform-engine-1.9.2.jar:1.9.2]
	at org.junit.jupiter.engine.descriptor.TestMethodTestDescriptor.invokeBeforeMethodsOrCallbacksUntilExceptionOccurs(TestMethodTestDescriptor.java:202) ~[junit-jupiter-engine-5.9.2.jar:5.9.2]
	at org.junit.jupiter.engine.descriptor.TestMethodTestDescriptor.invokeBeforeEachMethods(TestMethodTestDescriptor.java:171) ~[junit-jupiter-engine-5.9.2.jar:5.9.2]
	at org.junit.jupiter.engine.descriptor.TestMethodTestDescriptor.execute(TestMethodTestDescriptor.java:134) ~[junit-jupiter-engine-5.9.2.jar:5.9.2]
	at org.junit.jupiter.engine.descriptor.TestMethodTestDescriptor.execute(TestMethodTestDescriptor.java:68) ~[junit-jupiter-engine-5.9.2.jar:5.9.2]
	at org.junit.platform.engine.support.hierarchical.NodeTestTask.lambda$executeRecursively$6(NodeTestTask.java:151) ~[junit-platform-engine-1.9.2.jar:1.9.2]
	at org.junit.platform.engine.support.hierarchical.ThrowableCollector.execute(ThrowableCollector.java:73) ~[junit-platform-engine-1.9.2.jar:1.9.2]
	at org.junit.platform.engine.support.hierarchical.NodeTestTask.lambda$executeRecursively$8(NodeTestTask.java:141) ~[junit-platform-engine-1.9.2.jar:1.9.2]
	at org.junit.platform.engine.support.hierarchical.Node.around(Node.java:137) ~[junit-platform-engine-1.9.2.jar:1.9.2]
	at org.junit.platform.engine.support.hierarchical.NodeTestTask.lambda$executeRecursively$9(NodeTestTask.java:139) ~[junit-platform-engine-1.9.2.jar:1.9.2]
	at org.junit.platform.engine.support.hierarchical.ThrowableCollector.execute(ThrowableCollector.java:73) ~[junit-platform-engine-1.9.2.jar:1.9.2]
	at org.junit.platform.engine.support.hierarchical.NodeTestTask.executeRecursively(NodeTestTask.java:138) ~[junit-platform-engine-1.9.2.jar:1.9.2]
	at org.junit.platform.engine.support.hierarchical.NodeTestTask.execute(NodeTestTask.java:95) ~[junit-platform-engine-1.9.2.jar:1.9.2]
	at java.base/java.util.ArrayList.forEach(ArrayList.java:1511) ~[na:na]
	at org.junit.platform.engine.support.hierarchical.SameThreadHierarchicalTestExecutorService.invokeAll(SameThreadHierarchicalTestExecutorService.java:41) ~[junit-platform-engine-1.9.2.jar:1.9.2]
	at org.junit.platform.engine.support.hierarchical.NodeTestTask.lambda$executeRecursively$6(NodeTestTask.java:155) ~[junit-platform-engine-1.9.2.jar:1.9.2]
	at org.junit.platform.engine.support.hierarchical.ThrowableCollector.execute(ThrowableCollector.java:73) ~[junit-platform-engine-1.9.2.jar:1.9.2]
	at org.junit.platform.engine.support.hierarchical.NodeTestTask.lambda$executeRecursively$8(NodeTestTask.java:141) ~[junit-platform-engine-1.9.2.jar:1.9.2]
	at org.junit.platform.engine.support.hierarchical.Node.around(Node.java:137) ~[junit-platform-engine-1.9.2.jar:1.9.2]
	at org.junit.platform.engine.support.hierarchical.NodeTestTask.lambda$executeRecursively$9(NodeTestTask.java:139) ~[junit-platform-engine-1.9.2.jar:1.9.2]
	at org.junit.platform.engine.support.hierarchical.ThrowableCollector.execute(ThrowableCollector.java:73) ~[junit-platform-engine-1.9.2.jar:1.9.2]
	at org.junit.platform.engine.support.hierarchical.NodeTestTask.executeRecursively(NodeTestTask.java:138) ~[junit-platform-engine-1.9.2.jar:1.9.2]
	at org.junit.platform.engine.support.hierarchical.NodeTestTask.execute(NodeTestTask.java:95) ~[junit-platform-engine-1.9.2.jar:1.9.2]
	at java.base/java.util.ArrayList.forEach(ArrayList.java:1511) ~[na:na]
	at org.junit.platform.engine.support.hierarchical.SameThreadHierarchicalTestExecutorService.invokeAll(SameThreadHierarchicalTestExecutorService.java:41) ~[junit-platform-engine-1.9.2.jar:1.9.2]
	at org.junit.platform.engine.support.hierarchical.NodeTestTask.lambda$executeRecursively$6(NodeTestTask.java:155) ~[junit-platform-engine-1.9.2.jar:1.9.2]
	at org.junit.platform.engine.support.hierarchical.ThrowableCollector.execute(ThrowableCollector.java:73) ~[junit-platform-engine-1.9.2.jar:1.9.2]
	at org.junit.platform.engine.support.hierarchical.NodeTestTask.lambda$executeRecursively$8(NodeTestTask.java:141) ~[junit-platform-engine-1.9.2.jar:1.9.2]
	at org.junit.platform.engine.support.hierarchical.Node.around(Node.java:137) ~[junit-platform-engine-1.9.2.jar:1.9.2]
	at org.junit.platform.engine.support.hierarchical.NodeTestTask.lambda$executeRecursively$9(NodeTestTask.java:139) ~[junit-platform-engine-1.9.2.jar:1.9.2]
	at org.junit.platform.engine.support.hierarchical.ThrowableCollector.execute(ThrowableCollector.java:73) ~[junit-platform-engine-1.9.2.jar:1.9.2]
	at org.junit.platform.engine.support.hierarchical.NodeTestTask.executeRecursively(NodeTestTask.java:138) ~[junit-platform-engine-1.9.2.jar:1.9.2]
	at org.junit.platform.engine.support.hierarchical.NodeTestTask.execute(NodeTestTask.java:95) ~[junit-platform-engine-1.9.2.jar:1.9.2]
	at org.junit.platform.engine.support.hierarchical.SameThreadHierarchicalTestExecutorService.submit(SameThreadHierarchicalTestExecutorService.java:35) ~[junit-platform-engine-1.9.2.jar:1.9.2]
	at org.junit.platform.engine.support.hierarchical.HierarchicalTestExecutor.execute(HierarchicalTestExecutor.java:57) ~[junit-platform-engine-1.9.2.jar:1.9.2]
	at org.junit.platform.engine.support.hierarchical.HierarchicalTestEngine.execute(HierarchicalTestEngine.java:54) ~[junit-platform-engine-1.9.2.jar:1.9.2]
	at org.junit.platform.launcher.core.DefaultLauncher.execute(DefaultLauncher.java:220) ~[junit-platform-launcher-1.3.1.jar:1.3.1]
	at org.junit.platform.launcher.core.DefaultLauncher.lambda$execute$6(DefaultLauncher.java:188) ~[junit-platform-launcher-1.3.1.jar:1.3.1]
	at org.junit.platform.launcher.core.DefaultLauncher.withInterceptedStreams(DefaultLauncher.java:202) ~[junit-platform-launcher-1.3.1.jar:1.3.1]
	at org.junit.platform.launcher.core.DefaultLauncher.execute(DefaultLauncher.java:181) ~[junit-platform-launcher-1.3.1.jar:1.3.1]
	at org.junit.platform.launcher.core.DefaultLauncher.execute(DefaultLauncher.java:128) ~[junit-platform-launcher-1.3.1.jar:1.3.1]
	at org.apache.maven.surefire.junitplatform.JUnitPlatformProvider.invokeAllTests(JUnitPlatformProvider.java:150) ~[surefire-junit-platform-2.22.2.jar:2.22.2]
	at org.apache.maven.surefire.junitplatform.JUnitPlatformProvider.invoke(JUnitPlatformProvider.java:124) ~[surefire-junit-platform-2.22.2.jar:2.22.2]
	at org.apache.maven.surefire.booter.ForkedBooter.invokeProviderInSameClassLoader(ForkedBooter.java:384) ~[surefire-booter-2.22.2.jar:2.22.2]
	at org.apache.maven.surefire.booter.ForkedBooter.runSuitesInProcess(ForkedBooter.java:345) ~[surefire-booter-2.22.2.jar:2.22.2]
	at org.apache.maven.surefire.booter.ForkedBooter.execute(ForkedBooter.java:126) ~[surefire-booter-2.22.2.jar:2.22.2]
	at org.apache.maven.surefire.booter.ForkedBooter.main(ForkedBooter.java:418) ~[surefire-booter-2.22.2.jar:2.22.2]

2023-11-28T22:11:59.555-05:00 DEBUG 27472 --- [           main] org.springframework.test.context.cache   : Spring test ApplicationContext cache statistics: [DefaultContextCache@8caffbd size = 5, maxSize = 32, parentContextCount = 0, hitCount = 621, missCount = 5]
2023-11-28T22:11:59.555-05:00 DEBUG 27472 --- [           main] org.springframework.test.context.cache   : Spring test ApplicationContext cache statistics: [DefaultContextCache@8caffbd size = 5, maxSize = 32, parentContextCount = 0, hitCount = 622, missCount = 5]
2023-11-28T22:11:59.555-05:00 DEBUG 27472 --- [           main] org.springframework.test.context.cache   : Spring test ApplicationContext cache statistics: [DefaultContextCache@8caffbd size = 5, maxSize = 32, parentContextCount = 0, hitCount = 623, missCount = 5]
2023-11-28T22:11:59.555-05:00 DEBUG 27472 --- [           main] org.springframework.test.context.cache   : Spring test ApplicationContext cache statistics: [DefaultContextCache@8caffbd size = 5, maxSize = 32, parentContextCount = 0, hitCount = 624, missCount = 5]
2023-11-28T22:11:59.555-05:00 DEBUG 27472 --- [           main] org.springframework.test.context.cache   : Spring test ApplicationContext cache statistics: [DefaultContextCache@8caffbd size = 5, maxSize = 32, parentContextCount = 0, hitCount = 625, missCount = 5]
2023-11-28T22:11:59.555-05:00 DEBUG 27472 --- [           main] org.springframework.test.context.cache   : Spring test ApplicationContext cache statistics: [DefaultContextCache@8caffbd size = 5, maxSize = 32, parentContextCount = 0, hitCount = 626, missCount = 5]
2023-11-28T22:11:59.556-05:00 DEBUG 27472 --- [           main] o.s.orm.jpa.JpaTransactionManager        : Initiating transaction rollback
2023-11-28T22:11:59.556-05:00 DEBUG 27472 --- [           main] o.s.orm.jpa.JpaTransactionManager        : Rolling back JPA transaction on EntityManager [SessionImpl(1775976892<open>)]
2023-11-28T22:11:59.556-05:00 DEBUG 27472 --- [           main] o.h.e.t.internal.TransactionImpl         : rolling back
2023-11-28T22:11:59.556-05:00 DEBUG 27472 --- [           main] org.postgresql.jdbc.PgConnection         : Rollback requested but no transaction in progress
2023-11-28T22:11:59.556-05:00 DEBUG 27472 --- [           main] org.postgresql.jdbc.PgConnection         :   setAutoCommit = true
2023-11-28T22:11:59.556-05:00 DEBUG 27472 --- [           main] o.s.orm.jpa.JpaTransactionManager        : Closing JPA EntityManager [SessionImpl(1775976892<open>)] after transaction
2023-11-28T22:11:59.556-05:00 DEBUG 27472 --- [           main] o.s.t.c.transaction.TransactionContext   : Rolled back transaction (1) for test class [com.cash_flow_app.apicashflow.service.IncomeExpenseServiceTest]; test method [getIncomesExpensesByAccountId]
2023-11-28T22:11:59.556-05:00 DEBUG 27472 --- [           main] tractDirtiesContextTestExecutionListener : After test method: class [IncomeExpenseServiceTest], method [getIncomesExpensesByAccountId], class annotated with @DirtiesContext [false] with mode [null], method annotated with @DirtiesContext [false] with mode [null]
2023-11-28T22:11:59.556-05:00 DEBUG 27472 --- [           main] o.s.t.c.w.ServletTestExecutionListener   : Resetting RequestContextHolder for test class com.cash_flow_app.apicashflow.service.IncomeExpenseServiceTest
]]></system-out>
  </testcase>
  <testcase name="getIncomesByAccountIdAndDate" classname="com.cash_flow_app.apicashflow.service.IncomeExpenseServiceTest" time="0.001">
    <error message="Cannot invoke &quot;org.springframework.security.core.Authentication.getPrincipal()&quot; because the return value of &quot;org.springframework.security.core.context.SecurityContext.getAuthentication()&quot; is null" type="java.lang.NullPointerException">java.lang.NullPointerException: Cannot invoke "org.springframework.security.core.Authentication.getPrincipal()" because the return value of "org.springframework.security.core.context.SecurityContext.getAuthentication()" is null
	at com.cash_flow_app.apicashflow.service.IncomeExpenseServiceTest.setup(IncomeExpenseServiceTest.java:60)
</error>
    <system-out><![CDATA[2023-11-28T22:11:59.556-05:00 DEBUG 27472 --- [           main] org.springframework.test.context.cache   : Spring test ApplicationContext cache statistics: [DefaultContextCache@8caffbd size = 5, maxSize = 32, parentContextCount = 0, hitCount = 627, missCount = 5]
2023-11-28T22:11:59.556-05:00 DEBUG 27472 --- [           main] o.s.t.c.w.ServletTestExecutionListener   : Setting up MockHttpServletRequest, MockHttpServletResponse, ServletWebRequest, and RequestContextHolder for test class com.cash_flow_app.apicashflow.service.IncomeExpenseServiceTest
2023-11-28T22:11:59.556-05:00 DEBUG 27472 --- [           main] DependencyInjectionTestExecutionListener : Performing dependency injection for test class com.cash_flow_app.apicashflow.service.IncomeExpenseServiceTest
2023-11-28T22:11:59.556-05:00 DEBUG 27472 --- [           main] org.springframework.test.context.cache   : Spring test ApplicationContext cache statistics: [DefaultContextCache@8caffbd size = 5, maxSize = 32, parentContextCount = 0, hitCount = 628, missCount = 5]
2023-11-28T22:11:59.556-05:00 DEBUG 27472 --- [           main] org.springframework.test.context.cache   : Spring test ApplicationContext cache statistics: [DefaultContextCache@8caffbd size = 5, maxSize = 32, parentContextCount = 0, hitCount = 629, missCount = 5]
2023-11-28T22:11:59.556-05:00 DEBUG 27472 --- [           main] tractDirtiesContextTestExecutionListener : Before test method: class [IncomeExpenseServiceTest], method [getIncomesByAccountIdAndDate], class annotated with @DirtiesContext [false] with mode [null], method annotated with @DirtiesContext [false] with mode [null]
2023-11-28T22:11:59.556-05:00 DEBUG 27472 --- [           main] t.c.t.TransactionalTestExecutionListener : Explicit transaction definition [PROPAGATION_REQUIRED,ISOLATION_DEFAULT] found for test class [com.cash_flow_app.apicashflow.service.IncomeExpenseServiceTest] and test method [getIncomesByAccountIdAndDate]
2023-11-28T22:11:59.556-05:00 DEBUG 27472 --- [           main] org.springframework.test.context.cache   : Spring test ApplicationContext cache statistics: [DefaultContextCache@8caffbd size = 5, maxSize = 32, parentContextCount = 0, hitCount = 630, missCount = 5]
2023-11-28T22:11:59.556-05:00 DEBUG 27472 --- [           main] t.c.t.TransactionalTestExecutionListener : No method-level @Rollback override: using default rollback [true] for test method [void com.cash_flow_app.apicashflow.service.IncomeExpenseServiceTest.getIncomesByAccountIdAndDate() throws java.io.IOException]
2023-11-28T22:11:59.556-05:00 DEBUG 27472 --- [           main] o.s.orm.jpa.JpaTransactionManager        : Creating new transaction with name [com.cash_flow_app.apicashflow.service.IncomeExpenseServiceTest.getIncomesByAccountIdAndDate]: PROPAGATION_REQUIRED,ISOLATION_DEFAULT
2023-11-28T22:11:59.556-05:00 DEBUG 27472 --- [           main] o.s.orm.jpa.JpaTransactionManager        : Opened new EntityManager [SessionImpl(309711131<open>)] for JPA transaction
2023-11-28T22:11:59.556-05:00 DEBUG 27472 --- [           main] o.h.e.t.internal.TransactionImpl         : On TransactionImpl creation, JpaCompliance#isJpaTransactionComplianceEnabled == false
2023-11-28T22:11:59.556-05:00 DEBUG 27472 --- [           main] o.h.e.t.internal.TransactionImpl         : begin
2023-11-28T22:11:59.556-05:00 DEBUG 27472 --- [           main] org.postgresql.jdbc.PgConnection         :   setAutoCommit = false
2023-11-28T22:11:59.556-05:00 DEBUG 27472 --- [           main] o.s.orm.jpa.JpaTransactionManager        : Exposing JPA transaction as JDBC [org.springframework.orm.jpa.vendor.HibernateJpaDialect$HibernateConnectionHandle@796ca104]
2023-11-28T22:11:59.556-05:00 DEBUG 27472 --- [           main] o.s.t.c.transaction.TransactionContext   : Began transaction (1) for test class [com.cash_flow_app.apicashflow.service.IncomeExpenseServiceTest]; test method [getIncomesByAccountIdAndDate]; transaction manager [org.springframework.orm.jpa.JpaTransactionManager@475454ae]; rollback [true]
2023-11-28T22:11:59.556-05:00 DEBUG 27472 --- [           main] org.springframework.test.context.cache   : Spring test ApplicationContext cache statistics: [DefaultContextCache@8caffbd size = 5, maxSize = 32, parentContextCount = 0, hitCount = 631, missCount = 5]
2023-11-28T22:11:59.556-05:00 DEBUG 27472 --- [           main] org.springframework.test.context.cache   : Spring test ApplicationContext cache statistics: [DefaultContextCache@8caffbd size = 5, maxSize = 32, parentContextCount = 0, hitCount = 632, missCount = 5]
2023-11-28T22:11:59.556-05:00 DEBUG 27472 --- [           main] o.s.orm.jpa.JpaTransactionManager        : Found thread-bound EntityManager [SessionImpl(309711131<open>)] for JPA transaction
2023-11-28T22:11:59.556-05:00 DEBUG 27472 --- [           main] o.s.orm.jpa.JpaTransactionManager        : Participating in existing transaction
2023-11-28T22:11:59.556-05:00 DEBUG 27472 --- [           main] o.h.j.internal.PersistenceUnitUtilImpl   : jakarta.persistence.PersistenceUnitUtil.getIdentifier is only intended to work with enhanced entities (although Hibernate also adapts this support to its proxies); however the passed entity was not enhanced (nor a proxy).. may not be able to read identifier
2023-11-28T22:11:59.556-05:00 DEBUG 27472 --- [           main] o.h.e.i.AbstractSaveEventListener        : Generated identifier: 429f31c2-ecbe-45be-81ef-5bf4eb6080e0, using strategy: org.hibernate.id.UUIDGenerator
2023-11-28T22:11:59.556-05:00 DEBUG 27472 --- [           main] o.s.orm.jpa.JpaTransactionManager        : Found thread-bound EntityManager [SessionImpl(309711131<open>)] for JPA transaction
2023-11-28T22:11:59.556-05:00 DEBUG 27472 --- [           main] o.s.orm.jpa.JpaTransactionManager        : Participating in existing transaction
2023-11-28T22:11:59.557-05:00 DEBUG 27472 --- [           main] o.s.orm.jpa.JpaTransactionManager        : Participating transaction failed - marking existing transaction as rollback-only
2023-11-28T22:11:59.557-05:00 DEBUG 27472 --- [           main] o.s.orm.jpa.JpaTransactionManager        : Setting JPA transaction on EntityManager [SessionImpl(309711131<open>)] rollback-only
2023-11-28T22:11:59.557-05:00 DEBUG 27472 --- [           main] cResourceLocalTransactionCoordinatorImpl : JDBC transaction marked for rollback-only (exception provided for stack trace)

java.lang.Exception: exception just for purpose of providing stack trace
	at org.hibernate.resource.transaction.backend.jdbc.internal.JdbcResourceLocalTransactionCoordinatorImpl$TransactionDriverControlImpl.markRollbackOnly(JdbcResourceLocalTransactionCoordinatorImpl.java:324) ~[hibernate-core-6.1.7.Final.jar:6.1.7.Final]
	at org.hibernate.engine.transaction.internal.TransactionImpl.markRollbackOnly(TransactionImpl.java:203) ~[hibernate-core-6.1.7.Final.jar:6.1.7.Final]
	at org.hibernate.engine.transaction.internal.TransactionImpl.setRollbackOnly(TransactionImpl.java:224) ~[hibernate-core-6.1.7.Final.jar:6.1.7.Final]
	at org.springframework.orm.jpa.JpaTransactionManager$JpaTransactionObject.setRollbackOnly(JpaTransactionManager.java:711) ~[spring-orm-6.0.8.jar:6.0.8]
	at org.springframework.orm.jpa.JpaTransactionManager.doSetRollbackOnly(JpaTransactionManager.java:610) ~[spring-orm-6.0.8.jar:6.0.8]
	at org.springframework.transaction.support.AbstractPlatformTransactionManager.processRollback(AbstractPlatformTransactionManager.java:844) ~[spring-tx-6.0.8.jar:6.0.8]
	at org.springframework.transaction.support.AbstractPlatformTransactionManager.rollback(AbstractPlatformTransactionManager.java:809) ~[spring-tx-6.0.8.jar:6.0.8]
	at org.springframework.transaction.interceptor.TransactionAspectSupport.completeTransactionAfterThrowing(TransactionAspectSupport.java:678) ~[spring-tx-6.0.8.jar:6.0.8]
	at org.springframework.transaction.interceptor.TransactionAspectSupport.invokeWithinTransaction(TransactionAspectSupport.java:395) ~[spring-tx-6.0.8.jar:6.0.8]
	at org.springframework.transaction.interceptor.TransactionInterceptor.invoke(TransactionInterceptor.java:119) ~[spring-tx-6.0.8.jar:6.0.8]
	at org.springframework.aop.framework.ReflectiveMethodInvocation.proceed(ReflectiveMethodInvocation.java:184) ~[spring-aop-6.0.8.jar:6.0.8]
	at org.springframework.aop.framework.CglibAopProxy$CglibMethodInvocation.proceed(CglibAopProxy.java:750) ~[spring-aop-6.0.8.jar:6.0.8]
	at org.springframework.aop.framework.CglibAopProxy$DynamicAdvisedInterceptor.intercept(CglibAopProxy.java:702) ~[spring-aop-6.0.8.jar:6.0.8]
	at com.cash_flow_app.apicashflow.entities_repositories_and_services.base.account.AccountService$$SpringCGLIB$$0.save(<generated>) ~[classes/:na]
	at com.cash_flow_app.apicashflow.service.IncomeExpenseServiceTest.setup(IncomeExpenseServiceTest.java:60) ~[test-classes/:na]
	at java.base/jdk.internal.reflect.DirectMethodHandleAccessor.invoke(DirectMethodHandleAccessor.java:104) ~[na:na]
	at java.base/java.lang.reflect.Method.invoke(Method.java:578) ~[na:na]
	at org.junit.platform.commons.util.ReflectionUtils.invokeMethod(ReflectionUtils.java:727) ~[junit-platform-commons-1.9.2.jar:1.9.2]
	at org.junit.jupiter.engine.execution.MethodInvocation.proceed(MethodInvocation.java:60) ~[junit-jupiter-engine-5.9.2.jar:5.9.2]
	at org.junit.jupiter.engine.execution.InvocationInterceptorChain$ValidatingInvocation.proceed(InvocationInterceptorChain.java:131) ~[junit-jupiter-engine-5.9.2.jar:5.9.2]
	at org.junit.jupiter.engine.extension.TimeoutExtension.intercept(TimeoutExtension.java:156) ~[junit-jupiter-engine-5.9.2.jar:5.9.2]
	at org.junit.jupiter.engine.extension.TimeoutExtension.interceptLifecycleMethod(TimeoutExtension.java:128) ~[junit-jupiter-engine-5.9.2.jar:5.9.2]
	at org.junit.jupiter.engine.extension.TimeoutExtension.interceptBeforeEachMethod(TimeoutExtension.java:78) ~[junit-jupiter-engine-5.9.2.jar:5.9.2]
	at org.junit.jupiter.engine.execution.InterceptingExecutableInvoker$ReflectiveInterceptorCall.lambda$ofVoidMethod$0(InterceptingExecutableInvoker.java:103) ~[junit-jupiter-engine-5.9.2.jar:5.9.2]
	at org.junit.jupiter.engine.execution.InterceptingExecutableInvoker.lambda$invoke$0(InterceptingExecutableInvoker.java:93) ~[junit-jupiter-engine-5.9.2.jar:5.9.2]
	at org.junit.jupiter.engine.execution.InvocationInterceptorChain$InterceptedInvocation.proceed(InvocationInterceptorChain.java:106) ~[junit-jupiter-engine-5.9.2.jar:5.9.2]
	at org.junit.jupiter.engine.execution.InvocationInterceptorChain.proceed(InvocationInterceptorChain.java:64) ~[junit-jupiter-engine-5.9.2.jar:5.9.2]
	at org.junit.jupiter.engine.execution.InvocationInterceptorChain.chainAndInvoke(InvocationInterceptorChain.java:45) ~[junit-jupiter-engine-5.9.2.jar:5.9.2]
	at org.junit.jupiter.engine.execution.InvocationInterceptorChain.invoke(InvocationInterceptorChain.java:37) ~[junit-jupiter-engine-5.9.2.jar:5.9.2]
	at org.junit.jupiter.engine.execution.InterceptingExecutableInvoker.invoke(InterceptingExecutableInvoker.java:92) ~[junit-jupiter-engine-5.9.2.jar:5.9.2]
	at org.junit.jupiter.engine.execution.InterceptingExecutableInvoker.invoke(InterceptingExecutableInvoker.java:86) ~[junit-jupiter-engine-5.9.2.jar:5.9.2]
	at org.junit.jupiter.engine.descriptor.ClassBasedTestDescriptor.invokeMethodInExtensionContext(ClassBasedTestDescriptor.java:520) ~[junit-jupiter-engine-5.9.2.jar:5.9.2]
	at org.junit.jupiter.engine.descriptor.ClassBasedTestDescriptor.lambda$synthesizeBeforeEachMethodAdapter$23(ClassBasedTestDescriptor.java:505) ~[junit-jupiter-engine-5.9.2.jar:5.9.2]
	at org.junit.jupiter.engine.descriptor.TestMethodTestDescriptor.lambda$invokeBeforeEachMethods$3(TestMethodTestDescriptor.java:174) ~[junit-jupiter-engine-5.9.2.jar:5.9.2]
	at org.junit.jupiter.engine.descriptor.TestMethodTestDescriptor.lambda$invokeBeforeMethodsOrCallbacksUntilExceptionOccurs$6(TestMethodTestDescriptor.java:202) ~[junit-jupiter-engine-5.9.2.jar:5.9.2]
	at org.junit.platform.engine.support.hierarchical.ThrowableCollector.execute(ThrowableCollector.java:73) ~[junit-platform-engine-1.9.2.jar:1.9.2]
	at org.junit.jupiter.engine.descriptor.TestMethodTestDescriptor.invokeBeforeMethodsOrCallbacksUntilExceptionOccurs(TestMethodTestDescriptor.java:202) ~[junit-jupiter-engine-5.9.2.jar:5.9.2]
	at org.junit.jupiter.engine.descriptor.TestMethodTestDescriptor.invokeBeforeEachMethods(TestMethodTestDescriptor.java:171) ~[junit-jupiter-engine-5.9.2.jar:5.9.2]
	at org.junit.jupiter.engine.descriptor.TestMethodTestDescriptor.execute(TestMethodTestDescriptor.java:134) ~[junit-jupiter-engine-5.9.2.jar:5.9.2]
	at org.junit.jupiter.engine.descriptor.TestMethodTestDescriptor.execute(TestMethodTestDescriptor.java:68) ~[junit-jupiter-engine-5.9.2.jar:5.9.2]
	at org.junit.platform.engine.support.hierarchical.NodeTestTask.lambda$executeRecursively$6(NodeTestTask.java:151) ~[junit-platform-engine-1.9.2.jar:1.9.2]
	at org.junit.platform.engine.support.hierarchical.ThrowableCollector.execute(ThrowableCollector.java:73) ~[junit-platform-engine-1.9.2.jar:1.9.2]
	at org.junit.platform.engine.support.hierarchical.NodeTestTask.lambda$executeRecursively$8(NodeTestTask.java:141) ~[junit-platform-engine-1.9.2.jar:1.9.2]
	at org.junit.platform.engine.support.hierarchical.Node.around(Node.java:137) ~[junit-platform-engine-1.9.2.jar:1.9.2]
	at org.junit.platform.engine.support.hierarchical.NodeTestTask.lambda$executeRecursively$9(NodeTestTask.java:139) ~[junit-platform-engine-1.9.2.jar:1.9.2]
	at org.junit.platform.engine.support.hierarchical.ThrowableCollector.execute(ThrowableCollector.java:73) ~[junit-platform-engine-1.9.2.jar:1.9.2]
	at org.junit.platform.engine.support.hierarchical.NodeTestTask.executeRecursively(NodeTestTask.java:138) ~[junit-platform-engine-1.9.2.jar:1.9.2]
	at org.junit.platform.engine.support.hierarchical.NodeTestTask.execute(NodeTestTask.java:95) ~[junit-platform-engine-1.9.2.jar:1.9.2]
	at java.base/java.util.ArrayList.forEach(ArrayList.java:1511) ~[na:na]
	at org.junit.platform.engine.support.hierarchical.SameThreadHierarchicalTestExecutorService.invokeAll(SameThreadHierarchicalTestExecutorService.java:41) ~[junit-platform-engine-1.9.2.jar:1.9.2]
	at org.junit.platform.engine.support.hierarchical.NodeTestTask.lambda$executeRecursively$6(NodeTestTask.java:155) ~[junit-platform-engine-1.9.2.jar:1.9.2]
	at org.junit.platform.engine.support.hierarchical.ThrowableCollector.execute(ThrowableCollector.java:73) ~[junit-platform-engine-1.9.2.jar:1.9.2]
	at org.junit.platform.engine.support.hierarchical.NodeTestTask.lambda$executeRecursively$8(NodeTestTask.java:141) ~[junit-platform-engine-1.9.2.jar:1.9.2]
	at org.junit.platform.engine.support.hierarchical.Node.around(Node.java:137) ~[junit-platform-engine-1.9.2.jar:1.9.2]
	at org.junit.platform.engine.support.hierarchical.NodeTestTask.lambda$executeRecursively$9(NodeTestTask.java:139) ~[junit-platform-engine-1.9.2.jar:1.9.2]
	at org.junit.platform.engine.support.hierarchical.ThrowableCollector.execute(ThrowableCollector.java:73) ~[junit-platform-engine-1.9.2.jar:1.9.2]
	at org.junit.platform.engine.support.hierarchical.NodeTestTask.executeRecursively(NodeTestTask.java:138) ~[junit-platform-engine-1.9.2.jar:1.9.2]
	at org.junit.platform.engine.support.hierarchical.NodeTestTask.execute(NodeTestTask.java:95) ~[junit-platform-engine-1.9.2.jar:1.9.2]
	at java.base/java.util.ArrayList.forEach(ArrayList.java:1511) ~[na:na]
	at org.junit.platform.engine.support.hierarchical.SameThreadHierarchicalTestExecutorService.invokeAll(SameThreadHierarchicalTestExecutorService.java:41) ~[junit-platform-engine-1.9.2.jar:1.9.2]
	at org.junit.platform.engine.support.hierarchical.NodeTestTask.lambda$executeRecursively$6(NodeTestTask.java:155) ~[junit-platform-engine-1.9.2.jar:1.9.2]
	at org.junit.platform.engine.support.hierarchical.ThrowableCollector.execute(ThrowableCollector.java:73) ~[junit-platform-engine-1.9.2.jar:1.9.2]
	at org.junit.platform.engine.support.hierarchical.NodeTestTask.lambda$executeRecursively$8(NodeTestTask.java:141) ~[junit-platform-engine-1.9.2.jar:1.9.2]
	at org.junit.platform.engine.support.hierarchical.Node.around(Node.java:137) ~[junit-platform-engine-1.9.2.jar:1.9.2]
	at org.junit.platform.engine.support.hierarchical.NodeTestTask.lambda$executeRecursively$9(NodeTestTask.java:139) ~[junit-platform-engine-1.9.2.jar:1.9.2]
	at org.junit.platform.engine.support.hierarchical.ThrowableCollector.execute(ThrowableCollector.java:73) ~[junit-platform-engine-1.9.2.jar:1.9.2]
	at org.junit.platform.engine.support.hierarchical.NodeTestTask.executeRecursively(NodeTestTask.java:138) ~[junit-platform-engine-1.9.2.jar:1.9.2]
	at org.junit.platform.engine.support.hierarchical.NodeTestTask.execute(NodeTestTask.java:95) ~[junit-platform-engine-1.9.2.jar:1.9.2]
	at org.junit.platform.engine.support.hierarchical.SameThreadHierarchicalTestExecutorService.submit(SameThreadHierarchicalTestExecutorService.java:35) ~[junit-platform-engine-1.9.2.jar:1.9.2]
	at org.junit.platform.engine.support.hierarchical.HierarchicalTestExecutor.execute(HierarchicalTestExecutor.java:57) ~[junit-platform-engine-1.9.2.jar:1.9.2]
	at org.junit.platform.engine.support.hierarchical.HierarchicalTestEngine.execute(HierarchicalTestEngine.java:54) ~[junit-platform-engine-1.9.2.jar:1.9.2]
	at org.junit.platform.launcher.core.DefaultLauncher.execute(DefaultLauncher.java:220) ~[junit-platform-launcher-1.3.1.jar:1.3.1]
	at org.junit.platform.launcher.core.DefaultLauncher.lambda$execute$6(DefaultLauncher.java:188) ~[junit-platform-launcher-1.3.1.jar:1.3.1]
	at org.junit.platform.launcher.core.DefaultLauncher.withInterceptedStreams(DefaultLauncher.java:202) ~[junit-platform-launcher-1.3.1.jar:1.3.1]
	at org.junit.platform.launcher.core.DefaultLauncher.execute(DefaultLauncher.java:181) ~[junit-platform-launcher-1.3.1.jar:1.3.1]
	at org.junit.platform.launcher.core.DefaultLauncher.execute(DefaultLauncher.java:128) ~[junit-platform-launcher-1.3.1.jar:1.3.1]
	at org.apache.maven.surefire.junitplatform.JUnitPlatformProvider.invokeAllTests(JUnitPlatformProvider.java:150) ~[surefire-junit-platform-2.22.2.jar:2.22.2]
	at org.apache.maven.surefire.junitplatform.JUnitPlatformProvider.invoke(JUnitPlatformProvider.java:124) ~[surefire-junit-platform-2.22.2.jar:2.22.2]
	at org.apache.maven.surefire.booter.ForkedBooter.invokeProviderInSameClassLoader(ForkedBooter.java:384) ~[surefire-booter-2.22.2.jar:2.22.2]
	at org.apache.maven.surefire.booter.ForkedBooter.runSuitesInProcess(ForkedBooter.java:345) ~[surefire-booter-2.22.2.jar:2.22.2]
	at org.apache.maven.surefire.booter.ForkedBooter.execute(ForkedBooter.java:126) ~[surefire-booter-2.22.2.jar:2.22.2]
	at org.apache.maven.surefire.booter.ForkedBooter.main(ForkedBooter.java:418) ~[surefire-booter-2.22.2.jar:2.22.2]

2023-11-28T22:11:59.557-05:00 DEBUG 27472 --- [           main] org.springframework.test.context.cache   : Spring test ApplicationContext cache statistics: [DefaultContextCache@8caffbd size = 5, maxSize = 32, parentContextCount = 0, hitCount = 633, missCount = 5]
2023-11-28T22:11:59.557-05:00 DEBUG 27472 --- [           main] org.springframework.test.context.cache   : Spring test ApplicationContext cache statistics: [DefaultContextCache@8caffbd size = 5, maxSize = 32, parentContextCount = 0, hitCount = 634, missCount = 5]
2023-11-28T22:11:59.557-05:00 DEBUG 27472 --- [           main] org.springframework.test.context.cache   : Spring test ApplicationContext cache statistics: [DefaultContextCache@8caffbd size = 5, maxSize = 32, parentContextCount = 0, hitCount = 635, missCount = 5]
2023-11-28T22:11:59.557-05:00 DEBUG 27472 --- [           main] org.springframework.test.context.cache   : Spring test ApplicationContext cache statistics: [DefaultContextCache@8caffbd size = 5, maxSize = 32, parentContextCount = 0, hitCount = 636, missCount = 5]
2023-11-28T22:11:59.557-05:00 DEBUG 27472 --- [           main] org.springframework.test.context.cache   : Spring test ApplicationContext cache statistics: [DefaultContextCache@8caffbd size = 5, maxSize = 32, parentContextCount = 0, hitCount = 637, missCount = 5]
2023-11-28T22:11:59.557-05:00 DEBUG 27472 --- [           main] org.springframework.test.context.cache   : Spring test ApplicationContext cache statistics: [DefaultContextCache@8caffbd size = 5, maxSize = 32, parentContextCount = 0, hitCount = 638, missCount = 5]
2023-11-28T22:11:59.557-05:00 DEBUG 27472 --- [           main] o.s.orm.jpa.JpaTransactionManager        : Initiating transaction rollback
2023-11-28T22:11:59.557-05:00 DEBUG 27472 --- [           main] o.s.orm.jpa.JpaTransactionManager        : Rolling back JPA transaction on EntityManager [SessionImpl(309711131<open>)]
2023-11-28T22:11:59.557-05:00 DEBUG 27472 --- [           main] o.h.e.t.internal.TransactionImpl         : rolling back
2023-11-28T22:11:59.557-05:00 DEBUG 27472 --- [           main] org.postgresql.jdbc.PgConnection         : Rollback requested but no transaction in progress
2023-11-28T22:11:59.557-05:00 DEBUG 27472 --- [           main] org.postgresql.jdbc.PgConnection         :   setAutoCommit = true
2023-11-28T22:11:59.557-05:00 DEBUG 27472 --- [           main] o.s.orm.jpa.JpaTransactionManager        : Closing JPA EntityManager [SessionImpl(309711131<open>)] after transaction
2023-11-28T22:11:59.557-05:00 DEBUG 27472 --- [           main] o.s.t.c.transaction.TransactionContext   : Rolled back transaction (1) for test class [com.cash_flow_app.apicashflow.service.IncomeExpenseServiceTest]; test method [getIncomesByAccountIdAndDate]
2023-11-28T22:11:59.557-05:00 DEBUG 27472 --- [           main] tractDirtiesContextTestExecutionListener : After test method: class [IncomeExpenseServiceTest], method [getIncomesByAccountIdAndDate], class annotated with @DirtiesContext [false] with mode [null], method annotated with @DirtiesContext [false] with mode [null]
2023-11-28T22:11:59.557-05:00 DEBUG 27472 --- [           main] o.s.t.c.w.ServletTestExecutionListener   : Resetting RequestContextHolder for test class com.cash_flow_app.apicashflow.service.IncomeExpenseServiceTest
]]></system-out>
  </testcase>
</testsuite>